2024-11-04 12:14:51.120 [info] [main] Log level: Info
2024-11-04 12:14:51.120 [info] [main] Validating found git in: "git"
2024-11-04 12:14:51.120 [info] [main] Using git "2.47.0" from "git"
2024-11-04 12:14:51.120 [info] [Model][doInitialScan] Initial repository scan started
2024-11-04 12:14:51.120 [info] [Model][doInitialScan] Initial repository scan completed - repositories (0), closed repositories (0), parent repositories (0), unsafe repositories (0)
2024-11-04 12:15:05.374 [info] [main] Log level: Info
2024-11-04 12:15:05.374 [info] [main] Validating found git in: "git"
2024-11-04 12:15:05.374 [info] [main] Using git "2.47.0" from "git"
2024-11-04 12:15:05.374 [info] [Model][doInitialScan] Initial repository scan started
2024-11-04 12:15:05.374 [info] > git rev-parse --show-toplevel [9ms]
2024-11-04 12:15:05.377 [info] > git rev-parse --git-dir --git-common-dir [12ms]
2024-11-04 12:15:05.403 [info] [Model][openRepository] Opened repository: /home/bicutoru/Documents/AtlasFinanceApp/AtlasFx-AppBase
2024-11-04 12:15:05.489 [info] > git rev-parse --show-toplevel [27ms]
2024-11-04 12:15:05.491 [info] > git config --get commit.template [39ms]
2024-11-04 12:15:05.760 [info] > git rev-parse --show-toplevel [184ms]
2024-11-04 12:15:05.816 [info] > git rev-parse --show-toplevel [10ms]
2024-11-04 12:15:05.817 [info] > git for-each-ref --format=%(refname)%00%(upstream:short)%00%(objectname)%00%(upstream:track)%00%(upstream:remotename)%00%(upstream:remoteref) refs/heads/FEAT/Home refs/remotes/FEAT/Home [87ms]
2024-11-04 12:15:05.847 [info] > git rev-parse --show-toplevel [10ms]
2024-11-04 12:15:05.889 [info] > git rev-parse --show-toplevel [2ms]
2024-11-04 12:15:05.889 [info] [Model][doInitialScan] Initial repository scan completed - repositories (1), closed repositories (0), parent repositories (0), unsafe repositories (0)
2024-11-04 12:15:05.941 [info] > git status -z -uall [69ms]
2024-11-04 12:15:06.087 [info] > git check-ignore -v -z --stdin [19ms]
2024-11-04 12:15:06.090 [info] > git for-each-ref --format=%(refname)%00%(upstream:short)%00%(objectname)%00%(upstream:track)%00%(upstream:remotename)%00%(upstream:remoteref) refs/heads/FEAT/Home refs/remotes/FEAT/Home [76ms]
2024-11-04 12:15:06.109 [info] > git config --local branch.FEAT/Home.vscode-merge-base [2ms]
2024-11-04 12:15:06.127 [info] > git config --get commit.template [40ms]
2024-11-04 12:15:06.149 [info] > git for-each-ref --format=%(refname)%00%(upstream:short)%00%(objectname)%00%(upstream:track)%00%(upstream:remotename)%00%(upstream:remoteref) refs/heads/FEAT/Home refs/remotes/FEAT/Home [5ms]
2024-11-04 12:15:06.150 [info] > git for-each-ref --format=%(refname)%00%(upstream:short)%00%(objectname)%00%(upstream:track)%00%(upstream:remotename)%00%(upstream:remoteref) refs/heads/origin/main refs/remotes/origin/main [23ms]
2024-11-04 12:15:06.241 [info] > git merge-base refs/heads/FEAT/Home refs/remotes/origin/FEAT/Home [71ms]
2024-11-04 12:15:06.306 [info] > git rev-list --count --left-right refs/heads/FEAT/Home...refs/remotes/origin/FEAT/Home [40ms]
2024-11-04 12:15:06.330 [info] > git status -z -uall [38ms]
2024-11-04 12:15:06.375 [info] > git for-each-ref --format=%(refname)%00%(upstream:short)%00%(objectname)%00%(upstream:track)%00%(upstream:remotename)%00%(upstream:remoteref) refs/heads/FEAT/Home refs/remotes/FEAT/Home [12ms]
2024-11-04 12:15:06.401 [info] > git diff --name-status -z --diff-filter=ADMR 10ec14ec129014136e67f5f17f631746f6306dbd...refs/remotes/origin/FEAT/Home [75ms]
2024-11-04 12:15:06.468 [info] > git config --local branch.FEAT/Home.vscode-merge-base [68ms]
2024-11-04 12:15:06.507 [info] > git for-each-ref --format=%(refname)%00%(upstream:short)%00%(objectname)%00%(upstream:track)%00%(upstream:remotename)%00%(upstream:remoteref) refs/heads/origin/main refs/remotes/origin/main [23ms]
2024-11-04 12:15:07.628 [info] > git show --textconv :src/app/(home)/pixArea/home/index.tsx [16ms]
2024-11-04 12:15:07.631 [info] > git ls-files --stage -- /home/bicutoru/Documents/AtlasFinanceApp/AtlasFx-AppBase/src/app/(home)/pixArea/home/index.tsx [3ms]
2024-11-04 12:15:07.644 [info] > git cat-file -s d6db7d3c37445e75b547edbde175adfe8fcc368f [3ms]
2024-11-04 12:23:30.908 [info] > git config --get commit.template [13ms]
2024-11-04 12:23:30.919 [info] > git ls-files --stage -- /home/bicutoru/Documents/AtlasFinanceApp/AtlasFx-AppBase/src/app/(home)/pixArea/home/index.tsx [13ms]
2024-11-04 12:23:30.927 [info] > git for-each-ref --format=%(refname)%00%(upstream:short)%00%(objectname)%00%(upstream:track)%00%(upstream:remotename)%00%(upstream:remoteref) refs/heads/FEAT/Extract refs/remotes/FEAT/Extract [10ms]
2024-11-04 12:23:30.929 [info] > git cat-file -s c454a89b42c7db0a20c4cc1d7ec4fdeb2f53d163 [2ms]
2024-11-04 12:23:30.948 [info] > git show --textconv :src/app/(home)/pixArea/home/index.tsx [2ms]
2024-11-04 12:23:31.359 [info] > git status -z -uall [421ms]
2024-11-04 12:23:31.369 [info] > git for-each-ref --format=%(refname)%00%(upstream:short)%00%(objectname)%00%(upstream:track)%00%(upstream:remotename)%00%(upstream:remoteref) refs/heads/FEAT/Extract refs/remotes/FEAT/Extract [4ms]
2024-11-04 12:23:31.378 [info] > git config --local branch.FEAT/Extract.vscode-merge-base [1ms]
2024-11-04 12:23:31.386 [info] > git for-each-ref --format=%(refname)%00%(upstream:short)%00%(objectname)%00%(upstream:track)%00%(upstream:remotename)%00%(upstream:remoteref) refs/heads/origin/main refs/remotes/origin/main [1ms]
2024-11-04 12:23:31.393 [info] > git merge-base refs/heads/FEAT/Extract refs/remotes/origin/FEAT/Extract [1ms]
2024-11-04 12:23:31.412 [info] > git rev-list --count --left-right refs/heads/FEAT/Extract...refs/remotes/origin/FEAT/Extract [13ms]
2024-11-04 12:23:31.423 [info] > git diff --name-status -z --diff-filter=ADMR 88b86cca01a2245b78063b0386c1df4d092f8847...refs/remotes/origin/FEAT/Extract [2ms]
2024-11-04 13:26:54.747 [info] > git check-ignore -v -z --stdin [1ms]
2024-11-04 13:26:59.665 [info] > git check-ignore -v -z --stdin [1ms]
2024-11-04 13:27:02.521 [info] > git check-ignore -v -z --stdin [2ms]
2024-11-04 13:27:03.678 [info] > git show --textconv :src/app/(home)/extract/index.tsx [15ms]
2024-11-04 13:27:03.683 [info] > git ls-files --stage -- /home/bicutoru/Documents/AtlasFinanceApp/AtlasFx-AppBase/src/app/(home)/extract/index.tsx [6ms]
2024-11-04 13:27:03.701 [info] > git cat-file -s 6273aee7ec5f50be68e3ee8ed75f32be14af7e0b [3ms]
2024-11-04 13:28:53.842 [info] > git config --get commit.template [10ms]
2024-11-04 13:28:53.842 [info] > git for-each-ref --format=%(refname)%00%(upstream:short)%00%(objectname)%00%(upstream:track)%00%(upstream:remotename)%00%(upstream:remoteref) refs/heads/FEAT/Extract refs/remotes/FEAT/Extract [2ms]
2024-11-04 13:28:54.285 [info] > git status -z -uall [436ms]
2024-11-04 13:28:54.294 [info] > git for-each-ref --format=%(refname)%00%(upstream:short)%00%(objectname)%00%(upstream:track)%00%(upstream:remotename)%00%(upstream:remoteref) refs/heads/FEAT/Extract refs/remotes/FEAT/Extract [2ms]
2024-11-04 13:28:54.304 [info] > git config --local branch.FEAT/Extract.vscode-merge-base [2ms]
2024-11-04 13:28:54.312 [info] > git for-each-ref --format=%(refname)%00%(upstream:short)%00%(objectname)%00%(upstream:track)%00%(upstream:remotename)%00%(upstream:remoteref) refs/heads/origin/main refs/remotes/origin/main [1ms]
2024-11-04 13:40:47.612 [info] > git check-ignore -v -z --stdin [7ms]
2024-11-04 14:02:23.374 [info] > git config --get commit.template [16ms]
2024-11-04 14:02:23.383 [info] > git for-each-ref --format=%(refname)%00%(upstream:short)%00%(objectname)%00%(upstream:track)%00%(upstream:remotename)%00%(upstream:remoteref) refs/heads/FEAT/Extract refs/remotes/FEAT/Extract [10ms]
2024-11-04 14:02:23.857 [info] > git status -z -uall [464ms]
2024-11-04 14:02:23.869 [info] > git for-each-ref --format=%(refname)%00%(upstream:short)%00%(objectname)%00%(upstream:track)%00%(upstream:remotename)%00%(upstream:remoteref) refs/heads/FEAT/Extract refs/remotes/FEAT/Extract [3ms]
2024-11-04 14:02:23.885 [info] > git config --local branch.FEAT/Extract.vscode-merge-base [3ms]
2024-11-04 14:02:23.893 [info] > git for-each-ref --format=%(refname)%00%(upstream:short)%00%(objectname)%00%(upstream:track)%00%(upstream:remotename)%00%(upstream:remoteref) refs/heads/origin/main refs/remotes/origin/main [2ms]
2024-11-04 14:26:19.963 [info] > git config --get commit.template [28ms]
2024-11-04 14:26:19.969 [info] > git for-each-ref --format=%(refname)%00%(upstream:short)%00%(objectname)%00%(upstream:track)%00%(upstream:remotename)%00%(upstream:remoteref) refs/heads/FEAT/Extract refs/remotes/FEAT/Extract [9ms]
2024-11-04 14:26:20.465 [info] > git status -z -uall [486ms]
2024-11-04 14:26:20.478 [info] > git for-each-ref --format=%(refname)%00%(upstream:short)%00%(objectname)%00%(upstream:track)%00%(upstream:remotename)%00%(upstream:remoteref) refs/heads/FEAT/Extract refs/remotes/FEAT/Extract [2ms]
2024-11-04 14:26:20.491 [info] > git config --local branch.FEAT/Extract.vscode-merge-base [2ms]
2024-11-04 14:26:20.502 [info] > git for-each-ref --format=%(refname)%00%(upstream:short)%00%(objectname)%00%(upstream:track)%00%(upstream:remotename)%00%(upstream:remoteref) refs/heads/origin/main refs/remotes/origin/main [2ms]
2024-11-04 15:08:13.797 [info] > git config --get commit.template [4ms]
2024-11-04 15:08:13.807 [info] > git for-each-ref --format=%(refname)%00%(upstream:short)%00%(objectname)%00%(upstream:track)%00%(upstream:remotename)%00%(upstream:remoteref) refs/heads/FEAT/Extract refs/remotes/FEAT/Extract [3ms]
2024-11-04 15:08:14.234 [info] > git status -z -uall [420ms]
2024-11-04 15:08:14.244 [info] > git for-each-ref --format=%(refname)%00%(upstream:short)%00%(objectname)%00%(upstream:track)%00%(upstream:remotename)%00%(upstream:remoteref) refs/heads/FEAT/Extract refs/remotes/FEAT/Extract [3ms]
2024-11-04 15:08:14.252 [info] > git config --local branch.FEAT/Extract.vscode-merge-base [1ms]
2024-11-04 15:08:14.260 [info] > git for-each-ref --format=%(refname)%00%(upstream:short)%00%(objectname)%00%(upstream:track)%00%(upstream:remotename)%00%(upstream:remoteref) refs/heads/origin/main refs/remotes/origin/main [1ms]
2024-11-04 15:08:42.909 [info] > git check-ignore -v -z --stdin [14ms]
2024-11-04 15:09:23.391 [info] > git config --get commit.template [21ms]
2024-11-04 15:09:23.396 [info] > git for-each-ref --format=%(refname)%00%(upstream:short)%00%(objectname)%00%(upstream:track)%00%(upstream:remotename)%00%(upstream:remoteref) refs/heads/FEAT/Extract refs/remotes/FEAT/Extract [7ms]
2024-11-04 15:09:23.806 [info] > git status -z -uall [396ms]
2024-11-04 15:09:23.817 [info] > git for-each-ref --format=%(refname)%00%(upstream:short)%00%(objectname)%00%(upstream:track)%00%(upstream:remotename)%00%(upstream:remoteref) refs/heads/FEAT/Extract refs/remotes/FEAT/Extract [2ms]
2024-11-04 15:09:23.825 [info] > git config --local branch.FEAT/Extract.vscode-merge-base [3ms]
2024-11-04 15:09:23.834 [info] > git for-each-ref --format=%(refname)%00%(upstream:short)%00%(objectname)%00%(upstream:track)%00%(upstream:remotename)%00%(upstream:remoteref) refs/heads/origin/main refs/remotes/origin/main [2ms]
2024-11-04 15:11:26.671 [info] > git config --get commit.template [15ms]
2024-11-04 15:11:26.672 [info] > git for-each-ref --format=%(refname)%00%(upstream:short)%00%(objectname)%00%(upstream:track)%00%(upstream:remotename)%00%(upstream:remoteref) refs/heads/FEAT/Extract refs/remotes/FEAT/Extract [3ms]
2024-11-04 15:11:27.147 [info] > git status -z -uall [459ms]
2024-11-04 15:11:27.160 [info] > git for-each-ref --format=%(refname)%00%(upstream:short)%00%(objectname)%00%(upstream:track)%00%(upstream:remotename)%00%(upstream:remoteref) refs/heads/FEAT/Extract refs/remotes/FEAT/Extract [4ms]
2024-11-04 15:11:27.171 [info] > git config --local branch.FEAT/Extract.vscode-merge-base [2ms]
2024-11-04 15:11:27.180 [info] > git for-each-ref --format=%(refname)%00%(upstream:short)%00%(objectname)%00%(upstream:track)%00%(upstream:remotename)%00%(upstream:remoteref) refs/heads/origin/main refs/remotes/origin/main [2ms]
2024-11-04 15:13:03.666 [info] > git show --textconv :src/app/(home)/extract/index.tsx [9ms]
2024-11-04 15:13:03.668 [info] > git ls-files --stage -- /home/bicutoru/Documents/AtlasFinanceApp/AtlasFx-AppBase/src/app/(home)/extract/index.tsx [1ms]
2024-11-04 15:13:03.680 [info] > git cat-file -s 6273aee7ec5f50be68e3ee8ed75f32be14af7e0b [3ms]
2024-11-04 15:15:28.054 [info] > git check-ignore -v -z --stdin [5ms]
2024-11-04 15:15:29.228 [info] > git show --textconv :src/app/(home)/extract/index.tsx [21ms]
2024-11-04 15:15:29.235 [info] > git ls-files --stage -- /home/bicutoru/Documents/AtlasFinanceApp/AtlasFx-AppBase/src/app/(home)/extract/index.tsx [8ms]
2024-11-04 15:15:29.273 [info] > git cat-file -s 6273aee7ec5f50be68e3ee8ed75f32be14af7e0b [12ms]
2024-11-04 15:18:01.029 [info] > git show --textconv :src/components/ButtonMenu/index.tsx [12ms]
2024-11-04 15:18:01.032 [info] > git ls-files --stage -- /home/bicutoru/Documents/AtlasFinanceApp/AtlasFx-AppBase/src/components/ButtonMenu/index.tsx [6ms]
2024-11-04 15:18:01.050 [info] > git cat-file -s 9a967815bd6e5540d568025c61085cc1b3fe73bd [4ms]
2024-11-04 15:18:01.386 [info] > git check-ignore -v -z --stdin [6ms]
2024-11-04 15:18:09.565 [info] > git show --textconv :src/app/(home)/pixArea/home/style.ts [8ms]
2024-11-04 15:18:09.566 [info] > git ls-files --stage -- /home/bicutoru/Documents/AtlasFinanceApp/AtlasFx-AppBase/src/app/(home)/pixArea/home/style.ts [2ms]
2024-11-04 15:18:09.576 [info] > git cat-file -s ee066f2169df9b05222f2af27c308afd975ede1b [2ms]
2024-11-04 15:18:10.308 [info] > git show --textconv :src/components/ButtonMenu/style.ts [10ms]
2024-11-04 15:18:10.310 [info] > git ls-files --stage -- /home/bicutoru/Documents/AtlasFinanceApp/AtlasFx-AppBase/src/components/ButtonMenu/style.ts [2ms]
2024-11-04 15:18:10.320 [info] > git cat-file -s 37a3f6a2210c1115ad0b768426476ca950ed94ed [2ms]
2024-11-04 15:18:13.131 [info] > git show --textconv :src/components/ButtonMenu/index.tsx [13ms]
2024-11-04 15:18:13.135 [info] > git ls-files --stage -- /home/bicutoru/Documents/AtlasFinanceApp/AtlasFx-AppBase/src/components/ButtonMenu/index.tsx [5ms]
2024-11-04 15:18:13.145 [info] > git cat-file -s 9a967815bd6e5540d568025c61085cc1b3fe73bd [1ms]
2024-11-04 15:18:14.872 [info] > git show --textconv :src/app/(home)/extract/index.tsx [26ms]
2024-11-04 15:18:14.873 [info] > git ls-files --stage -- /home/bicutoru/Documents/AtlasFinanceApp/AtlasFx-AppBase/src/app/(home)/extract/index.tsx [15ms]
2024-11-04 15:18:14.886 [info] > git cat-file -s 6273aee7ec5f50be68e3ee8ed75f32be14af7e0b [3ms]
2024-11-04 15:18:47.266 [info] > git config --get commit.template [6ms]
2024-11-04 15:18:47.267 [info] > git for-each-ref --format=%(refname)%00%(upstream:short)%00%(objectname)%00%(upstream:track)%00%(upstream:remotename)%00%(upstream:remoteref) refs/heads/FEAT/Extract refs/remotes/FEAT/Extract [2ms]
2024-11-04 15:18:47.671 [info] > git status -z -uall [398ms]
2024-11-04 15:18:47.679 [info] > git for-each-ref --format=%(refname)%00%(upstream:short)%00%(objectname)%00%(upstream:track)%00%(upstream:remotename)%00%(upstream:remoteref) refs/heads/FEAT/Extract refs/remotes/FEAT/Extract [2ms]
2024-11-04 15:18:47.689 [info] > git config --local branch.FEAT/Extract.vscode-merge-base [3ms]
2024-11-04 15:18:47.696 [info] > git for-each-ref --format=%(refname)%00%(upstream:short)%00%(objectname)%00%(upstream:track)%00%(upstream:remotename)%00%(upstream:remoteref) refs/heads/origin/main refs/remotes/origin/main [1ms]
2024-11-04 15:19:15.582 [info] > git show --textconv :src/context/ExtractContext.tsx [44ms]
2024-11-04 15:19:15.588 [info] > git ls-files --stage -- /home/bicutoru/Documents/AtlasFinanceApp/AtlasFx-AppBase/src/context/ExtractContext.tsx [16ms]
2024-11-04 15:19:15.618 [info] > git cat-file -s 2c88cc8461d5cc663515fa68664eb95006e81778 [3ms]
2024-11-04 15:19:15.842 [info] > git check-ignore -v -z --stdin [4ms]
2024-11-04 15:19:54.613 [info] > git config --get commit.template [17ms]
2024-11-04 15:19:54.614 [info] > git for-each-ref --format=%(refname)%00%(upstream:short)%00%(objectname)%00%(upstream:track)%00%(upstream:remotename)%00%(upstream:remoteref) refs/heads/FEAT/Extract refs/remotes/FEAT/Extract [6ms]
2024-11-04 15:19:55.075 [info] > git status -z -uall [446ms]
2024-11-04 15:19:55.090 [info] > git for-each-ref --format=%(refname)%00%(upstream:short)%00%(objectname)%00%(upstream:track)%00%(upstream:remotename)%00%(upstream:remoteref) refs/heads/FEAT/Extract refs/remotes/FEAT/Extract [3ms]
2024-11-04 15:19:55.102 [info] > git config --local branch.FEAT/Extract.vscode-merge-base [3ms]
2024-11-04 15:19:55.113 [info] > git for-each-ref --format=%(refname)%00%(upstream:short)%00%(objectname)%00%(upstream:track)%00%(upstream:remotename)%00%(upstream:remoteref) refs/heads/origin/main refs/remotes/origin/main [2ms]
2024-11-04 15:20:44.667 [info] > git config --get commit.template [3ms]
2024-11-04 15:20:44.679 [info] > git for-each-ref --format=%(refname)%00%(upstream:short)%00%(objectname)%00%(upstream:track)%00%(upstream:remotename)%00%(upstream:remoteref) refs/heads/FEAT/Extract refs/remotes/FEAT/Extract [2ms]
2024-11-04 15:20:45.189 [info] > git status -z -uall [498ms]
2024-11-04 15:20:45.211 [info] > git for-each-ref --format=%(refname)%00%(upstream:short)%00%(objectname)%00%(upstream:track)%00%(upstream:remotename)%00%(upstream:remoteref) refs/heads/FEAT/Extract refs/remotes/FEAT/Extract [7ms]
2024-11-04 15:20:45.231 [info] > git config --local branch.FEAT/Extract.vscode-merge-base [2ms]
2024-11-04 15:20:45.244 [info] > git for-each-ref --format=%(refname)%00%(upstream:short)%00%(objectname)%00%(upstream:track)%00%(upstream:remotename)%00%(upstream:remoteref) refs/heads/origin/main refs/remotes/origin/main [2ms]
2024-11-04 15:21:37.068 [info] > git config --get commit.template [9ms]
2024-11-04 15:21:37.069 [info] > git for-each-ref --format=%(refname)%00%(upstream:short)%00%(objectname)%00%(upstream:track)%00%(upstream:remotename)%00%(upstream:remoteref) refs/heads/FEAT/Extract refs/remotes/FEAT/Extract [2ms]
2024-11-04 15:21:37.685 [info] > git status -z -uall [608ms]
2024-11-04 15:21:37.699 [info] > git for-each-ref --format=%(refname)%00%(upstream:short)%00%(objectname)%00%(upstream:track)%00%(upstream:remotename)%00%(upstream:remoteref) refs/heads/FEAT/Extract refs/remotes/FEAT/Extract [3ms]
2024-11-04 15:21:37.713 [info] > git config --local branch.FEAT/Extract.vscode-merge-base [4ms]
2024-11-04 15:21:37.726 [info] > git for-each-ref --format=%(refname)%00%(upstream:short)%00%(objectname)%00%(upstream:track)%00%(upstream:remotename)%00%(upstream:remoteref) refs/heads/origin/main refs/remotes/origin/main [2ms]
2024-11-04 15:23:17.553 [info] > git config --get commit.template [6ms]
2024-11-04 15:23:17.582 [info] > git for-each-ref --format=%(refname)%00%(upstream:short)%00%(objectname)%00%(upstream:track)%00%(upstream:remotename)%00%(upstream:remoteref) refs/heads/FEAT/Extract refs/remotes/FEAT/Extract [5ms]
2024-11-04 15:23:18.119 [info] > git status -z -uall [528ms]
2024-11-04 15:23:18.129 [info] > git for-each-ref --format=%(refname)%00%(upstream:short)%00%(objectname)%00%(upstream:track)%00%(upstream:remotename)%00%(upstream:remoteref) refs/heads/FEAT/Extract refs/remotes/FEAT/Extract [4ms]
2024-11-04 15:23:18.138 [info] > git config --local branch.FEAT/Extract.vscode-merge-base [2ms]
2024-11-04 15:23:18.147 [info] > git for-each-ref --format=%(refname)%00%(upstream:short)%00%(objectname)%00%(upstream:track)%00%(upstream:remotename)%00%(upstream:remoteref) refs/heads/origin/main refs/remotes/origin/main [1ms]
2024-11-04 15:24:11.474 [info] > git config --get commit.template [5ms]
2024-11-04 15:24:11.494 [info] > git for-each-ref --format=%(refname)%00%(upstream:short)%00%(objectname)%00%(upstream:track)%00%(upstream:remotename)%00%(upstream:remoteref) refs/heads/FEAT/Extract refs/remotes/FEAT/Extract [4ms]
2024-11-04 15:24:12.289 [info] > git status -z -uall [773ms]
2024-11-04 15:24:12.308 [info] > git for-each-ref --format=%(refname)%00%(upstream:short)%00%(objectname)%00%(upstream:track)%00%(upstream:remotename)%00%(upstream:remoteref) refs/heads/FEAT/Extract refs/remotes/FEAT/Extract [2ms]
2024-11-04 15:24:12.324 [info] > git config --local branch.FEAT/Extract.vscode-merge-base [2ms]
2024-11-04 15:24:12.338 [info] > git for-each-ref --format=%(refname)%00%(upstream:short)%00%(objectname)%00%(upstream:track)%00%(upstream:remotename)%00%(upstream:remoteref) refs/heads/origin/main refs/remotes/origin/main [1ms]
2024-11-04 15:25:08.780 [info] > git config --get commit.template [17ms]
2024-11-04 15:25:08.782 [info] > git for-each-ref --format=%(refname)%00%(upstream:short)%00%(objectname)%00%(upstream:track)%00%(upstream:remotename)%00%(upstream:remoteref) refs/heads/FEAT/Extract refs/remotes/FEAT/Extract [4ms]
2024-11-04 15:25:09.295 [info] > git status -z -uall [506ms]
2024-11-04 15:25:09.317 [info] > git for-each-ref --format=%(refname)%00%(upstream:short)%00%(objectname)%00%(upstream:track)%00%(upstream:remotename)%00%(upstream:remoteref) refs/heads/FEAT/Extract refs/remotes/FEAT/Extract [5ms]
2024-11-04 15:25:09.332 [info] > git config --local branch.FEAT/Extract.vscode-merge-base [3ms]
2024-11-04 15:25:09.346 [info] > git for-each-ref --format=%(refname)%00%(upstream:short)%00%(objectname)%00%(upstream:track)%00%(upstream:remotename)%00%(upstream:remoteref) refs/heads/origin/main refs/remotes/origin/main [3ms]
2024-11-04 15:25:35.277 [info] > git config --get commit.template [19ms]
2024-11-04 15:25:35.280 [info] > git for-each-ref --format=%(refname)%00%(upstream:short)%00%(objectname)%00%(upstream:track)%00%(upstream:remotename)%00%(upstream:remoteref) refs/heads/FEAT/Extract refs/remotes/FEAT/Extract [6ms]
2024-11-04 15:25:35.705 [info] > git status -z -uall [413ms]
2024-11-04 15:25:35.713 [info] > git for-each-ref --format=%(refname)%00%(upstream:short)%00%(objectname)%00%(upstream:track)%00%(upstream:remotename)%00%(upstream:remoteref) refs/heads/FEAT/Extract refs/remotes/FEAT/Extract [2ms]
2024-11-04 15:25:35.720 [info] > git config --local branch.FEAT/Extract.vscode-merge-base [2ms]
2024-11-04 15:25:35.728 [info] > git for-each-ref --format=%(refname)%00%(upstream:short)%00%(objectname)%00%(upstream:track)%00%(upstream:remotename)%00%(upstream:remoteref) refs/heads/origin/main refs/remotes/origin/main [1ms]
2024-11-04 15:26:29.733 [info] > git config --get commit.template [7ms]
2024-11-04 15:26:29.734 [info] > git for-each-ref --format=%(refname)%00%(upstream:short)%00%(objectname)%00%(upstream:track)%00%(upstream:remotename)%00%(upstream:remoteref) refs/heads/FEAT/Extract refs/remotes/FEAT/Extract [2ms]
2024-11-04 15:26:30.139 [info] > git status -z -uall [399ms]
2024-11-04 15:26:30.147 [info] > git for-each-ref --format=%(refname)%00%(upstream:short)%00%(objectname)%00%(upstream:track)%00%(upstream:remotename)%00%(upstream:remoteref) refs/heads/FEAT/Extract refs/remotes/FEAT/Extract [2ms]
2024-11-04 15:26:30.155 [info] > git config --local branch.FEAT/Extract.vscode-merge-base [2ms]
2024-11-04 15:26:30.162 [info] > git for-each-ref --format=%(refname)%00%(upstream:short)%00%(objectname)%00%(upstream:track)%00%(upstream:remotename)%00%(upstream:remoteref) refs/heads/origin/main refs/remotes/origin/main [1ms]
2024-11-04 15:26:38.079 [info] > git config --get commit.template [11ms]
2024-11-04 15:26:38.081 [info] > git for-each-ref --format=%(refname)%00%(upstream:short)%00%(objectname)%00%(upstream:track)%00%(upstream:remotename)%00%(upstream:remoteref) refs/heads/FEAT/Extract refs/remotes/FEAT/Extract [3ms]
2024-11-04 15:26:38.513 [info] > git status -z -uall [421ms]
2024-11-04 15:26:38.524 [info] > git for-each-ref --format=%(refname)%00%(upstream:short)%00%(objectname)%00%(upstream:track)%00%(upstream:remotename)%00%(upstream:remoteref) refs/heads/FEAT/Extract refs/remotes/FEAT/Extract [3ms]
2024-11-04 15:26:38.538 [info] > git config --local branch.FEAT/Extract.vscode-merge-base [3ms]
2024-11-04 15:26:38.547 [info] > git for-each-ref --format=%(refname)%00%(upstream:short)%00%(objectname)%00%(upstream:track)%00%(upstream:remotename)%00%(upstream:remoteref) refs/heads/origin/main refs/remotes/origin/main [1ms]
2024-11-04 15:26:49.442 [info] > git show --textconv :src/app/(home)/extract/index.tsx [10ms]
2024-11-04 15:26:49.443 [info] > git ls-files --stage -- /home/bicutoru/Documents/AtlasFinanceApp/AtlasFx-AppBase/src/app/(home)/extract/index.tsx [2ms]
2024-11-04 15:26:49.455 [info] > git cat-file -s 6273aee7ec5f50be68e3ee8ed75f32be14af7e0b [3ms]
2024-11-04 15:28:43.071 [info] > git config --get commit.template [11ms]
2024-11-04 15:28:43.073 [info] > git for-each-ref --format=%(refname)%00%(upstream:short)%00%(objectname)%00%(upstream:track)%00%(upstream:remotename)%00%(upstream:remoteref) refs/heads/FEAT/Extract refs/remotes/FEAT/Extract [3ms]
2024-11-04 15:28:43.578 [info] > git status -z -uall [491ms]
2024-11-04 15:28:43.601 [info] > git for-each-ref --format=%(refname)%00%(upstream:short)%00%(objectname)%00%(upstream:track)%00%(upstream:remotename)%00%(upstream:remoteref) refs/heads/FEAT/Extract refs/remotes/FEAT/Extract [5ms]
2024-11-04 15:28:43.623 [info] > git config --local branch.FEAT/Extract.vscode-merge-base [4ms]
2024-11-04 15:28:43.639 [info] > git for-each-ref --format=%(refname)%00%(upstream:short)%00%(objectname)%00%(upstream:track)%00%(upstream:remotename)%00%(upstream:remoteref) refs/heads/origin/main refs/remotes/origin/main [3ms]
2024-11-04 15:31:55.626 [info] > git config --get commit.template [21ms]
2024-11-04 15:31:55.628 [info] > git for-each-ref --format=%(refname)%00%(upstream:short)%00%(objectname)%00%(upstream:track)%00%(upstream:remotename)%00%(upstream:remoteref) refs/heads/FEAT/Extract refs/remotes/FEAT/Extract [4ms]
2024-11-04 15:31:56.098 [info] > git status -z -uall [455ms]
2024-11-04 15:31:56.106 [info] > git for-each-ref --format=%(refname)%00%(upstream:short)%00%(objectname)%00%(upstream:track)%00%(upstream:remotename)%00%(upstream:remoteref) refs/heads/FEAT/Extract refs/remotes/FEAT/Extract [2ms]
2024-11-04 15:31:56.115 [info] > git config --local branch.FEAT/Extract.vscode-merge-base [2ms]
2024-11-04 15:31:56.122 [info] > git for-each-ref --format=%(refname)%00%(upstream:short)%00%(objectname)%00%(upstream:track)%00%(upstream:remotename)%00%(upstream:remoteref) refs/heads/origin/main refs/remotes/origin/main [1ms]
2024-11-04 15:32:07.312 [info] > git config --get commit.template [19ms]
2024-11-04 15:32:07.315 [info] > git for-each-ref --format=%(refname)%00%(upstream:short)%00%(objectname)%00%(upstream:track)%00%(upstream:remotename)%00%(upstream:remoteref) refs/heads/FEAT/Extract refs/remotes/FEAT/Extract [5ms]
2024-11-04 15:32:07.818 [info] > git status -z -uall [492ms]
2024-11-04 15:32:07.836 [info] > git for-each-ref --format=%(refname)%00%(upstream:short)%00%(objectname)%00%(upstream:track)%00%(upstream:remotename)%00%(upstream:remoteref) refs/heads/FEAT/Extract refs/remotes/FEAT/Extract [2ms]
2024-11-04 15:32:07.844 [info] > git config --local branch.FEAT/Extract.vscode-merge-base [1ms]
2024-11-04 15:32:07.856 [info] > git for-each-ref --format=%(refname)%00%(upstream:short)%00%(objectname)%00%(upstream:track)%00%(upstream:remotename)%00%(upstream:remoteref) refs/heads/origin/main refs/remotes/origin/main [3ms]
2024-11-04 15:34:19.598 [info] > git config --get commit.template [9ms]
2024-11-04 15:34:19.628 [info] > git for-each-ref --format=%(refname)%00%(upstream:short)%00%(objectname)%00%(upstream:track)%00%(upstream:remotename)%00%(upstream:remoteref) refs/heads/FEAT/Extract refs/remotes/FEAT/Extract [4ms]
2024-11-04 15:34:20.251 [info] > git status -z -uall [600ms]
2024-11-04 15:34:20.300 [info] > git for-each-ref --format=%(refname)%00%(upstream:short)%00%(objectname)%00%(upstream:track)%00%(upstream:remotename)%00%(upstream:remoteref) refs/heads/FEAT/Extract refs/remotes/FEAT/Extract [7ms]
2024-11-04 15:34:20.330 [info] > git config --local branch.FEAT/Extract.vscode-merge-base [7ms]
2024-11-04 15:34:20.350 [info] > git for-each-ref --format=%(refname)%00%(upstream:short)%00%(objectname)%00%(upstream:track)%00%(upstream:remotename)%00%(upstream:remoteref) refs/heads/origin/main refs/remotes/origin/main [2ms]
2024-11-04 15:34:35.471 [info] > git config --get commit.template [17ms]
2024-11-04 15:34:35.474 [info] > git for-each-ref --format=%(refname)%00%(upstream:short)%00%(objectname)%00%(upstream:track)%00%(upstream:remotename)%00%(upstream:remoteref) refs/heads/FEAT/Extract refs/remotes/FEAT/Extract [4ms]
2024-11-04 15:34:35.912 [info] > git status -z -uall [420ms]
2024-11-04 15:34:35.924 [info] > git for-each-ref --format=%(refname)%00%(upstream:short)%00%(objectname)%00%(upstream:track)%00%(upstream:remotename)%00%(upstream:remoteref) refs/heads/FEAT/Extract refs/remotes/FEAT/Extract [3ms]
2024-11-04 15:34:35.935 [info] > git config --local branch.FEAT/Extract.vscode-merge-base [2ms]
2024-11-04 15:34:35.944 [info] > git for-each-ref --format=%(refname)%00%(upstream:short)%00%(objectname)%00%(upstream:track)%00%(upstream:remotename)%00%(upstream:remoteref) refs/heads/origin/main refs/remotes/origin/main [2ms]
2024-11-04 15:34:43.444 [info] > git config --get commit.template [4ms]
2024-11-04 15:34:43.465 [info] > git for-each-ref --format=%(refname)%00%(upstream:short)%00%(objectname)%00%(upstream:track)%00%(upstream:remotename)%00%(upstream:remoteref) refs/heads/FEAT/Extract refs/remotes/FEAT/Extract [5ms]
2024-11-04 15:34:43.892 [info] > git status -z -uall [411ms]
2024-11-04 15:34:43.902 [info] > git for-each-ref --format=%(refname)%00%(upstream:short)%00%(objectname)%00%(upstream:track)%00%(upstream:remotename)%00%(upstream:remoteref) refs/heads/FEAT/Extract refs/remotes/FEAT/Extract [3ms]
2024-11-04 15:34:43.910 [info] > git config --local branch.FEAT/Extract.vscode-merge-base [2ms]
2024-11-04 15:34:43.919 [info] > git for-each-ref --format=%(refname)%00%(upstream:short)%00%(objectname)%00%(upstream:track)%00%(upstream:remotename)%00%(upstream:remoteref) refs/heads/origin/main refs/remotes/origin/main [1ms]
2024-11-04 15:36:05.598 [info] > git show --textconv :src/app/(home)/extract/style.ts [10ms]
2024-11-04 15:36:05.599 [info] > git ls-files --stage -- /home/bicutoru/Documents/AtlasFinanceApp/AtlasFx-AppBase/src/app/(home)/extract/style.ts [2ms]
2024-11-04 15:36:05.607 [info] > git cat-file -s 74f8514386e3d8b1e69eb970b0982673419ca065 [2ms]
2024-11-04 15:36:10.792 [info] > git show --textconv :src/app/(home)/extract/index.tsx [13ms]
2024-11-04 15:36:10.794 [info] > git ls-files --stage -- /home/bicutoru/Documents/AtlasFinanceApp/AtlasFx-AppBase/src/app/(home)/extract/index.tsx [3ms]
2024-11-04 15:36:10.806 [info] > git cat-file -s 6273aee7ec5f50be68e3ee8ed75f32be14af7e0b [4ms]
2024-11-04 15:36:12.517 [info] > git show --textconv :src/app/(home)/extract/style.ts [10ms]
2024-11-04 15:36:12.520 [info] > git ls-files --stage -- /home/bicutoru/Documents/AtlasFinanceApp/AtlasFx-AppBase/src/app/(home)/extract/style.ts [4ms]
2024-11-04 15:36:12.531 [info] > git cat-file -s 74f8514386e3d8b1e69eb970b0982673419ca065 [2ms]
2024-11-04 15:36:21.093 [info] > git config --get commit.template [19ms]
2024-11-04 15:36:21.098 [info] > git for-each-ref --format=%(refname)%00%(upstream:short)%00%(objectname)%00%(upstream:track)%00%(upstream:remotename)%00%(upstream:remoteref) refs/heads/FEAT/Extract refs/remotes/FEAT/Extract [5ms]
2024-11-04 15:36:21.508 [info] > git status -z -uall [395ms]
2024-11-04 15:36:21.522 [info] > git for-each-ref --format=%(refname)%00%(upstream:short)%00%(objectname)%00%(upstream:track)%00%(upstream:remotename)%00%(upstream:remoteref) refs/heads/FEAT/Extract refs/remotes/FEAT/Extract [4ms]
2024-11-04 15:36:21.537 [info] > git config --local branch.FEAT/Extract.vscode-merge-base [2ms]
2024-11-04 15:36:21.545 [info] > git for-each-ref --format=%(refname)%00%(upstream:short)%00%(objectname)%00%(upstream:track)%00%(upstream:remotename)%00%(upstream:remoteref) refs/heads/origin/main refs/remotes/origin/main [2ms]
2024-11-04 15:36:58.896 [info] > git config --get commit.template [9ms]
2024-11-04 15:36:58.897 [info] > git for-each-ref --format=%(refname)%00%(upstream:short)%00%(objectname)%00%(upstream:track)%00%(upstream:remotename)%00%(upstream:remoteref) refs/heads/FEAT/Extract refs/remotes/FEAT/Extract [1ms]
2024-11-04 15:36:59.349 [info] > git status -z -uall [445ms]
2024-11-04 15:36:59.363 [info] > git for-each-ref --format=%(refname)%00%(upstream:short)%00%(objectname)%00%(upstream:track)%00%(upstream:remotename)%00%(upstream:remoteref) refs/heads/FEAT/Extract refs/remotes/FEAT/Extract [5ms]
2024-11-04 15:36:59.378 [info] > git config --local branch.FEAT/Extract.vscode-merge-base [5ms]
2024-11-04 15:36:59.394 [info] > git for-each-ref --format=%(refname)%00%(upstream:short)%00%(objectname)%00%(upstream:track)%00%(upstream:remotename)%00%(upstream:remoteref) refs/heads/origin/main refs/remotes/origin/main [4ms]
2024-11-04 15:37:41.314 [info] > git show --textconv :src/app/(home)/extract/index.tsx [14ms]
2024-11-04 15:37:41.326 [info] > git ls-files --stage -- /home/bicutoru/Documents/AtlasFinanceApp/AtlasFx-AppBase/src/app/(home)/extract/index.tsx [13ms]
2024-11-04 15:37:41.357 [info] > git cat-file -s 6273aee7ec5f50be68e3ee8ed75f32be14af7e0b [2ms]
2024-11-04 15:37:48.679 [info] > git config --get commit.template [6ms]
2024-11-04 15:37:48.680 [info] > git for-each-ref --format=%(refname)%00%(upstream:short)%00%(objectname)%00%(upstream:track)%00%(upstream:remotename)%00%(upstream:remoteref) refs/heads/FEAT/Extract refs/remotes/FEAT/Extract [1ms]
2024-11-04 15:37:49.119 [info] > git status -z -uall [433ms]
2024-11-04 15:37:49.134 [info] > git for-each-ref --format=%(refname)%00%(upstream:short)%00%(objectname)%00%(upstream:track)%00%(upstream:remotename)%00%(upstream:remoteref) refs/heads/FEAT/Extract refs/remotes/FEAT/Extract [3ms]
2024-11-04 15:37:49.148 [info] > git config --local branch.FEAT/Extract.vscode-merge-base [5ms]
2024-11-04 15:37:49.162 [info] > git for-each-ref --format=%(refname)%00%(upstream:short)%00%(objectname)%00%(upstream:track)%00%(upstream:remotename)%00%(upstream:remoteref) refs/heads/origin/main refs/remotes/origin/main [2ms]
2024-11-04 15:37:52.402 [info] > git show --textconv :src/app/(home)/extract/style.ts [40ms]
2024-11-04 15:37:52.409 [info] > git ls-files --stage -- /home/bicutoru/Documents/AtlasFinanceApp/AtlasFx-AppBase/src/app/(home)/extract/style.ts [18ms]
2024-11-04 15:37:52.434 [info] > git cat-file -s 74f8514386e3d8b1e69eb970b0982673419ca065 [6ms]
2024-11-04 15:38:25.850 [info] > git config --get commit.template [21ms]
2024-11-04 15:38:25.852 [info] > git for-each-ref --format=%(refname)%00%(upstream:short)%00%(objectname)%00%(upstream:track)%00%(upstream:remotename)%00%(upstream:remoteref) refs/heads/FEAT/Extract refs/remotes/FEAT/Extract [3ms]
2024-11-04 15:38:26.540 [info] > git status -z -uall [672ms]
2024-11-04 15:38:26.554 [info] > git for-each-ref --format=%(refname)%00%(upstream:short)%00%(objectname)%00%(upstream:track)%00%(upstream:remotename)%00%(upstream:remoteref) refs/heads/FEAT/Extract refs/remotes/FEAT/Extract [2ms]
2024-11-04 15:38:26.566 [info] > git config --local branch.FEAT/Extract.vscode-merge-base [3ms]
2024-11-04 15:38:26.574 [info] > git for-each-ref --format=%(refname)%00%(upstream:short)%00%(objectname)%00%(upstream:track)%00%(upstream:remotename)%00%(upstream:remoteref) refs/heads/origin/main refs/remotes/origin/main [1ms]
2024-11-04 17:37:46.534 [info] > git merge-base --octopus refs/remotes/origin/main refs/heads/FEAT/Extract refs/remotes/origin/FEAT/Extract [69ms]
2024-11-04 17:37:46.584 [info] > git show -s --decorate=full --shortstat --format=%H%n%aN%n%aE%n%at%n%ct%n%P%n%D%n%B -z f20eb68fcecddd7457b00e1e5b43d440ee9e869a [37ms]
