2024-10-31 10:16:54.145 [info] [main] Log level: Info
2024-10-31 10:16:54.145 [info] [main] Validating found git in: "git"
2024-10-31 10:16:54.145 [info] [main] Using git "2.47.0" from "git"
2024-10-31 10:16:54.145 [info] [Model][doInitialScan] Initial repository scan started
2024-10-31 10:16:54.145 [info] > git rev-parse --show-toplevel [7ms]
2024-10-31 10:16:54.145 [info] > git rev-parse --git-dir --git-common-dir [4ms]
2024-10-31 10:16:54.145 [info] [Model][openRepository] Opened repository: /home/bicutoru/Documents/AtlasFinanceApp/AtlasFx-AppBase
2024-10-31 10:16:54.145 [info] > git rev-parse --show-toplevel [66ms]
2024-10-31 10:16:54.145 [info] > git config --get commit.template [73ms]
2024-10-31 10:16:54.173 [info] > git rev-parse --show-toplevel [18ms]
2024-10-31 10:16:54.183 [info] > git for-each-ref --format=%(refname)%00%(upstream:short)%00%(objectname)%00%(upstream:track)%00%(upstream:remotename)%00%(upstream:remoteref) refs/heads/FEAT/Home refs/remotes/FEAT/Home [14ms]
2024-10-31 10:16:54.188 [info] > git rev-parse --show-toplevel [6ms]
2024-10-31 10:16:54.239 [info] > git status -z -uall [27ms]
2024-10-31 10:16:54.239 [info] > git rev-parse --show-toplevel [40ms]
2024-10-31 10:16:54.314 [info] > git for-each-ref --format=%(refname)%00%(upstream:short)%00%(objectname)%00%(upstream:track)%00%(upstream:remotename)%00%(upstream:remoteref) refs/heads/FEAT/Home refs/remotes/FEAT/Home [28ms]
2024-10-31 10:16:54.322 [info] > git rev-parse --show-toplevel [75ms]
2024-10-31 10:16:54.322 [info] [Model][doInitialScan] Initial repository scan completed - repositories (1), closed repositories (0), parent repositories (0), unsafe repositories (0)
2024-10-31 10:16:54.329 [info] > git config --local branch.FEAT/Home.vscode-merge-base [8ms]
2024-10-31 10:16:54.339 [info] > git config --get commit.template [25ms]
2024-10-31 10:16:54.346 [info] > git for-each-ref --format=%(refname)%00%(upstream:short)%00%(objectname)%00%(upstream:track)%00%(upstream:remotename)%00%(upstream:remoteref) refs/heads/origin/main refs/remotes/origin/main [8ms]
2024-10-31 10:16:54.368 [info] > git merge-base refs/heads/FEAT/Home refs/remotes/origin/FEAT/Home [12ms]
2024-10-31 10:16:54.379 [info] > git for-each-ref --format=%(refname)%00%(upstream:short)%00%(objectname)%00%(upstream:track)%00%(upstream:remotename)%00%(upstream:remoteref) refs/heads/FEAT/Home refs/remotes/FEAT/Home [12ms]
2024-10-31 10:16:54.383 [info] > git rev-list --count --left-right refs/heads/FEAT/Home...refs/remotes/origin/FEAT/Home [7ms]
2024-10-31 10:16:54.407 [info] > git diff --name-status -z --diff-filter=ADMR d4710cb3a83d091425c505b191ffee958bb53d5f...refs/remotes/origin/FEAT/Home [13ms]
2024-10-31 10:16:54.410 [info] > git status -z -uall [4ms]
2024-10-31 10:16:54.427 [info] > git for-each-ref --format=%(refname)%00%(upstream:short)%00%(objectname)%00%(upstream:track)%00%(upstream:remotename)%00%(upstream:remoteref) refs/heads/FEAT/Home refs/remotes/FEAT/Home [5ms]
2024-10-31 10:16:54.437 [info] > git config --local branch.FEAT/Home.vscode-merge-base [1ms]
2024-10-31 10:16:54.449 [info] > git for-each-ref --format=%(refname)%00%(upstream:short)%00%(objectname)%00%(upstream:track)%00%(upstream:remotename)%00%(upstream:remoteref) refs/heads/origin/main refs/remotes/origin/main [0ms]
2024-10-31 10:16:54.610 [info] > git check-ignore -v -z --stdin [41ms]
2024-10-31 10:16:55.280 [info] > git show --textconv :src/app/(auth)/index.tsx [10ms]
2024-10-31 10:16:55.282 [info] > git ls-files --stage -- /home/bicutoru/Documents/AtlasFinanceApp/AtlasFx-AppBase/src/app/(auth)/index.tsx [3ms]
2024-10-31 10:16:55.293 [info] > git cat-file -s 9c50d16990641403b03deeace6f9b12f380aab65 [4ms]
2024-10-31 11:34:36.461 [info] > git config --get commit.template [3ms]
2024-10-31 11:34:36.473 [info] > git for-each-ref --format=%(refname)%00%(upstream:short)%00%(objectname)%00%(upstream:track)%00%(upstream:remotename)%00%(upstream:remoteref) refs/heads/FEAT/Home refs/remotes/FEAT/Home [5ms]
2024-10-31 11:34:36.498 [info] > git status -z -uall [15ms]
2024-10-31 11:34:36.507 [info] > git for-each-ref --format=%(refname)%00%(upstream:short)%00%(objectname)%00%(upstream:track)%00%(upstream:remotename)%00%(upstream:remoteref) refs/heads/FEAT/Home refs/remotes/FEAT/Home [2ms]
2024-10-31 11:34:36.514 [info] > git config --local branch.FEAT/Home.vscode-merge-base [1ms]
2024-10-31 11:34:36.526 [info] > git for-each-ref --format=%(refname)%00%(upstream:short)%00%(objectname)%00%(upstream:track)%00%(upstream:remotename)%00%(upstream:remoteref) refs/heads/origin/main refs/remotes/origin/main [2ms]
2024-10-31 11:51:01.723 [info] > git for-each-ref --format=%(refname)%00%(upstream:short)%00%(objectname)%00%(upstream:track)%00%(upstream:remotename)%00%(upstream:remoteref) refs/heads/FEAT/Home refs/remotes/FEAT/Home [3ms]
2024-10-31 11:51:01.725 [info] > git config --get commit.template [18ms]
2024-10-31 11:51:01.744 [info] > git status -z -uall [7ms]
2024-10-31 11:51:01.768 [info] > git for-each-ref --format=%(refname)%00%(upstream:short)%00%(objectname)%00%(upstream:track)%00%(upstream:remotename)%00%(upstream:remoteref) refs/heads/FEAT/Home refs/remotes/FEAT/Home [7ms]
2024-10-31 11:51:01.780 [info] > git config --local branch.FEAT/Home.vscode-merge-base [2ms]
2024-10-31 11:51:01.796 [info] > git for-each-ref --format=%(refname)%00%(upstream:short)%00%(objectname)%00%(upstream:track)%00%(upstream:remotename)%00%(upstream:remoteref) refs/heads/origin/main refs/remotes/origin/main [3ms]
2024-10-31 11:53:35.910 [info] > git config --get commit.template [8ms]
2024-10-31 11:53:35.933 [info] > git for-each-ref --format=%(refname)%00%(upstream:short)%00%(objectname)%00%(upstream:track)%00%(upstream:remotename)%00%(upstream:remoteref) refs/heads/FEAT/Home refs/remotes/FEAT/Home [10ms]
2024-10-31 11:53:35.953 [info] > git status -z -uall [11ms]
2024-10-31 11:53:35.970 [info] > git for-each-ref --format=%(refname)%00%(upstream:short)%00%(objectname)%00%(upstream:track)%00%(upstream:remotename)%00%(upstream:remoteref) refs/heads/FEAT/Home refs/remotes/FEAT/Home [5ms]
2024-10-31 11:53:35.990 [info] > git config --local branch.FEAT/Home.vscode-merge-base [3ms]
2024-10-31 11:53:36.036 [info] > git for-each-ref --format=%(refname)%00%(upstream:short)%00%(objectname)%00%(upstream:track)%00%(upstream:remotename)%00%(upstream:remoteref) refs/heads/origin/main refs/remotes/origin/main [3ms]
2024-10-31 11:54:17.851 [info] > git config --get commit.template [10ms]
2024-10-31 11:54:17.872 [info] > git for-each-ref --format=%(refname)%00%(upstream:short)%00%(objectname)%00%(upstream:track)%00%(upstream:remotename)%00%(upstream:remoteref) refs/heads/FEAT/Home refs/remotes/FEAT/Home [5ms]
2024-10-31 11:54:17.905 [info] > git status -z -uall [13ms]
2024-10-31 11:54:17.927 [info] > git for-each-ref --format=%(refname)%00%(upstream:short)%00%(objectname)%00%(upstream:track)%00%(upstream:remotename)%00%(upstream:remoteref) refs/heads/FEAT/Home refs/remotes/FEAT/Home [5ms]
2024-10-31 11:54:17.950 [info] > git config --local branch.FEAT/Home.vscode-merge-base [6ms]
2024-10-31 11:54:17.965 [info] > git for-each-ref --format=%(refname)%00%(upstream:short)%00%(objectname)%00%(upstream:track)%00%(upstream:remotename)%00%(upstream:remoteref) refs/heads/origin/main refs/remotes/origin/main [3ms]
2024-10-31 11:56:51.755 [info] > git config --get commit.template [7ms]
2024-10-31 11:56:51.771 [info] > git for-each-ref --format=%(refname)%00%(upstream:short)%00%(objectname)%00%(upstream:track)%00%(upstream:remotename)%00%(upstream:remoteref) refs/heads/FEAT/Home refs/remotes/FEAT/Home [3ms]
2024-10-31 11:56:51.797 [info] > git status -z -uall [13ms]
2024-10-31 11:56:51.818 [info] > git for-each-ref --format=%(refname)%00%(upstream:short)%00%(objectname)%00%(upstream:track)%00%(upstream:remotename)%00%(upstream:remoteref) refs/heads/FEAT/Home refs/remotes/FEAT/Home [4ms]
2024-10-31 11:56:51.831 [info] > git config --local branch.FEAT/Home.vscode-merge-base [2ms]
2024-10-31 11:56:51.847 [info] > git for-each-ref --format=%(refname)%00%(upstream:short)%00%(objectname)%00%(upstream:track)%00%(upstream:remotename)%00%(upstream:remoteref) refs/heads/origin/main refs/remotes/origin/main [3ms]
2024-10-31 12:01:54.270 [info] > git check-ignore -v -z --stdin [18ms]
2024-10-31 12:01:54.287 [info] > git show --textconv :src/app/(home)/extract/index.tsx [18ms]
2024-10-31 12:01:54.292 [info] > git ls-files --stage -- /home/bicutoru/Documents/AtlasFinanceApp/AtlasFx-AppBase/src/app/(home)/extract/index.tsx [7ms]
2024-10-31 12:01:54.305 [info] > git cat-file -s b26b1492dafec69d35b3db4648da6eb2afad27dc [3ms]
2024-10-31 12:01:54.889 [info] > git check-ignore -v -z --stdin [3ms]
2024-10-31 12:01:56.411 [info] > git show --textconv :src/components/HeaderAreaHome/index.tsx [12ms]
2024-10-31 12:01:56.413 [info] > git ls-files --stage -- /home/bicutoru/Documents/AtlasFinanceApp/AtlasFx-AppBase/src/components/HeaderAreaHome/index.tsx [3ms]
2024-10-31 12:01:56.429 [info] > git cat-file -s 486fe9f4c7e2a1a5c67538c25277b653be1c4a01 [4ms]
2024-10-31 12:01:56.890 [info] > git check-ignore -v -z --stdin [4ms]
2024-10-31 12:01:57.017 [info] > git show --textconv :src/components/ContainerSession/index.tsx [11ms]
2024-10-31 12:01:57.019 [info] > git ls-files --stage -- /home/bicutoru/Documents/AtlasFinanceApp/AtlasFx-AppBase/src/components/ContainerSession/index.tsx [3ms]
2024-10-31 12:01:57.035 [info] > git cat-file -s fef955a24365cbf0650ea4e1eb41a1c73dc1b75b [5ms]
2024-10-31 12:01:57.510 [info] > git check-ignore -v -z --stdin [6ms]
2024-10-31 12:02:03.831 [info] > git show --textconv :src/components/HeaderAreaHome/index.tsx [11ms]
2024-10-31 12:02:03.837 [info] > git ls-files --stage -- /home/bicutoru/Documents/AtlasFinanceApp/AtlasFx-AppBase/src/components/HeaderAreaHome/index.tsx [7ms]
2024-10-31 12:02:03.849 [info] > git cat-file -s 486fe9f4c7e2a1a5c67538c25277b653be1c4a01 [3ms]
2024-10-31 12:02:12.006 [info] > git show --textconv :src/app/(home)/extract/style.ts [12ms]
2024-10-31 12:02:12.009 [info] > git ls-files --stage -- /home/bicutoru/Documents/AtlasFinanceApp/AtlasFx-AppBase/src/app/(home)/extract/style.ts [4ms]
2024-10-31 12:02:12.022 [info] > git cat-file -s 8ce7215f9602e3a6e7651504d24e9ccf370c0d12 [2ms]
2024-10-31 12:02:12.401 [info] > git check-ignore -v -z --stdin [4ms]
2024-10-31 12:02:13.974 [info] > git show --textconv :src/app/(home)/homePage/index.tsx [13ms]
2024-10-31 12:02:13.976 [info] > git ls-files --stage -- /home/bicutoru/Documents/AtlasFinanceApp/AtlasFx-AppBase/src/app/(home)/homePage/index.tsx [4ms]
2024-10-31 12:02:13.991 [info] > git cat-file -s 2803cf98c43c1d7466fe39dd207d5ac2644c3cb2 [3ms]
2024-10-31 12:02:14.579 [info] > git show --textconv :src/context/ExtractContext.tsx [14ms]
2024-10-31 12:02:14.580 [info] > git ls-files --stage -- /home/bicutoru/Documents/AtlasFinanceApp/AtlasFx-AppBase/src/context/ExtractContext.tsx [4ms]
2024-10-31 12:02:14.595 [info] > git cat-file -s 2c88cc8461d5cc663515fa68664eb95006e81778 [5ms]
2024-10-31 12:02:15.044 [info] > git check-ignore -v -z --stdin [3ms]
2024-10-31 12:02:15.567 [info] > git show --textconv :src/app/(home)/homePage/index.tsx [33ms]
2024-10-31 12:02:15.567 [info] > git ls-files --stage -- /home/bicutoru/Documents/AtlasFinanceApp/AtlasFx-AppBase/src/app/(home)/homePage/index.tsx [12ms]
2024-10-31 12:02:15.593 [info] > git cat-file -s 2803cf98c43c1d7466fe39dd207d5ac2644c3cb2 [12ms]
2024-10-31 12:02:25.026 [info] > git check-ignore -v -z --stdin [3ms]
2024-10-31 12:02:32.710 [info] > git check-ignore -v -z --stdin [5ms]
2024-10-31 12:02:34.419 [info] > git show --textconv :src/components/LastReleases/index.tsx [16ms]
2024-10-31 12:02:34.419 [info] > git ls-files --stage -- /home/bicutoru/Documents/AtlasFinanceApp/AtlasFx-AppBase/src/components/LastReleases/index.tsx [5ms]
2024-10-31 12:02:34.430 [info] > git cat-file -s 2a6277211149f6c94a89a18766a108f6e6aa6682 [2ms]
2024-10-31 12:03:21.408 [info] > git config --get commit.template [19ms]
2024-10-31 12:03:21.411 [info] > git for-each-ref --format=%(refname)%00%(upstream:short)%00%(objectname)%00%(upstream:track)%00%(upstream:remotename)%00%(upstream:remoteref) refs/heads/FEAT/Home refs/remotes/FEAT/Home [5ms]
2024-10-31 12:03:21.428 [info] > git status -z -uall [4ms]
2024-10-31 12:03:21.438 [info] > git for-each-ref --format=%(refname)%00%(upstream:short)%00%(objectname)%00%(upstream:track)%00%(upstream:remotename)%00%(upstream:remoteref) refs/heads/FEAT/Home refs/remotes/FEAT/Home [4ms]
2024-10-31 12:03:21.447 [info] > git config --local branch.FEAT/Home.vscode-merge-base [2ms]
2024-10-31 12:03:21.455 [info] > git for-each-ref --format=%(refname)%00%(upstream:short)%00%(objectname)%00%(upstream:track)%00%(upstream:remotename)%00%(upstream:remoteref) refs/heads/origin/main refs/remotes/origin/main [2ms]
2024-10-31 12:03:27.431 [info] > git config --get commit.template [6ms]
2024-10-31 12:03:27.432 [info] > git for-each-ref --format=%(refname)%00%(upstream:short)%00%(objectname)%00%(upstream:track)%00%(upstream:remotename)%00%(upstream:remoteref) refs/heads/FEAT/Home refs/remotes/FEAT/Home [1ms]
2024-10-31 12:03:27.442 [info] > git status -z -uall [4ms]
2024-10-31 12:03:27.449 [info] > git for-each-ref --format=%(refname)%00%(upstream:short)%00%(objectname)%00%(upstream:track)%00%(upstream:remotename)%00%(upstream:remoteref) refs/heads/FEAT/Home refs/remotes/FEAT/Home [2ms]
2024-10-31 12:03:27.457 [info] > git config --local branch.FEAT/Home.vscode-merge-base [2ms]
2024-10-31 12:03:27.464 [info] > git for-each-ref --format=%(refname)%00%(upstream:short)%00%(objectname)%00%(upstream:track)%00%(upstream:remotename)%00%(upstream:remoteref) refs/heads/origin/main refs/remotes/origin/main [1ms]
2024-10-31 12:03:37.073 [info] > git show --textconv :src/components/LastReleases/style.ts [7ms]
2024-10-31 12:03:37.073 [info] > git ls-files --stage -- /home/bicutoru/Documents/AtlasFinanceApp/AtlasFx-AppBase/src/components/LastReleases/style.ts [1ms]
2024-10-31 12:03:37.081 [info] > git cat-file -s 561c1f2da728ed2037f5bdebe9bc873627045a2c [1ms]
2024-10-31 12:03:41.659 [info] > git config --get commit.template [7ms]
2024-10-31 12:03:41.660 [info] > git for-each-ref --format=%(refname)%00%(upstream:short)%00%(objectname)%00%(upstream:track)%00%(upstream:remotename)%00%(upstream:remoteref) refs/heads/FEAT/Home refs/remotes/FEAT/Home [2ms]
2024-10-31 12:03:41.672 [info] > git status -z -uall [5ms]
2024-10-31 12:03:41.683 [info] > git for-each-ref --format=%(refname)%00%(upstream:short)%00%(objectname)%00%(upstream:track)%00%(upstream:remotename)%00%(upstream:remoteref) refs/heads/FEAT/Home refs/remotes/FEAT/Home [3ms]
2024-10-31 12:03:41.693 [info] > git config --local branch.FEAT/Home.vscode-merge-base [3ms]
2024-10-31 12:03:41.707 [info] > git for-each-ref --format=%(refname)%00%(upstream:short)%00%(objectname)%00%(upstream:track)%00%(upstream:remotename)%00%(upstream:remoteref) refs/heads/origin/main refs/remotes/origin/main [7ms]
2024-10-31 12:03:41.715 [info] > git show --textconv :src/components/LastReleases/index.tsx [8ms]
2024-10-31 12:03:41.716 [info] > git ls-files --stage -- /home/bicutoru/Documents/AtlasFinanceApp/AtlasFx-AppBase/src/components/LastReleases/index.tsx [2ms]
2024-10-31 12:03:41.725 [info] > git cat-file -s 2a6277211149f6c94a89a18766a108f6e6aa6682 [4ms]
2024-10-31 12:03:48.840 [info] > git config --get commit.template [5ms]
2024-10-31 12:03:48.841 [info] > git for-each-ref --format=%(refname)%00%(upstream:short)%00%(objectname)%00%(upstream:track)%00%(upstream:remotename)%00%(upstream:remoteref) refs/heads/FEAT/Home refs/remotes/FEAT/Home [1ms]
2024-10-31 12:03:48.850 [info] > git status -z -uall [4ms]
2024-10-31 12:03:48.859 [info] > git for-each-ref --format=%(refname)%00%(upstream:short)%00%(objectname)%00%(upstream:track)%00%(upstream:remotename)%00%(upstream:remoteref) refs/heads/FEAT/Home refs/remotes/FEAT/Home [2ms]
2024-10-31 12:03:48.868 [info] > git config --local branch.FEAT/Home.vscode-merge-base [2ms]
2024-10-31 12:03:48.874 [info] > git for-each-ref --format=%(refname)%00%(upstream:short)%00%(objectname)%00%(upstream:track)%00%(upstream:remotename)%00%(upstream:remoteref) refs/heads/origin/main refs/remotes/origin/main [1ms]
2024-10-31 12:03:53.895 [info] > git config --get commit.template [17ms]
2024-10-31 12:03:53.898 [info] > git for-each-ref --format=%(refname)%00%(upstream:short)%00%(objectname)%00%(upstream:track)%00%(upstream:remotename)%00%(upstream:remoteref) refs/heads/FEAT/Home refs/remotes/FEAT/Home [4ms]
2024-10-31 12:03:53.912 [info] > git status -z -uall [6ms]
2024-10-31 12:03:53.924 [info] > git for-each-ref --format=%(refname)%00%(upstream:short)%00%(objectname)%00%(upstream:track)%00%(upstream:remotename)%00%(upstream:remoteref) refs/heads/FEAT/Home refs/remotes/FEAT/Home [2ms]
2024-10-31 12:03:53.932 [info] > git config --local branch.FEAT/Home.vscode-merge-base [2ms]
2024-10-31 12:03:53.939 [info] > git for-each-ref --format=%(refname)%00%(upstream:short)%00%(objectname)%00%(upstream:track)%00%(upstream:remotename)%00%(upstream:remoteref) refs/heads/origin/main refs/remotes/origin/main [1ms]
2024-10-31 12:11:08.355 [info] > git check-ignore -v -z --stdin [4ms]
2024-10-31 12:11:08.958 [info] > git show --textconv :src/app/(home)/notification/index.tsx [28ms]
2024-10-31 12:11:08.958 [info] > git ls-files --stage -- /home/bicutoru/Documents/AtlasFinanceApp/AtlasFx-AppBase/src/app/(home)/notification/index.tsx [6ms]
2024-10-31 12:11:08.974 [info] > git cat-file -s 20cbac898ac045c4e9212e25cfacba9a216b55ba [6ms]
2024-10-31 12:11:21.662 [info] > git show --textconv :src/app/(home)/notification/style.ts [14ms]
2024-10-31 12:11:21.669 [info] > git ls-files --stage -- /home/bicutoru/Documents/AtlasFinanceApp/AtlasFx-AppBase/src/app/(home)/notification/style.ts [8ms]
2024-10-31 12:11:21.681 [info] > git cat-file -s 3041e608adc90bd3b102210653c425a59bc90ec2 [2ms]
2024-10-31 12:11:24.641 [info] > git show --textconv :src/app/(home)/notification/index.tsx [11ms]
2024-10-31 12:11:24.643 [info] > git ls-files --stage -- /home/bicutoru/Documents/AtlasFinanceApp/AtlasFx-AppBase/src/app/(home)/notification/index.tsx [3ms]
2024-10-31 12:11:24.657 [info] > git cat-file -s 20cbac898ac045c4e9212e25cfacba9a216b55ba [5ms]
2024-10-31 12:12:14.886 [info] > git check-ignore -v -z --stdin [2ms]
2024-10-31 12:12:17.281 [info] > git show --textconv :src/app/(home)/pixArea/index.tsx [21ms]
2024-10-31 12:12:17.285 [info] > git ls-files --stage -- /home/bicutoru/Documents/AtlasFinanceApp/AtlasFx-AppBase/src/app/(home)/pixArea/index.tsx [7ms]
2024-10-31 12:12:17.314 [info] > git cat-file -s beca166f52b6a078e4d92252e2f1690698355d60 [11ms]
2024-10-31 12:12:19.866 [info] > git show --textconv :src/app/(home)/pixArea/home/index.tsx [22ms]
2024-10-31 12:12:19.868 [info] > git ls-files --stage -- /home/bicutoru/Documents/AtlasFinanceApp/AtlasFx-AppBase/src/app/(home)/pixArea/home/index.tsx [6ms]
2024-10-31 12:12:19.883 [info] > git cat-file -s 4dbe19dab958b619de6d574d445d567b2dbf0f8c [3ms]
2024-10-31 12:12:20.334 [info] > git check-ignore -v -z --stdin [5ms]
2024-10-31 12:12:39.439 [info] > git show --textconv :src/components/InputApp/index.tsx [21ms]
2024-10-31 12:12:39.442 [info] > git ls-files --stage -- /home/bicutoru/Documents/AtlasFinanceApp/AtlasFx-AppBase/src/components/InputApp/index.tsx [6ms]
2024-10-31 12:12:39.459 [info] > git cat-file -s e684b8d90c370b769b2005c67f942db5519ab132 [5ms]
2024-10-31 12:12:39.913 [info] > git check-ignore -v -z --stdin [6ms]
2024-10-31 12:15:05.820 [info] > git show --textconv :src/app/(home)/pixArea/home/index.tsx [7ms]
2024-10-31 12:15:05.821 [info] > git ls-files --stage -- /home/bicutoru/Documents/AtlasFinanceApp/AtlasFx-AppBase/src/app/(home)/pixArea/home/index.tsx [1ms]
2024-10-31 12:15:05.829 [info] > git cat-file -s 4dbe19dab958b619de6d574d445d567b2dbf0f8c [2ms]
2024-10-31 12:15:29.402 [info] > git config --get commit.template [17ms]
2024-10-31 12:15:29.405 [info] > git for-each-ref --format=%(refname)%00%(upstream:short)%00%(objectname)%00%(upstream:track)%00%(upstream:remotename)%00%(upstream:remoteref) refs/heads/FEAT/Home refs/remotes/FEAT/Home [5ms]
2024-10-31 12:15:29.429 [info] > git status -z -uall [9ms]
2024-10-31 12:15:29.438 [info] > git for-each-ref --format=%(refname)%00%(upstream:short)%00%(objectname)%00%(upstream:track)%00%(upstream:remotename)%00%(upstream:remoteref) refs/heads/FEAT/Home refs/remotes/FEAT/Home [3ms]
2024-10-31 12:15:29.446 [info] > git config --local branch.FEAT/Home.vscode-merge-base [1ms]
2024-10-31 12:15:29.453 [info] > git for-each-ref --format=%(refname)%00%(upstream:short)%00%(objectname)%00%(upstream:track)%00%(upstream:remotename)%00%(upstream:remoteref) refs/heads/origin/main refs/remotes/origin/main [1ms]
2024-10-31 12:15:39.507 [info] > git config --get commit.template [19ms]
2024-10-31 12:15:39.510 [info] > git for-each-ref --format=%(refname)%00%(upstream:short)%00%(objectname)%00%(upstream:track)%00%(upstream:remotename)%00%(upstream:remoteref) refs/heads/FEAT/Home refs/remotes/FEAT/Home [5ms]
2024-10-31 12:15:39.535 [info] > git status -z -uall [10ms]
2024-10-31 12:15:39.546 [info] > git for-each-ref --format=%(refname)%00%(upstream:short)%00%(objectname)%00%(upstream:track)%00%(upstream:remotename)%00%(upstream:remoteref) refs/heads/FEAT/Home refs/remotes/FEAT/Home [2ms]
2024-10-31 12:15:39.555 [info] > git config --local branch.FEAT/Home.vscode-merge-base [2ms]
2024-10-31 12:15:39.565 [info] > git for-each-ref --format=%(refname)%00%(upstream:short)%00%(objectname)%00%(upstream:track)%00%(upstream:remotename)%00%(upstream:remoteref) refs/heads/origin/main refs/remotes/origin/main [1ms]
2024-10-31 12:15:54.511 [info] > git config --get commit.template [13ms]
2024-10-31 12:15:54.512 [info] > git for-each-ref --format=%(refname)%00%(upstream:short)%00%(objectname)%00%(upstream:track)%00%(upstream:remotename)%00%(upstream:remoteref) refs/heads/FEAT/Home refs/remotes/FEAT/Home [1ms]
2024-10-31 12:15:54.521 [info] > git status -z -uall [4ms]
2024-10-31 12:15:54.530 [info] > git for-each-ref --format=%(refname)%00%(upstream:short)%00%(objectname)%00%(upstream:track)%00%(upstream:remotename)%00%(upstream:remoteref) refs/heads/FEAT/Home refs/remotes/FEAT/Home [2ms]
2024-10-31 12:15:54.540 [info] > git config --local branch.FEAT/Home.vscode-merge-base [1ms]
2024-10-31 12:15:54.554 [info] > git for-each-ref --format=%(refname)%00%(upstream:short)%00%(objectname)%00%(upstream:track)%00%(upstream:remotename)%00%(upstream:remoteref) refs/heads/origin/main refs/remotes/origin/main [2ms]
2024-10-31 12:16:00.533 [info] > git config --get commit.template [9ms]
2024-10-31 12:16:00.535 [info] > git for-each-ref --format=%(refname)%00%(upstream:short)%00%(objectname)%00%(upstream:track)%00%(upstream:remotename)%00%(upstream:remoteref) refs/heads/FEAT/Home refs/remotes/FEAT/Home [2ms]
2024-10-31 12:16:00.549 [info] > git status -z -uall [6ms]
2024-10-31 12:16:00.561 [info] > git for-each-ref --format=%(refname)%00%(upstream:short)%00%(objectname)%00%(upstream:track)%00%(upstream:remotename)%00%(upstream:remoteref) refs/heads/FEAT/Home refs/remotes/FEAT/Home [3ms]
2024-10-31 12:16:00.570 [info] > git config --local branch.FEAT/Home.vscode-merge-base [2ms]
2024-10-31 12:16:00.578 [info] > git for-each-ref --format=%(refname)%00%(upstream:short)%00%(objectname)%00%(upstream:track)%00%(upstream:remotename)%00%(upstream:remoteref) refs/heads/origin/main refs/remotes/origin/main [1ms]
2024-10-31 12:16:07.861 [info] > git config --get commit.template [7ms]
2024-10-31 12:16:07.863 [info] > git for-each-ref --format=%(refname)%00%(upstream:short)%00%(objectname)%00%(upstream:track)%00%(upstream:remotename)%00%(upstream:remoteref) refs/heads/FEAT/Home refs/remotes/FEAT/Home [1ms]
2024-10-31 12:16:07.875 [info] > git status -z -uall [6ms]
2024-10-31 12:16:07.887 [info] > git for-each-ref --format=%(refname)%00%(upstream:short)%00%(objectname)%00%(upstream:track)%00%(upstream:remotename)%00%(upstream:remoteref) refs/heads/FEAT/Home refs/remotes/FEAT/Home [3ms]
2024-10-31 12:16:07.896 [info] > git config --local branch.FEAT/Home.vscode-merge-base [2ms]
2024-10-31 12:16:07.903 [info] > git for-each-ref --format=%(refname)%00%(upstream:short)%00%(objectname)%00%(upstream:track)%00%(upstream:remotename)%00%(upstream:remoteref) refs/heads/origin/main refs/remotes/origin/main [2ms]
2024-10-31 12:16:22.942 [info] > git config --get commit.template [1ms]
2024-10-31 12:16:22.948 [info] > git for-each-ref --format=%(refname)%00%(upstream:short)%00%(objectname)%00%(upstream:track)%00%(upstream:remotename)%00%(upstream:remoteref) refs/heads/FEAT/Home refs/remotes/FEAT/Home [1ms]
2024-10-31 12:16:22.958 [info] > git status -z -uall [5ms]
2024-10-31 12:16:22.966 [info] > git for-each-ref --format=%(refname)%00%(upstream:short)%00%(objectname)%00%(upstream:track)%00%(upstream:remotename)%00%(upstream:remoteref) refs/heads/FEAT/Home refs/remotes/FEAT/Home [2ms]
2024-10-31 12:16:22.973 [info] > git config --local branch.FEAT/Home.vscode-merge-base [1ms]
2024-10-31 12:16:22.979 [info] > git for-each-ref --format=%(refname)%00%(upstream:short)%00%(objectname)%00%(upstream:track)%00%(upstream:remotename)%00%(upstream:remoteref) refs/heads/origin/main refs/remotes/origin/main [1ms]
2024-10-31 12:16:32.410 [info] > git show --textconv :src/app/(home)/pixArea/home/style.ts [7ms]
2024-10-31 12:16:32.411 [info] > git ls-files --stage -- /home/bicutoru/Documents/AtlasFinanceApp/AtlasFx-AppBase/src/app/(home)/pixArea/home/style.ts [2ms]
2024-10-31 12:16:32.419 [info] > git cat-file -s ee066f2169df9b05222f2af27c308afd975ede1b [3ms]
2024-10-31 12:16:58.159 [info] > git config --get commit.template [9ms]
2024-10-31 12:16:58.160 [info] > git for-each-ref --format=%(refname)%00%(upstream:short)%00%(objectname)%00%(upstream:track)%00%(upstream:remotename)%00%(upstream:remoteref) refs/heads/FEAT/Home refs/remotes/FEAT/Home [2ms]
2024-10-31 12:16:58.170 [info] > git status -z -uall [4ms]
2024-10-31 12:16:58.180 [info] > git for-each-ref --format=%(refname)%00%(upstream:short)%00%(objectname)%00%(upstream:track)%00%(upstream:remotename)%00%(upstream:remoteref) refs/heads/FEAT/Home refs/remotes/FEAT/Home [2ms]
2024-10-31 12:16:58.189 [info] > git config --local branch.FEAT/Home.vscode-merge-base [2ms]
2024-10-31 12:16:58.196 [info] > git for-each-ref --format=%(refname)%00%(upstream:short)%00%(objectname)%00%(upstream:track)%00%(upstream:remotename)%00%(upstream:remoteref) refs/heads/origin/main refs/remotes/origin/main [2ms]
2024-10-31 12:17:27.756 [info] > git config --get commit.template [11ms]
2024-10-31 12:17:27.757 [info] > git for-each-ref --format=%(refname)%00%(upstream:short)%00%(objectname)%00%(upstream:track)%00%(upstream:remotename)%00%(upstream:remoteref) refs/heads/FEAT/Home refs/remotes/FEAT/Home [3ms]
2024-10-31 12:17:27.768 [info] > git status -z -uall [5ms]
2024-10-31 12:17:27.779 [info] > git for-each-ref --format=%(refname)%00%(upstream:short)%00%(objectname)%00%(upstream:track)%00%(upstream:remotename)%00%(upstream:remoteref) refs/heads/FEAT/Home refs/remotes/FEAT/Home [3ms]
2024-10-31 12:17:27.789 [info] > git config --local branch.FEAT/Home.vscode-merge-base [3ms]
2024-10-31 12:17:27.798 [info] > git for-each-ref --format=%(refname)%00%(upstream:short)%00%(objectname)%00%(upstream:track)%00%(upstream:remotename)%00%(upstream:remoteref) refs/heads/origin/main refs/remotes/origin/main [2ms]
2024-10-31 12:17:28.022 [info] > git show --textconv :src/app/(home)/pixArea/home/index.tsx [8ms]
2024-10-31 12:17:28.024 [info] > git ls-files --stage -- /home/bicutoru/Documents/AtlasFinanceApp/AtlasFx-AppBase/src/app/(home)/pixArea/home/index.tsx [2ms]
2024-10-31 12:17:28.031 [info] > git cat-file -s 4dbe19dab958b619de6d574d445d567b2dbf0f8c [1ms]
2024-10-31 12:22:36.471 [info] > git show --textconv :src/app/(home)/pixArea/home/style.ts [9ms]
2024-10-31 12:22:36.472 [info] > git ls-files --stage -- /home/bicutoru/Documents/AtlasFinanceApp/AtlasFx-AppBase/src/app/(home)/pixArea/home/style.ts [2ms]
2024-10-31 12:22:36.484 [info] > git cat-file -s ee066f2169df9b05222f2af27c308afd975ede1b [3ms]
2024-10-31 12:23:26.861 [info] > git config --get commit.template [10ms]
2024-10-31 12:23:26.863 [info] > git for-each-ref --format=%(refname)%00%(upstream:short)%00%(objectname)%00%(upstream:track)%00%(upstream:remotename)%00%(upstream:remoteref) refs/heads/FEAT/Home refs/remotes/FEAT/Home [3ms]
2024-10-31 12:23:26.878 [info] > git status -z -uall [6ms]
2024-10-31 12:23:26.890 [info] > git for-each-ref --format=%(refname)%00%(upstream:short)%00%(objectname)%00%(upstream:track)%00%(upstream:remotename)%00%(upstream:remoteref) refs/heads/FEAT/Home refs/remotes/FEAT/Home [2ms]
2024-10-31 12:23:26.899 [info] > git config --local branch.FEAT/Home.vscode-merge-base [2ms]
2024-10-31 12:23:26.908 [info] > git for-each-ref --format=%(refname)%00%(upstream:short)%00%(objectname)%00%(upstream:track)%00%(upstream:remotename)%00%(upstream:remoteref) refs/heads/origin/main refs/remotes/origin/main [1ms]
2024-10-31 12:24:27.476 [info] > git config --get commit.template [4ms]
2024-10-31 12:24:27.493 [info] > git for-each-ref --format=%(refname)%00%(upstream:short)%00%(objectname)%00%(upstream:track)%00%(upstream:remotename)%00%(upstream:remoteref) refs/heads/FEAT/Home refs/remotes/FEAT/Home [3ms]
2024-10-31 12:24:27.512 [info] > git status -z -uall [8ms]
2024-10-31 12:24:27.531 [info] > git for-each-ref --format=%(refname)%00%(upstream:short)%00%(objectname)%00%(upstream:track)%00%(upstream:remotename)%00%(upstream:remoteref) refs/heads/FEAT/Home refs/remotes/FEAT/Home [4ms]
2024-10-31 12:24:27.540 [info] > git config --local branch.FEAT/Home.vscode-merge-base [2ms]
2024-10-31 12:24:27.551 [info] > git for-each-ref --format=%(refname)%00%(upstream:short)%00%(objectname)%00%(upstream:track)%00%(upstream:remotename)%00%(upstream:remoteref) refs/heads/origin/main refs/remotes/origin/main [1ms]
2024-10-31 12:24:47.667 [info] > git config --get commit.template [19ms]
2024-10-31 12:24:47.671 [info] > git for-each-ref --format=%(refname)%00%(upstream:short)%00%(objectname)%00%(upstream:track)%00%(upstream:remotename)%00%(upstream:remoteref) refs/heads/FEAT/Home refs/remotes/FEAT/Home [4ms]
2024-10-31 12:24:47.693 [info] > git status -z -uall [5ms]
2024-10-31 12:24:47.702 [info] > git for-each-ref --format=%(refname)%00%(upstream:short)%00%(objectname)%00%(upstream:track)%00%(upstream:remotename)%00%(upstream:remoteref) refs/heads/FEAT/Home refs/remotes/FEAT/Home [1ms]
2024-10-31 12:24:47.708 [info] > git config --local branch.FEAT/Home.vscode-merge-base [1ms]
2024-10-31 12:24:47.714 [info] > git for-each-ref --format=%(refname)%00%(upstream:short)%00%(objectname)%00%(upstream:track)%00%(upstream:remotename)%00%(upstream:remoteref) refs/heads/origin/main refs/remotes/origin/main [1ms]
2024-10-31 14:34:13.920 [info] > git show --textconv :src/app/(home)/notification/index.tsx [15ms]
2024-10-31 14:34:13.922 [info] > git ls-files --stage -- /home/bicutoru/Documents/AtlasFinanceApp/AtlasFx-AppBase/src/app/(home)/notification/index.tsx [3ms]
2024-10-31 14:34:13.939 [info] > git cat-file -s 20cbac898ac045c4e9212e25cfacba9a216b55ba [2ms]
2024-10-31 14:34:28.253 [info] > git config --get commit.template [21ms]
2024-10-31 14:34:28.257 [info] > git for-each-ref --format=%(refname)%00%(upstream:short)%00%(objectname)%00%(upstream:track)%00%(upstream:remotename)%00%(upstream:remoteref) refs/heads/FEAT/Home refs/remotes/FEAT/Home [6ms]
2024-10-31 14:34:28.288 [info] > git status -z -uall [13ms]
2024-10-31 14:34:28.305 [info] > git for-each-ref --format=%(refname)%00%(upstream:short)%00%(objectname)%00%(upstream:track)%00%(upstream:remotename)%00%(upstream:remoteref) refs/heads/FEAT/Home refs/remotes/FEAT/Home [4ms]
2024-10-31 14:34:28.319 [info] > git config --local branch.FEAT/Home.vscode-merge-base [3ms]
2024-10-31 14:34:28.330 [info] > git for-each-ref --format=%(refname)%00%(upstream:short)%00%(objectname)%00%(upstream:track)%00%(upstream:remotename)%00%(upstream:remoteref) refs/heads/origin/main refs/remotes/origin/main [2ms]
2024-10-31 14:34:39.527 [info] > git config --get commit.template [22ms]
2024-10-31 14:34:39.530 [info] > git for-each-ref --format=%(refname)%00%(upstream:short)%00%(objectname)%00%(upstream:track)%00%(upstream:remotename)%00%(upstream:remoteref) refs/heads/FEAT/Home refs/remotes/FEAT/Home [4ms]
2024-10-31 14:34:39.565 [info] > git status -z -uall [16ms]
2024-10-31 14:34:39.592 [info] > git for-each-ref --format=%(refname)%00%(upstream:short)%00%(objectname)%00%(upstream:track)%00%(upstream:remotename)%00%(upstream:remoteref) refs/heads/FEAT/Home refs/remotes/FEAT/Home [5ms]
2024-10-31 14:34:39.615 [info] > git config --local branch.FEAT/Home.vscode-merge-base [5ms]
2024-10-31 14:34:39.639 [info] > git for-each-ref --format=%(refname)%00%(upstream:short)%00%(objectname)%00%(upstream:track)%00%(upstream:remotename)%00%(upstream:remoteref) refs/heads/origin/main refs/remotes/origin/main [7ms]
2024-10-31 14:34:51.372 [info] > git config --get commit.template [12ms]
2024-10-31 14:34:51.373 [info] > git for-each-ref --format=%(refname)%00%(upstream:short)%00%(objectname)%00%(upstream:track)%00%(upstream:remotename)%00%(upstream:remoteref) refs/heads/FEAT/Home refs/remotes/FEAT/Home [3ms]
2024-10-31 14:34:51.393 [info] > git status -z -uall [8ms]
2024-10-31 14:34:51.410 [info] > git for-each-ref --format=%(refname)%00%(upstream:short)%00%(objectname)%00%(upstream:track)%00%(upstream:remotename)%00%(upstream:remoteref) refs/heads/FEAT/Home refs/remotes/FEAT/Home [5ms]
2024-10-31 14:34:51.424 [info] > git config --local branch.FEAT/Home.vscode-merge-base [3ms]
2024-10-31 14:34:51.432 [info] > git for-each-ref --format=%(refname)%00%(upstream:short)%00%(objectname)%00%(upstream:track)%00%(upstream:remotename)%00%(upstream:remoteref) refs/heads/origin/main refs/remotes/origin/main [2ms]
2024-10-31 14:34:57.804 [info] > git config --get commit.template [18ms]
2024-10-31 14:34:57.808 [info] > git for-each-ref --format=%(refname)%00%(upstream:short)%00%(objectname)%00%(upstream:track)%00%(upstream:remotename)%00%(upstream:remoteref) refs/heads/FEAT/Home refs/remotes/FEAT/Home [4ms]
2024-10-31 14:34:57.838 [info] > git status -z -uall [13ms]
2024-10-31 14:34:57.853 [info] > git for-each-ref --format=%(refname)%00%(upstream:short)%00%(objectname)%00%(upstream:track)%00%(upstream:remotename)%00%(upstream:remoteref) refs/heads/FEAT/Home refs/remotes/FEAT/Home [5ms]
2024-10-31 14:34:57.864 [info] > git config --local branch.FEAT/Home.vscode-merge-base [1ms]
2024-10-31 14:34:57.877 [info] > git for-each-ref --format=%(refname)%00%(upstream:short)%00%(objectname)%00%(upstream:track)%00%(upstream:remotename)%00%(upstream:remoteref) refs/heads/origin/main refs/remotes/origin/main [1ms]
2024-10-31 14:35:09.236 [info] > git show --textconv :src/app/(home)/notification/style.ts [10ms]
2024-10-31 14:35:09.239 [info] > git ls-files --stage -- /home/bicutoru/Documents/AtlasFinanceApp/AtlasFx-AppBase/src/app/(home)/notification/style.ts [4ms]
2024-10-31 14:35:09.248 [info] > git cat-file -s 3041e608adc90bd3b102210653c425a59bc90ec2 [2ms]
2024-10-31 14:35:17.314 [info] > git config --get commit.template [11ms]
2024-10-31 14:35:17.316 [info] > git for-each-ref --format=%(refname)%00%(upstream:short)%00%(objectname)%00%(upstream:track)%00%(upstream:remotename)%00%(upstream:remoteref) refs/heads/FEAT/Home refs/remotes/FEAT/Home [3ms]
2024-10-31 14:35:17.335 [info] > git status -z -uall [9ms]
2024-10-31 14:35:17.349 [info] > git for-each-ref --format=%(refname)%00%(upstream:short)%00%(objectname)%00%(upstream:track)%00%(upstream:remotename)%00%(upstream:remoteref) refs/heads/FEAT/Home refs/remotes/FEAT/Home [3ms]
2024-10-31 14:35:17.360 [info] > git config --local branch.FEAT/Home.vscode-merge-base [2ms]
2024-10-31 14:35:17.371 [info] > git for-each-ref --format=%(refname)%00%(upstream:short)%00%(objectname)%00%(upstream:track)%00%(upstream:remotename)%00%(upstream:remoteref) refs/heads/origin/main refs/remotes/origin/main [2ms]
2024-10-31 14:35:47.916 [info] > git config --get commit.template [24ms]
2024-10-31 14:35:47.920 [info] > git for-each-ref --format=%(refname)%00%(upstream:short)%00%(objectname)%00%(upstream:track)%00%(upstream:remotename)%00%(upstream:remoteref) refs/heads/FEAT/Home refs/remotes/FEAT/Home [6ms]
2024-10-31 14:35:47.961 [info] > git status -z -uall [18ms]
2024-10-31 14:35:47.995 [info] > git for-each-ref --format=%(refname)%00%(upstream:short)%00%(objectname)%00%(upstream:track)%00%(upstream:remotename)%00%(upstream:remoteref) refs/heads/FEAT/Home refs/remotes/FEAT/Home [7ms]
2024-10-31 14:35:48.021 [info] > git config --local branch.FEAT/Home.vscode-merge-base [5ms]
2024-10-31 14:35:48.046 [info] > git for-each-ref --format=%(refname)%00%(upstream:short)%00%(objectname)%00%(upstream:track)%00%(upstream:remotename)%00%(upstream:remoteref) refs/heads/origin/main refs/remotes/origin/main [4ms]
2024-10-31 14:40:48.888 [info] > git config --get commit.template [10ms]
2024-10-31 14:40:48.891 [info] > git for-each-ref --format=%(refname)%00%(upstream:short)%00%(objectname)%00%(upstream:track)%00%(upstream:remotename)%00%(upstream:remoteref) refs/heads/FEAT/Home refs/remotes/FEAT/Home [4ms]
2024-10-31 14:40:48.907 [info] > git status -z -uall [9ms]
2024-10-31 14:40:48.923 [info] > git for-each-ref --format=%(refname)%00%(upstream:short)%00%(objectname)%00%(upstream:track)%00%(upstream:remotename)%00%(upstream:remoteref) refs/heads/FEAT/Home refs/remotes/FEAT/Home [5ms]
2024-10-31 14:40:48.937 [info] > git config --local branch.FEAT/Home.vscode-merge-base [4ms]
2024-10-31 14:40:48.948 [info] > git for-each-ref --format=%(refname)%00%(upstream:short)%00%(objectname)%00%(upstream:track)%00%(upstream:remotename)%00%(upstream:remoteref) refs/heads/origin/main refs/remotes/origin/main [2ms]
2024-10-31 14:40:50.770 [info] > git show --textconv :src/app/(home)/notification/index.tsx [11ms]
2024-10-31 14:40:50.773 [info] > git ls-files --stage -- /home/bicutoru/Documents/AtlasFinanceApp/AtlasFx-AppBase/src/app/(home)/notification/index.tsx [6ms]
2024-10-31 14:40:50.782 [info] > git cat-file -s 20cbac898ac045c4e9212e25cfacba9a216b55ba [2ms]
2024-10-31 14:41:30.909 [info] > git show --textconv :src/app/(home)/notification/style.ts [16ms]
2024-10-31 14:41:30.910 [info] > git ls-files --stage -- /home/bicutoru/Documents/AtlasFinanceApp/AtlasFx-AppBase/src/app/(home)/notification/style.ts [2ms]
2024-10-31 14:41:30.923 [info] > git cat-file -s 3041e608adc90bd3b102210653c425a59bc90ec2 [4ms]
2024-10-31 14:41:41.565 [info] > git show --textconv :src/app/(home)/pixArea/home/style.ts [8ms]
2024-10-31 14:41:41.568 [info] > git ls-files --stage -- /home/bicutoru/Documents/AtlasFinanceApp/AtlasFx-AppBase/src/app/(home)/pixArea/home/style.ts [3ms]
2024-10-31 14:41:41.579 [info] > git cat-file -s ee066f2169df9b05222f2af27c308afd975ede1b [3ms]
2024-10-31 14:41:49.804 [info] > git check-ignore -v -z --stdin [2ms]
2024-10-31 14:41:51.240 [info] > git check-ignore -v -z --stdin [1ms]
2024-10-31 14:41:51.965 [info] > git show --textconv :src/app/(home)/profile/faq/index.tsx [31ms]
2024-10-31 14:41:51.965 [info] > git ls-files --stage -- /home/bicutoru/Documents/AtlasFinanceApp/AtlasFx-AppBase/src/app/(home)/profile/faq/index.tsx [13ms]
2024-10-31 14:41:51.993 [info] > git cat-file -s 0192744adbae7030c83028a53fd951d4c2a47180 [10ms]
2024-10-31 14:42:01.196 [info] > git show --textconv :src/app/(home)/profile/faq/style.ts [8ms]
2024-10-31 14:42:01.197 [info] > git ls-files --stage -- /home/bicutoru/Documents/AtlasFinanceApp/AtlasFx-AppBase/src/app/(home)/profile/faq/style.ts [2ms]
2024-10-31 14:42:01.211 [info] > git cat-file -s c358f2345cde10c8766aac40496a8808f9ff083e [3ms]
2024-10-31 14:42:09.443 [info] > git show --textconv :src/app/(home)/profile/faq/index.tsx [10ms]
2024-10-31 14:42:09.444 [info] > git ls-files --stage -- /home/bicutoru/Documents/AtlasFinanceApp/AtlasFx-AppBase/src/app/(home)/profile/faq/index.tsx [1ms]
2024-10-31 14:42:09.455 [info] > git cat-file -s 0192744adbae7030c83028a53fd951d4c2a47180 [2ms]
2024-10-31 14:42:14.235 [info] > git show --textconv :src/components/DropdownWithText/index.tsx [14ms]
2024-10-31 14:42:14.240 [info] > git ls-files --stage -- /home/bicutoru/Documents/AtlasFinanceApp/AtlasFx-AppBase/src/components/DropdownWithText/index.tsx [7ms]
2024-10-31 14:42:14.259 [info] > git cat-file -s 5d17a42dafa25f6014149e327136ed0247b497b0 [5ms]
2024-10-31 14:42:14.656 [info] > git check-ignore -v -z --stdin [2ms]
2024-10-31 14:42:17.069 [info] > git show --textconv :src/components/DropdownWithText/style.ts [24ms]
2024-10-31 14:42:17.081 [info] > git ls-files --stage -- /home/bicutoru/Documents/AtlasFinanceApp/AtlasFx-AppBase/src/components/DropdownWithText/style.ts [15ms]
2024-10-31 14:42:17.098 [info] > git cat-file -s f74890f984c628ad80ec0c58e4e31c3d341546f5 [3ms]
2024-10-31 14:42:29.699 [info] > git config --get commit.template [20ms]
2024-10-31 14:42:29.703 [info] > git for-each-ref --format=%(refname)%00%(upstream:short)%00%(objectname)%00%(upstream:track)%00%(upstream:remotename)%00%(upstream:remoteref) refs/heads/FEAT/Home refs/remotes/FEAT/Home [6ms]
2024-10-31 14:42:29.729 [info] > git status -z -uall [9ms]
2024-10-31 14:42:29.746 [info] > git for-each-ref --format=%(refname)%00%(upstream:short)%00%(objectname)%00%(upstream:track)%00%(upstream:remotename)%00%(upstream:remoteref) refs/heads/FEAT/Home refs/remotes/FEAT/Home [4ms]
2024-10-31 14:42:29.756 [info] > git config --local branch.FEAT/Home.vscode-merge-base [2ms]
2024-10-31 14:42:29.763 [info] > git for-each-ref --format=%(refname)%00%(upstream:short)%00%(objectname)%00%(upstream:track)%00%(upstream:remotename)%00%(upstream:remoteref) refs/heads/origin/main refs/remotes/origin/main [1ms]
2024-10-31 14:42:47.345 [info] > git config --get commit.template [19ms]
2024-10-31 14:42:47.348 [info] > git for-each-ref --format=%(refname)%00%(upstream:short)%00%(objectname)%00%(upstream:track)%00%(upstream:remotename)%00%(upstream:remoteref) refs/heads/FEAT/Home refs/remotes/FEAT/Home [5ms]
2024-10-31 14:42:47.381 [info] > git status -z -uall [15ms]
2024-10-31 14:42:47.405 [info] > git for-each-ref --format=%(refname)%00%(upstream:short)%00%(objectname)%00%(upstream:track)%00%(upstream:remotename)%00%(upstream:remoteref) refs/heads/FEAT/Home refs/remotes/FEAT/Home [6ms]
2024-10-31 14:42:47.435 [info] > git config --local branch.FEAT/Home.vscode-merge-base [5ms]
2024-10-31 14:42:47.461 [info] > git for-each-ref --format=%(refname)%00%(upstream:short)%00%(objectname)%00%(upstream:track)%00%(upstream:remotename)%00%(upstream:remoteref) refs/heads/origin/main refs/remotes/origin/main [4ms]
2024-10-31 14:42:57.617 [info] > git config --get commit.template [19ms]
2024-10-31 14:42:57.624 [info] > git for-each-ref --format=%(refname)%00%(upstream:short)%00%(objectname)%00%(upstream:track)%00%(upstream:remotename)%00%(upstream:remoteref) refs/heads/FEAT/Home refs/remotes/FEAT/Home [8ms]
2024-10-31 14:42:57.659 [info] > git status -z -uall [17ms]
2024-10-31 14:42:57.683 [info] > git for-each-ref --format=%(refname)%00%(upstream:short)%00%(objectname)%00%(upstream:track)%00%(upstream:remotename)%00%(upstream:remoteref) refs/heads/FEAT/Home refs/remotes/FEAT/Home [5ms]
2024-10-31 14:42:57.710 [info] > git config --local branch.FEAT/Home.vscode-merge-base [3ms]
2024-10-31 14:42:57.731 [info] > git for-each-ref --format=%(refname)%00%(upstream:short)%00%(objectname)%00%(upstream:track)%00%(upstream:remotename)%00%(upstream:remoteref) refs/heads/origin/main refs/remotes/origin/main [5ms]
2024-10-31 14:43:06.857 [info] > git show --textconv :src/components/DropdownWithText/index.tsx [10ms]
2024-10-31 14:43:06.859 [info] > git ls-files --stage -- /home/bicutoru/Documents/AtlasFinanceApp/AtlasFx-AppBase/src/components/DropdownWithText/index.tsx [3ms]
2024-10-31 14:43:06.871 [info] > git cat-file -s 5d17a42dafa25f6014149e327136ed0247b497b0 [2ms]
2024-10-31 14:43:18.828 [info] > git show --textconv :src/app/(home)/profile/faq/index.tsx [11ms]
2024-10-31 14:43:18.830 [info] > git ls-files --stage -- /home/bicutoru/Documents/AtlasFinanceApp/AtlasFx-AppBase/src/app/(home)/profile/faq/index.tsx [2ms]
2024-10-31 14:43:18.841 [info] > git cat-file -s 0192744adbae7030c83028a53fd951d4c2a47180 [2ms]
2024-10-31 14:43:22.725 [info] > git show --textconv :src/app/(home)/profile/faq/style.ts [24ms]
2024-10-31 14:43:22.733 [info] > git ls-files --stage -- /home/bicutoru/Documents/AtlasFinanceApp/AtlasFx-AppBase/src/app/(home)/profile/faq/style.ts [11ms]
2024-10-31 14:43:22.748 [info] > git cat-file -s c358f2345cde10c8766aac40496a8808f9ff083e [3ms]
2024-10-31 14:43:30.139 [info] > git config --get commit.template [20ms]
2024-10-31 14:43:30.142 [info] > git for-each-ref --format=%(refname)%00%(upstream:short)%00%(objectname)%00%(upstream:track)%00%(upstream:remotename)%00%(upstream:remoteref) refs/heads/FEAT/Home refs/remotes/FEAT/Home [4ms]
2024-10-31 14:43:30.177 [info] > git status -z -uall [16ms]
2024-10-31 14:43:30.198 [info] > git for-each-ref --format=%(refname)%00%(upstream:short)%00%(objectname)%00%(upstream:track)%00%(upstream:remotename)%00%(upstream:remoteref) refs/heads/FEAT/Home refs/remotes/FEAT/Home [3ms]
2024-10-31 14:43:30.211 [info] > git config --local branch.FEAT/Home.vscode-merge-base [1ms]
2024-10-31 14:43:30.221 [info] > git for-each-ref --format=%(refname)%00%(upstream:short)%00%(objectname)%00%(upstream:track)%00%(upstream:remotename)%00%(upstream:remoteref) refs/heads/origin/main refs/remotes/origin/main [2ms]
2024-10-31 14:48:09.675 [info] > git show --textconv :src/app/(home)/pixArea/index.tsx [10ms]
2024-10-31 14:48:09.677 [info] > git ls-files --stage -- /home/bicutoru/Documents/AtlasFinanceApp/AtlasFx-AppBase/src/app/(home)/pixArea/index.tsx [3ms]
2024-10-31 14:48:09.693 [info] > git cat-file -s beca166f52b6a078e4d92252e2f1690698355d60 [3ms]
2024-10-31 14:48:17.046 [info] > git show --textconv :src/components/DropdownWithText/style.ts [22ms]
2024-10-31 14:48:17.053 [info] > git ls-files --stage -- /home/bicutoru/Documents/AtlasFinanceApp/AtlasFx-AppBase/src/components/DropdownWithText/style.ts [10ms]
2024-10-31 14:48:17.069 [info] > git cat-file -s f74890f984c628ad80ec0c58e4e31c3d341546f5 [3ms]
2024-10-31 14:48:20.506 [info] > git show --textconv :src/app/(home)/pixArea/index.tsx [15ms]
2024-10-31 14:48:20.507 [info] > git ls-files --stage -- /home/bicutoru/Documents/AtlasFinanceApp/AtlasFx-AppBase/src/app/(home)/pixArea/index.tsx [1ms]
2024-10-31 14:48:20.518 [info] > git cat-file -s beca166f52b6a078e4d92252e2f1690698355d60 [3ms]
2024-10-31 14:48:21.096 [info] > git show --textconv :src/app/(home)/profile/faq/index.tsx [9ms]
2024-10-31 14:48:21.097 [info] > git ls-files --stage -- /home/bicutoru/Documents/AtlasFinanceApp/AtlasFx-AppBase/src/app/(home)/profile/faq/index.tsx [2ms]
2024-10-31 14:48:21.110 [info] > git cat-file -s 0192744adbae7030c83028a53fd951d4c2a47180 [2ms]
2024-10-31 14:48:21.846 [info] > git show --textconv :src/app/(home)/pixArea/index.tsx [11ms]
2024-10-31 14:48:21.848 [info] > git ls-files --stage -- /home/bicutoru/Documents/AtlasFinanceApp/AtlasFx-AppBase/src/app/(home)/pixArea/index.tsx [2ms]
2024-10-31 14:48:21.866 [info] > git cat-file -s beca166f52b6a078e4d92252e2f1690698355d60 [5ms]
2024-10-31 14:48:23.596 [info] > git show --textconv :src/app/(home)/pixArea/home/index.tsx [14ms]
2024-10-31 14:48:23.602 [info] > git ls-files --stage -- /home/bicutoru/Documents/AtlasFinanceApp/AtlasFx-AppBase/src/app/(home)/pixArea/home/index.tsx [7ms]
2024-10-31 14:48:23.613 [info] > git cat-file -s 4dbe19dab958b619de6d574d445d567b2dbf0f8c [2ms]
2024-10-31 14:49:11.620 [info] > git show --textconv :src/app/(home)/pixArea/home/style.ts [26ms]
2024-10-31 14:49:11.632 [info] > git ls-files --stage -- /home/bicutoru/Documents/AtlasFinanceApp/AtlasFx-AppBase/src/app/(home)/pixArea/home/style.ts [15ms]
2024-10-31 14:49:11.669 [info] > git cat-file -s ee066f2169df9b05222f2af27c308afd975ede1b [13ms]
2024-10-31 14:49:26.147 [info] > git config --get commit.template [18ms]
2024-10-31 14:49:26.150 [info] > git for-each-ref --format=%(refname)%00%(upstream:short)%00%(objectname)%00%(upstream:track)%00%(upstream:remotename)%00%(upstream:remoteref) refs/heads/FEAT/Home refs/remotes/FEAT/Home [4ms]
2024-10-31 14:49:26.173 [info] > git status -z -uall [9ms]
2024-10-31 14:49:26.183 [info] > git for-each-ref --format=%(refname)%00%(upstream:short)%00%(objectname)%00%(upstream:track)%00%(upstream:remotename)%00%(upstream:remoteref) refs/heads/FEAT/Home refs/remotes/FEAT/Home [3ms]
2024-10-31 14:49:26.195 [info] > git config --local branch.FEAT/Home.vscode-merge-base [3ms]
2024-10-31 14:49:26.211 [info] > git for-each-ref --format=%(refname)%00%(upstream:short)%00%(objectname)%00%(upstream:track)%00%(upstream:remotename)%00%(upstream:remoteref) refs/heads/origin/main refs/remotes/origin/main [2ms]
2024-10-31 14:51:05.991 [info] > git show --textconv :src/app/(home)/pixArea/home/index.tsx [11ms]
2024-10-31 14:51:05.994 [info] > git ls-files --stage -- /home/bicutoru/Documents/AtlasFinanceApp/AtlasFx-AppBase/src/app/(home)/pixArea/home/index.tsx [4ms]
2024-10-31 14:51:06.005 [info] > git cat-file -s 4dbe19dab958b619de6d574d445d567b2dbf0f8c [4ms]
2024-10-31 14:53:17.535 [info] > git show --textconv :src/app/(home)/pixArea/home/style.ts [8ms]
2024-10-31 14:53:17.538 [info] > git ls-files --stage -- /home/bicutoru/Documents/AtlasFinanceApp/AtlasFx-AppBase/src/app/(home)/pixArea/home/style.ts [4ms]
2024-10-31 14:53:17.548 [info] > git cat-file -s ee066f2169df9b05222f2af27c308afd975ede1b [2ms]
2024-10-31 14:53:31.219 [info] > git config --get commit.template [20ms]
2024-10-31 14:53:31.221 [info] > git for-each-ref --format=%(refname)%00%(upstream:short)%00%(objectname)%00%(upstream:track)%00%(upstream:remotename)%00%(upstream:remoteref) refs/heads/FEAT/Home refs/remotes/FEAT/Home [5ms]
2024-10-31 14:53:31.257 [info] > git status -z -uall [19ms]
2024-10-31 14:53:31.285 [info] > git for-each-ref --format=%(refname)%00%(upstream:short)%00%(objectname)%00%(upstream:track)%00%(upstream:remotename)%00%(upstream:remoteref) refs/heads/FEAT/Home refs/remotes/FEAT/Home [8ms]
2024-10-31 14:53:31.319 [info] > git config --local branch.FEAT/Home.vscode-merge-base [6ms]
2024-10-31 14:53:31.341 [info] > git for-each-ref --format=%(refname)%00%(upstream:short)%00%(objectname)%00%(upstream:track)%00%(upstream:remotename)%00%(upstream:remoteref) refs/heads/origin/main refs/remotes/origin/main [5ms]
2024-10-31 14:54:43.396 [info] > git config --get commit.template [22ms]
2024-10-31 14:54:43.399 [info] > git for-each-ref --format=%(refname)%00%(upstream:short)%00%(objectname)%00%(upstream:track)%00%(upstream:remotename)%00%(upstream:remoteref) refs/heads/FEAT/Home refs/remotes/FEAT/Home [4ms]
2024-10-31 14:54:43.414 [info] > git status -z -uall [7ms]
2024-10-31 14:54:43.427 [info] > git for-each-ref --format=%(refname)%00%(upstream:short)%00%(objectname)%00%(upstream:track)%00%(upstream:remotename)%00%(upstream:remoteref) refs/heads/FEAT/Home refs/remotes/FEAT/Home [3ms]
2024-10-31 14:54:43.437 [info] > git config --local branch.FEAT/Home.vscode-merge-base [3ms]
2024-10-31 14:54:43.447 [info] > git for-each-ref --format=%(refname)%00%(upstream:short)%00%(objectname)%00%(upstream:track)%00%(upstream:remotename)%00%(upstream:remoteref) refs/heads/origin/main refs/remotes/origin/main [2ms]
2024-10-31 14:55:17.525 [info] > git show --textconv :src/app/(home)/pixArea/home/index.tsx [9ms]
2024-10-31 14:55:17.527 [info] > git ls-files --stage -- /home/bicutoru/Documents/AtlasFinanceApp/AtlasFx-AppBase/src/app/(home)/pixArea/home/index.tsx [2ms]
2024-10-31 14:55:17.536 [info] > git cat-file -s 4dbe19dab958b619de6d574d445d567b2dbf0f8c [2ms]
2024-10-31 14:55:22.819 [info] > git show --textconv :src/app/(home)/pixArea/home/style.ts [11ms]
2024-10-31 14:55:22.826 [info] > git ls-files --stage -- /home/bicutoru/Documents/AtlasFinanceApp/AtlasFx-AppBase/src/app/(home)/pixArea/home/style.ts [8ms]
2024-10-31 14:55:22.836 [info] > git cat-file -s ee066f2169df9b05222f2af27c308afd975ede1b [2ms]
2024-10-31 15:01:00.083 [info] > git config --get commit.template [26ms]
2024-10-31 15:01:00.088 [info] > git for-each-ref --format=%(refname)%00%(upstream:short)%00%(objectname)%00%(upstream:track)%00%(upstream:remotename)%00%(upstream:remoteref) refs/heads/FEAT/Home refs/remotes/FEAT/Home [6ms]
2024-10-31 15:01:00.145 [info] > git status -z -uall [25ms]
2024-10-31 15:01:00.190 [info] > git for-each-ref --format=%(refname)%00%(upstream:short)%00%(objectname)%00%(upstream:track)%00%(upstream:remotename)%00%(upstream:remoteref) refs/heads/FEAT/Home refs/remotes/FEAT/Home [5ms]
2024-10-31 15:01:00.217 [info] > git config --local branch.FEAT/Home.vscode-merge-base [2ms]
2024-10-31 15:01:00.237 [info] > git for-each-ref --format=%(refname)%00%(upstream:short)%00%(objectname)%00%(upstream:track)%00%(upstream:remotename)%00%(upstream:remoteref) refs/heads/origin/main refs/remotes/origin/main [5ms]
2024-10-31 15:01:33.197 [info] > git config --get commit.template [18ms]
2024-10-31 15:01:33.198 [info] > git for-each-ref --format=%(refname)%00%(upstream:short)%00%(objectname)%00%(upstream:track)%00%(upstream:remotename)%00%(upstream:remoteref) refs/heads/FEAT/Home refs/remotes/FEAT/Home [4ms]
2024-10-31 15:01:33.223 [info] > git status -z -uall [10ms]
2024-10-31 15:01:33.242 [info] > git for-each-ref --format=%(refname)%00%(upstream:short)%00%(objectname)%00%(upstream:track)%00%(upstream:remotename)%00%(upstream:remoteref) refs/heads/FEAT/Home refs/remotes/FEAT/Home [4ms]
2024-10-31 15:01:33.256 [info] > git config --local branch.FEAT/Home.vscode-merge-base [3ms]
2024-10-31 15:01:33.274 [info] > git for-each-ref --format=%(refname)%00%(upstream:short)%00%(objectname)%00%(upstream:track)%00%(upstream:remotename)%00%(upstream:remoteref) refs/heads/origin/main refs/remotes/origin/main [4ms]
2024-10-31 15:01:54.295 [info] > git config --get commit.template [7ms]
2024-10-31 15:01:54.327 [info] > git for-each-ref --format=%(refname)%00%(upstream:short)%00%(objectname)%00%(upstream:track)%00%(upstream:remotename)%00%(upstream:remoteref) refs/heads/FEAT/Home refs/remotes/FEAT/Home [4ms]
2024-10-31 15:01:54.364 [info] > git status -z -uall [12ms]
2024-10-31 15:01:54.390 [info] > git for-each-ref --format=%(refname)%00%(upstream:short)%00%(objectname)%00%(upstream:track)%00%(upstream:remotename)%00%(upstream:remoteref) refs/heads/FEAT/Home refs/remotes/FEAT/Home [3ms]
2024-10-31 15:01:54.416 [info] > git config --local branch.FEAT/Home.vscode-merge-base [2ms]
2024-10-31 15:01:54.433 [info] > git for-each-ref --format=%(refname)%00%(upstream:short)%00%(objectname)%00%(upstream:track)%00%(upstream:remotename)%00%(upstream:remoteref) refs/heads/origin/main refs/remotes/origin/main [4ms]
2024-10-31 15:02:22.365 [info] > git config --get commit.template [5ms]
2024-10-31 15:02:22.390 [info] > git for-each-ref --format=%(refname)%00%(upstream:short)%00%(objectname)%00%(upstream:track)%00%(upstream:remotename)%00%(upstream:remoteref) refs/heads/FEAT/Home refs/remotes/FEAT/Home [6ms]
2024-10-31 15:02:22.428 [info] > git status -z -uall [15ms]
2024-10-31 15:02:22.449 [info] > git for-each-ref --format=%(refname)%00%(upstream:short)%00%(objectname)%00%(upstream:track)%00%(upstream:remotename)%00%(upstream:remoteref) refs/heads/FEAT/Home refs/remotes/FEAT/Home [5ms]
2024-10-31 15:02:22.470 [info] > git config --local branch.FEAT/Home.vscode-merge-base [4ms]
2024-10-31 15:02:22.496 [info] > git for-each-ref --format=%(refname)%00%(upstream:short)%00%(objectname)%00%(upstream:track)%00%(upstream:remotename)%00%(upstream:remoteref) refs/heads/origin/main refs/remotes/origin/main [3ms]
2024-10-31 15:02:24.480 [info] > git show --textconv :src/app/(home)/pixArea/home/index.tsx [19ms]
2024-10-31 15:02:24.480 [info] > git ls-files --stage -- /home/bicutoru/Documents/AtlasFinanceApp/AtlasFx-AppBase/src/app/(home)/pixArea/home/index.tsx [4ms]
2024-10-31 15:02:24.503 [info] > git cat-file -s 4dbe19dab958b619de6d574d445d567b2dbf0f8c [6ms]
2024-10-31 15:02:43.267 [info] > git show --textconv :src/components/ButtonMenu/index.tsx [19ms]
2024-10-31 15:02:43.271 [info] > git ls-files --stage -- /home/bicutoru/Documents/AtlasFinanceApp/AtlasFx-AppBase/src/components/ButtonMenu/index.tsx [7ms]
2024-10-31 15:02:43.295 [info] > git cat-file -s 9a967815bd6e5540d568025c61085cc1b3fe73bd [5ms]
2024-10-31 15:02:43.743 [info] > git check-ignore -v -z --stdin [5ms]
2024-10-31 15:03:02.615 [info] > git show --textconv :src/components/ButtonMenu/style.ts [15ms]
2024-10-31 15:03:02.620 [info] > git ls-files --stage -- /home/bicutoru/Documents/AtlasFinanceApp/AtlasFx-AppBase/src/components/ButtonMenu/style.ts [6ms]
2024-10-31 15:03:02.638 [info] > git cat-file -s 37a3f6a2210c1115ad0b768426476ca950ed94ed [2ms]
2024-10-31 15:03:15.776 [info] > git config --get commit.template [13ms]
2024-10-31 15:03:15.778 [info] > git for-each-ref --format=%(refname)%00%(upstream:short)%00%(objectname)%00%(upstream:track)%00%(upstream:remotename)%00%(upstream:remoteref) refs/heads/FEAT/Home refs/remotes/FEAT/Home [3ms]
2024-10-31 15:03:15.797 [info] > git status -z -uall [10ms]
2024-10-31 15:03:15.818 [info] > git for-each-ref --format=%(refname)%00%(upstream:short)%00%(objectname)%00%(upstream:track)%00%(upstream:remotename)%00%(upstream:remoteref) refs/heads/FEAT/Home refs/remotes/FEAT/Home [5ms]
2024-10-31 15:03:15.834 [info] > git config --local branch.FEAT/Home.vscode-merge-base [2ms]
2024-10-31 15:03:15.849 [info] > git for-each-ref --format=%(refname)%00%(upstream:short)%00%(objectname)%00%(upstream:track)%00%(upstream:remotename)%00%(upstream:remoteref) refs/heads/origin/main refs/remotes/origin/main [3ms]
2024-10-31 15:03:21.063 [info] > git config --get commit.template [12ms]
2024-10-31 15:03:21.065 [info] > git for-each-ref --format=%(refname)%00%(upstream:short)%00%(objectname)%00%(upstream:track)%00%(upstream:remotename)%00%(upstream:remoteref) refs/heads/FEAT/Home refs/remotes/FEAT/Home [3ms]
2024-10-31 15:03:21.084 [info] > git status -z -uall [8ms]
2024-10-31 15:03:21.101 [info] > git for-each-ref --format=%(refname)%00%(upstream:short)%00%(objectname)%00%(upstream:track)%00%(upstream:remotename)%00%(upstream:remoteref) refs/heads/FEAT/Home refs/remotes/FEAT/Home [3ms]
2024-10-31 15:03:21.117 [info] > git config --local branch.FEAT/Home.vscode-merge-base [3ms]
2024-10-31 15:03:21.131 [info] > git for-each-ref --format=%(refname)%00%(upstream:short)%00%(objectname)%00%(upstream:track)%00%(upstream:remotename)%00%(upstream:remoteref) refs/heads/origin/main refs/remotes/origin/main [2ms]
2024-10-31 15:03:28.198 [info] > git show --textconv :src/components/ButtonMenu/index.tsx [17ms]
2024-10-31 15:03:28.202 [info] > git ls-files --stage -- /home/bicutoru/Documents/AtlasFinanceApp/AtlasFx-AppBase/src/components/ButtonMenu/index.tsx [5ms]
2024-10-31 15:03:28.219 [info] > git cat-file -s 9a967815bd6e5540d568025c61085cc1b3fe73bd [4ms]
2024-10-31 15:03:29.086 [info] > git show --textconv :src/app/(home)/pixArea/home/index.tsx [17ms]
2024-10-31 15:03:29.095 [info] > git ls-files --stage -- /home/bicutoru/Documents/AtlasFinanceApp/AtlasFx-AppBase/src/app/(home)/pixArea/home/index.tsx [10ms]
2024-10-31 15:03:29.109 [info] > git cat-file -s 4dbe19dab958b619de6d574d445d567b2dbf0f8c [4ms]
2024-10-31 15:03:30.255 [info] > git show --textconv :src/app/(home)/pixArea/home/style.ts [19ms]
2024-10-31 15:03:30.260 [info] > git ls-files --stage -- /home/bicutoru/Documents/AtlasFinanceApp/AtlasFx-AppBase/src/app/(home)/pixArea/home/style.ts [8ms]
2024-10-31 15:03:30.275 [info] > git cat-file -s ee066f2169df9b05222f2af27c308afd975ede1b [6ms]
2024-10-31 15:03:44.576 [info] > git config --get commit.template [24ms]
2024-10-31 15:03:44.577 [info] > git for-each-ref --format=%(refname)%00%(upstream:short)%00%(objectname)%00%(upstream:track)%00%(upstream:remotename)%00%(upstream:remoteref) refs/heads/FEAT/Home refs/remotes/FEAT/Home [4ms]
2024-10-31 15:03:44.609 [info] > git status -z -uall [12ms]
2024-10-31 15:03:44.643 [info] > git for-each-ref --format=%(refname)%00%(upstream:short)%00%(objectname)%00%(upstream:track)%00%(upstream:remotename)%00%(upstream:remoteref) refs/heads/FEAT/Home refs/remotes/FEAT/Home [10ms]
2024-10-31 15:03:44.678 [info] > git config --local branch.FEAT/Home.vscode-merge-base [7ms]
2024-10-31 15:03:44.709 [info] > git for-each-ref --format=%(refname)%00%(upstream:short)%00%(objectname)%00%(upstream:track)%00%(upstream:remotename)%00%(upstream:remoteref) refs/heads/origin/main refs/remotes/origin/main [9ms]
2024-10-31 15:04:49.353 [info] > git config --get commit.template [29ms]
2024-10-31 15:04:49.355 [info] > git for-each-ref --format=%(refname)%00%(upstream:short)%00%(objectname)%00%(upstream:track)%00%(upstream:remotename)%00%(upstream:remoteref) refs/heads/FEAT/Home refs/remotes/FEAT/Home [5ms]
2024-10-31 15:04:49.390 [info] > git status -z -uall [16ms]
2024-10-31 15:04:49.419 [info] > git for-each-ref --format=%(refname)%00%(upstream:short)%00%(objectname)%00%(upstream:track)%00%(upstream:remotename)%00%(upstream:remoteref) refs/heads/FEAT/Home refs/remotes/FEAT/Home [6ms]
2024-10-31 15:04:49.441 [info] > git config --local branch.FEAT/Home.vscode-merge-base [5ms]
2024-10-31 15:04:49.477 [info] > git for-each-ref --format=%(refname)%00%(upstream:short)%00%(objectname)%00%(upstream:track)%00%(upstream:remotename)%00%(upstream:remoteref) refs/heads/origin/main refs/remotes/origin/main [6ms]
2024-10-31 15:04:51.470 [info] > git show --textconv :src/components/ButtonMenu/style.ts [17ms]
2024-10-31 15:04:51.473 [info] > git ls-files --stage -- /home/bicutoru/Documents/AtlasFinanceApp/AtlasFx-AppBase/src/components/ButtonMenu/style.ts [6ms]
2024-10-31 15:04:51.486 [info] > git cat-file -s 37a3f6a2210c1115ad0b768426476ca950ed94ed [3ms]
2024-10-31 15:05:05.309 [info] > git config --get commit.template [11ms]
2024-10-31 15:05:05.311 [info] > git for-each-ref --format=%(refname)%00%(upstream:short)%00%(objectname)%00%(upstream:track)%00%(upstream:remotename)%00%(upstream:remoteref) refs/heads/FEAT/Home refs/remotes/FEAT/Home [3ms]
2024-10-31 15:05:05.330 [info] > git status -z -uall [10ms]
2024-10-31 15:05:05.347 [info] > git for-each-ref --format=%(refname)%00%(upstream:short)%00%(objectname)%00%(upstream:track)%00%(upstream:remotename)%00%(upstream:remoteref) refs/heads/FEAT/Home refs/remotes/FEAT/Home [5ms]
2024-10-31 15:05:05.363 [info] > git config --local branch.FEAT/Home.vscode-merge-base [2ms]
2024-10-31 15:05:05.377 [info] > git for-each-ref --format=%(refname)%00%(upstream:short)%00%(objectname)%00%(upstream:track)%00%(upstream:remotename)%00%(upstream:remoteref) refs/heads/origin/main refs/remotes/origin/main [2ms]
2024-10-31 15:05:14.185 [info] > git config --get commit.template [15ms]
2024-10-31 15:05:14.187 [info] > git for-each-ref --format=%(refname)%00%(upstream:short)%00%(objectname)%00%(upstream:track)%00%(upstream:remotename)%00%(upstream:remoteref) refs/heads/FEAT/Home refs/remotes/FEAT/Home [3ms]
2024-10-31 15:05:14.209 [info] > git status -z -uall [10ms]
2024-10-31 15:05:14.228 [info] > git for-each-ref --format=%(refname)%00%(upstream:short)%00%(objectname)%00%(upstream:track)%00%(upstream:remotename)%00%(upstream:remoteref) refs/heads/FEAT/Home refs/remotes/FEAT/Home [6ms]
2024-10-31 15:05:14.244 [info] > git config --local branch.FEAT/Home.vscode-merge-base [4ms]
2024-10-31 15:05:14.258 [info] > git for-each-ref --format=%(refname)%00%(upstream:short)%00%(objectname)%00%(upstream:track)%00%(upstream:remotename)%00%(upstream:remoteref) refs/heads/origin/main refs/remotes/origin/main [4ms]
2024-10-31 15:05:20.360 [info] > git config --get commit.template [22ms]
2024-10-31 15:05:20.363 [info] > git for-each-ref --format=%(refname)%00%(upstream:short)%00%(objectname)%00%(upstream:track)%00%(upstream:remotename)%00%(upstream:remoteref) refs/heads/FEAT/Home refs/remotes/FEAT/Home [5ms]
2024-10-31 15:05:20.398 [info] > git status -z -uall [16ms]
2024-10-31 15:05:20.429 [info] > git for-each-ref --format=%(refname)%00%(upstream:short)%00%(objectname)%00%(upstream:track)%00%(upstream:remotename)%00%(upstream:remoteref) refs/heads/FEAT/Home refs/remotes/FEAT/Home [9ms]
2024-10-31 15:05:20.451 [info] > git config --local branch.FEAT/Home.vscode-merge-base [5ms]
2024-10-31 15:05:20.473 [info] > git for-each-ref --format=%(refname)%00%(upstream:short)%00%(objectname)%00%(upstream:track)%00%(upstream:remotename)%00%(upstream:remoteref) refs/heads/origin/main refs/remotes/origin/main [5ms]
2024-10-31 15:05:25.468 [info] > git config --get commit.template [20ms]
2024-10-31 15:05:25.471 [info] > git for-each-ref --format=%(refname)%00%(upstream:short)%00%(objectname)%00%(upstream:track)%00%(upstream:remotename)%00%(upstream:remoteref) refs/heads/FEAT/Home refs/remotes/FEAT/Home [5ms]
2024-10-31 15:05:25.506 [info] > git status -z -uall [14ms]
2024-10-31 15:05:25.536 [info] > git for-each-ref --format=%(refname)%00%(upstream:short)%00%(objectname)%00%(upstream:track)%00%(upstream:remotename)%00%(upstream:remoteref) refs/heads/FEAT/Home refs/remotes/FEAT/Home [7ms]
2024-10-31 15:05:25.565 [info] > git config --local branch.FEAT/Home.vscode-merge-base [5ms]
2024-10-31 15:05:25.584 [info] > git for-each-ref --format=%(refname)%00%(upstream:short)%00%(objectname)%00%(upstream:track)%00%(upstream:remotename)%00%(upstream:remoteref) refs/heads/origin/main refs/remotes/origin/main [3ms]
2024-10-31 15:05:32.623 [info] > git config --get commit.template [21ms]
2024-10-31 15:05:32.626 [info] > git for-each-ref --format=%(refname)%00%(upstream:short)%00%(objectname)%00%(upstream:track)%00%(upstream:remotename)%00%(upstream:remoteref) refs/heads/FEAT/Home refs/remotes/FEAT/Home [5ms]
2024-10-31 15:05:32.646 [info] > git status -z -uall [9ms]
2024-10-31 15:05:32.664 [info] > git for-each-ref --format=%(refname)%00%(upstream:short)%00%(objectname)%00%(upstream:track)%00%(upstream:remotename)%00%(upstream:remoteref) refs/heads/FEAT/Home refs/remotes/FEAT/Home [5ms]
2024-10-31 15:05:32.683 [info] > git config --local branch.FEAT/Home.vscode-merge-base [4ms]
2024-10-31 15:05:32.710 [info] > git for-each-ref --format=%(refname)%00%(upstream:short)%00%(objectname)%00%(upstream:track)%00%(upstream:remotename)%00%(upstream:remoteref) refs/heads/origin/main refs/remotes/origin/main [6ms]
2024-10-31 15:05:40.735 [info] > git config --get commit.template [18ms]
2024-10-31 15:05:40.740 [info] > git for-each-ref --format=%(refname)%00%(upstream:short)%00%(objectname)%00%(upstream:track)%00%(upstream:remotename)%00%(upstream:remoteref) refs/heads/FEAT/Home refs/remotes/FEAT/Home [6ms]
2024-10-31 15:05:40.779 [info] > git status -z -uall [18ms]
2024-10-31 15:05:40.807 [info] > git for-each-ref --format=%(refname)%00%(upstream:short)%00%(objectname)%00%(upstream:track)%00%(upstream:remotename)%00%(upstream:remoteref) refs/heads/FEAT/Home refs/remotes/FEAT/Home [7ms]
2024-10-31 15:05:40.832 [info] > git config --local branch.FEAT/Home.vscode-merge-base [4ms]
2024-10-31 15:05:40.855 [info] > git for-each-ref --format=%(refname)%00%(upstream:short)%00%(objectname)%00%(upstream:track)%00%(upstream:remotename)%00%(upstream:remoteref) refs/heads/origin/main refs/remotes/origin/main [4ms]
2024-10-31 15:06:29.513 [info] > git config --get commit.template [19ms]
2024-10-31 15:06:29.516 [info] > git for-each-ref --format=%(refname)%00%(upstream:short)%00%(objectname)%00%(upstream:track)%00%(upstream:remotename)%00%(upstream:remoteref) refs/heads/FEAT/Home refs/remotes/FEAT/Home [4ms]
2024-10-31 15:06:29.547 [info] > git status -z -uall [15ms]
2024-10-31 15:06:29.575 [info] > git for-each-ref --format=%(refname)%00%(upstream:short)%00%(objectname)%00%(upstream:track)%00%(upstream:remotename)%00%(upstream:remoteref) refs/heads/FEAT/Home refs/remotes/FEAT/Home [8ms]
2024-10-31 15:06:29.595 [info] > git config --local branch.FEAT/Home.vscode-merge-base [3ms]
2024-10-31 15:06:29.619 [info] > git for-each-ref --format=%(refname)%00%(upstream:short)%00%(objectname)%00%(upstream:track)%00%(upstream:remotename)%00%(upstream:remoteref) refs/heads/origin/main refs/remotes/origin/main [4ms]
2024-10-31 15:06:34.075 [info] > git show --textconv :src/app/(home)/pixArea/home/index.tsx [16ms]
2024-10-31 15:06:34.080 [info] > git ls-files --stage -- /home/bicutoru/Documents/AtlasFinanceApp/AtlasFx-AppBase/src/app/(home)/pixArea/home/index.tsx [7ms]
2024-10-31 15:06:34.097 [info] > git cat-file -s 4dbe19dab958b619de6d574d445d567b2dbf0f8c [4ms]
2024-10-31 15:06:36.518 [info] > git show --textconv :src/app/(home)/pixArea/home/style.ts [17ms]
2024-10-31 15:06:36.523 [info] > git ls-files --stage -- /home/bicutoru/Documents/AtlasFinanceApp/AtlasFx-AppBase/src/app/(home)/pixArea/home/style.ts [6ms]
2024-10-31 15:06:36.539 [info] > git cat-file -s ee066f2169df9b05222f2af27c308afd975ede1b [6ms]
2024-10-31 15:06:44.192 [info] > git config --get commit.template [16ms]
2024-10-31 15:06:44.194 [info] > git for-each-ref --format=%(refname)%00%(upstream:short)%00%(objectname)%00%(upstream:track)%00%(upstream:remotename)%00%(upstream:remoteref) refs/heads/FEAT/Home refs/remotes/FEAT/Home [3ms]
2024-10-31 15:06:44.214 [info] > git status -z -uall [8ms]
2024-10-31 15:06:44.233 [info] > git for-each-ref --format=%(refname)%00%(upstream:short)%00%(objectname)%00%(upstream:track)%00%(upstream:remotename)%00%(upstream:remoteref) refs/heads/FEAT/Home refs/remotes/FEAT/Home [4ms]
2024-10-31 15:06:44.248 [info] > git config --local branch.FEAT/Home.vscode-merge-base [2ms]
2024-10-31 15:06:44.265 [info] > git for-each-ref --format=%(refname)%00%(upstream:short)%00%(objectname)%00%(upstream:track)%00%(upstream:remotename)%00%(upstream:remoteref) refs/heads/origin/main refs/remotes/origin/main [3ms]
2024-10-31 15:07:37.266 [info] > git config --get commit.template [24ms]
2024-10-31 15:07:37.273 [info] > git for-each-ref --format=%(refname)%00%(upstream:short)%00%(objectname)%00%(upstream:track)%00%(upstream:remotename)%00%(upstream:remoteref) refs/heads/FEAT/Home refs/remotes/FEAT/Home [12ms]
2024-10-31 15:07:37.318 [info] > git status -z -uall [19ms]
2024-10-31 15:07:37.346 [info] > git for-each-ref --format=%(refname)%00%(upstream:short)%00%(objectname)%00%(upstream:track)%00%(upstream:remotename)%00%(upstream:remoteref) refs/heads/FEAT/Home refs/remotes/FEAT/Home [5ms]
2024-10-31 15:07:37.365 [info] > git config --local branch.FEAT/Home.vscode-merge-base [3ms]
2024-10-31 15:07:37.387 [info] > git for-each-ref --format=%(refname)%00%(upstream:short)%00%(objectname)%00%(upstream:track)%00%(upstream:remotename)%00%(upstream:remoteref) refs/heads/origin/main refs/remotes/origin/main [3ms]
2024-10-31 15:07:44.940 [info] > git config --get commit.template [15ms]
2024-10-31 15:07:44.943 [info] > git for-each-ref --format=%(refname)%00%(upstream:short)%00%(objectname)%00%(upstream:track)%00%(upstream:remotename)%00%(upstream:remoteref) refs/heads/FEAT/Home refs/remotes/FEAT/Home [6ms]
2024-10-31 15:07:44.964 [info] > git status -z -uall [8ms]
2024-10-31 15:07:44.983 [info] > git for-each-ref --format=%(refname)%00%(upstream:short)%00%(objectname)%00%(upstream:track)%00%(upstream:remotename)%00%(upstream:remoteref) refs/heads/FEAT/Home refs/remotes/FEAT/Home [4ms]
2024-10-31 15:07:44.997 [info] > git config --local branch.FEAT/Home.vscode-merge-base [2ms]
2024-10-31 15:07:45.019 [info] > git for-each-ref --format=%(refname)%00%(upstream:short)%00%(objectname)%00%(upstream:track)%00%(upstream:remotename)%00%(upstream:remoteref) refs/heads/origin/main refs/remotes/origin/main [5ms]
2024-10-31 15:09:22.035 [info] > git config --get commit.template [29ms]
2024-10-31 15:09:22.037 [info] > git for-each-ref --format=%(refname)%00%(upstream:short)%00%(objectname)%00%(upstream:track)%00%(upstream:remotename)%00%(upstream:remoteref) refs/heads/FEAT/Home refs/remotes/FEAT/Home [9ms]
2024-10-31 15:09:22.080 [info] > git status -z -uall [18ms]
2024-10-31 15:09:22.109 [info] > git for-each-ref --format=%(refname)%00%(upstream:short)%00%(objectname)%00%(upstream:track)%00%(upstream:remotename)%00%(upstream:remoteref) refs/heads/FEAT/Home refs/remotes/FEAT/Home [4ms]
2024-10-31 15:09:22.132 [info] > git config --local branch.FEAT/Home.vscode-merge-base [6ms]
2024-10-31 15:09:22.156 [info] > git for-each-ref --format=%(refname)%00%(upstream:short)%00%(objectname)%00%(upstream:track)%00%(upstream:remotename)%00%(upstream:remoteref) refs/heads/origin/main refs/remotes/origin/main [5ms]
2024-10-31 15:09:30.170 [info] > git config --get commit.template [13ms]
2024-10-31 15:09:30.172 [info] > git for-each-ref --format=%(refname)%00%(upstream:short)%00%(objectname)%00%(upstream:track)%00%(upstream:remotename)%00%(upstream:remoteref) refs/heads/FEAT/Home refs/remotes/FEAT/Home [3ms]
2024-10-31 15:09:30.196 [info] > git status -z -uall [10ms]
2024-10-31 15:09:30.213 [info] > git for-each-ref --format=%(refname)%00%(upstream:short)%00%(objectname)%00%(upstream:track)%00%(upstream:remotename)%00%(upstream:remoteref) refs/heads/FEAT/Home refs/remotes/FEAT/Home [5ms]
2024-10-31 15:09:30.230 [info] > git config --local branch.FEAT/Home.vscode-merge-base [5ms]
2024-10-31 15:09:30.242 [info] > git for-each-ref --format=%(refname)%00%(upstream:short)%00%(objectname)%00%(upstream:track)%00%(upstream:remotename)%00%(upstream:remoteref) refs/heads/origin/main refs/remotes/origin/main [3ms]
2024-10-31 15:10:17.889 [info] > git config --get commit.template [5ms]
2024-10-31 15:10:17.925 [info] > git for-each-ref --format=%(refname)%00%(upstream:short)%00%(objectname)%00%(upstream:track)%00%(upstream:remotename)%00%(upstream:remoteref) refs/heads/FEAT/Home refs/remotes/FEAT/Home [12ms]
2024-10-31 15:10:17.958 [info] > git status -z -uall [18ms]
2024-10-31 15:10:17.987 [info] > git for-each-ref --format=%(refname)%00%(upstream:short)%00%(objectname)%00%(upstream:track)%00%(upstream:remotename)%00%(upstream:remoteref) refs/heads/FEAT/Home refs/remotes/FEAT/Home [4ms]
2024-10-31 15:10:18.024 [info] > git config --local branch.FEAT/Home.vscode-merge-base [10ms]
2024-10-31 15:10:18.045 [info] > git for-each-ref --format=%(refname)%00%(upstream:short)%00%(objectname)%00%(upstream:track)%00%(upstream:remotename)%00%(upstream:remoteref) refs/heads/origin/main refs/remotes/origin/main [7ms]
2024-10-31 15:10:43.734 [info] > git config --get commit.template [10ms]
2024-10-31 15:10:43.768 [info] > git for-each-ref --format=%(refname)%00%(upstream:short)%00%(objectname)%00%(upstream:track)%00%(upstream:remotename)%00%(upstream:remoteref) refs/heads/FEAT/Home refs/remotes/FEAT/Home [8ms]
2024-10-31 15:10:43.815 [info] > git status -z -uall [13ms]
2024-10-31 15:10:43.840 [info] > git for-each-ref --format=%(refname)%00%(upstream:short)%00%(objectname)%00%(upstream:track)%00%(upstream:remotename)%00%(upstream:remoteref) refs/heads/FEAT/Home refs/remotes/FEAT/Home [5ms]
2024-10-31 15:10:43.863 [info] > git config --local branch.FEAT/Home.vscode-merge-base [4ms]
2024-10-31 15:10:43.890 [info] > git for-each-ref --format=%(refname)%00%(upstream:short)%00%(objectname)%00%(upstream:track)%00%(upstream:remotename)%00%(upstream:remoteref) refs/heads/origin/main refs/remotes/origin/main [4ms]
2024-10-31 15:11:00.757 [info] > git config --get commit.template [6ms]
2024-10-31 15:11:00.798 [info] > git for-each-ref --format=%(refname)%00%(upstream:short)%00%(objectname)%00%(upstream:track)%00%(upstream:remotename)%00%(upstream:remoteref) refs/heads/FEAT/Home refs/remotes/FEAT/Home [12ms]
2024-10-31 15:11:00.840 [info] > git status -z -uall [21ms]
2024-10-31 15:11:00.886 [info] > git for-each-ref --format=%(refname)%00%(upstream:short)%00%(objectname)%00%(upstream:track)%00%(upstream:remotename)%00%(upstream:remoteref) refs/heads/FEAT/Home refs/remotes/FEAT/Home [9ms]
2024-10-31 15:11:00.931 [info] > git config --local branch.FEAT/Home.vscode-merge-base [20ms]
2024-10-31 15:11:00.975 [info] > git for-each-ref --format=%(refname)%00%(upstream:short)%00%(objectname)%00%(upstream:track)%00%(upstream:remotename)%00%(upstream:remoteref) refs/heads/origin/main refs/remotes/origin/main [4ms]
2024-10-31 15:12:09.101 [info] > git config --get commit.template [8ms]
2024-10-31 15:12:09.123 [info] > git for-each-ref --format=%(refname)%00%(upstream:short)%00%(objectname)%00%(upstream:track)%00%(upstream:remotename)%00%(upstream:remoteref) refs/heads/FEAT/Home refs/remotes/FEAT/Home [5ms]
2024-10-31 15:12:09.147 [info] > git status -z -uall [11ms]
2024-10-31 15:12:09.164 [info] > git for-each-ref --format=%(refname)%00%(upstream:short)%00%(objectname)%00%(upstream:track)%00%(upstream:remotename)%00%(upstream:remoteref) refs/heads/FEAT/Home refs/remotes/FEAT/Home [4ms]
2024-10-31 15:12:09.184 [info] > git config --local branch.FEAT/Home.vscode-merge-base [4ms]
2024-10-31 15:12:09.199 [info] > git for-each-ref --format=%(refname)%00%(upstream:short)%00%(objectname)%00%(upstream:track)%00%(upstream:remotename)%00%(upstream:remoteref) refs/heads/origin/main refs/remotes/origin/main [3ms]
2024-10-31 15:12:11.556 [info] > git show --textconv :src/app/(home)/pixArea/home/index.tsx [27ms]
2024-10-31 15:12:11.562 [info] > git ls-files --stage -- /home/bicutoru/Documents/AtlasFinanceApp/AtlasFx-AppBase/src/app/(home)/pixArea/home/index.tsx [7ms]
2024-10-31 15:12:11.584 [info] > git cat-file -s 4dbe19dab958b619de6d574d445d567b2dbf0f8c [7ms]
2024-10-31 15:12:13.894 [info] > git show --textconv :src/app/(home)/pixArea/home/style.ts [17ms]
2024-10-31 15:12:13.899 [info] > git ls-files --stage -- /home/bicutoru/Documents/AtlasFinanceApp/AtlasFx-AppBase/src/app/(home)/pixArea/home/style.ts [6ms]
2024-10-31 15:12:13.914 [info] > git cat-file -s ee066f2169df9b05222f2af27c308afd975ede1b [3ms]
2024-10-31 15:12:16.398 [info] > git show --textconv :src/components/ButtonMenu/style.ts [15ms]
2024-10-31 15:12:16.402 [info] > git ls-files --stage -- /home/bicutoru/Documents/AtlasFinanceApp/AtlasFx-AppBase/src/components/ButtonMenu/style.ts [5ms]
2024-10-31 15:12:16.416 [info] > git cat-file -s 37a3f6a2210c1115ad0b768426476ca950ed94ed [5ms]
2024-10-31 15:12:23.279 [info] > git config --get commit.template [15ms]
2024-10-31 15:12:23.281 [info] > git for-each-ref --format=%(refname)%00%(upstream:short)%00%(objectname)%00%(upstream:track)%00%(upstream:remotename)%00%(upstream:remoteref) refs/heads/FEAT/Home refs/remotes/FEAT/Home [3ms]
2024-10-31 15:12:23.306 [info] > git status -z -uall [12ms]
2024-10-31 15:12:23.323 [info] > git for-each-ref --format=%(refname)%00%(upstream:short)%00%(objectname)%00%(upstream:track)%00%(upstream:remotename)%00%(upstream:remoteref) refs/heads/FEAT/Home refs/remotes/FEAT/Home [4ms]
2024-10-31 15:12:23.338 [info] > git config --local branch.FEAT/Home.vscode-merge-base [3ms]
2024-10-31 15:12:23.352 [info] > git for-each-ref --format=%(refname)%00%(upstream:short)%00%(objectname)%00%(upstream:track)%00%(upstream:remotename)%00%(upstream:remoteref) refs/heads/origin/main refs/remotes/origin/main [3ms]
2024-10-31 15:12:29.313 [info] > git config --get commit.template [13ms]
2024-10-31 15:12:29.314 [info] > git for-each-ref --format=%(refname)%00%(upstream:short)%00%(objectname)%00%(upstream:track)%00%(upstream:remotename)%00%(upstream:remoteref) refs/heads/FEAT/Home refs/remotes/FEAT/Home [2ms]
2024-10-31 15:12:29.337 [info] > git status -z -uall [9ms]
2024-10-31 15:12:29.358 [info] > git for-each-ref --format=%(refname)%00%(upstream:short)%00%(objectname)%00%(upstream:track)%00%(upstream:remotename)%00%(upstream:remoteref) refs/heads/FEAT/Home refs/remotes/FEAT/Home [7ms]
2024-10-31 15:12:29.373 [info] > git config --local branch.FEAT/Home.vscode-merge-base [4ms]
2024-10-31 15:12:29.385 [info] > git for-each-ref --format=%(refname)%00%(upstream:short)%00%(objectname)%00%(upstream:track)%00%(upstream:remotename)%00%(upstream:remoteref) refs/heads/origin/main refs/remotes/origin/main [2ms]
2024-10-31 15:12:37.484 [info] > git config --get commit.template [10ms]
2024-10-31 15:12:37.489 [info] > git for-each-ref --format=%(refname)%00%(upstream:short)%00%(objectname)%00%(upstream:track)%00%(upstream:remotename)%00%(upstream:remoteref) refs/heads/FEAT/Home refs/remotes/FEAT/Home [5ms]
2024-10-31 15:12:37.507 [info] > git status -z -uall [9ms]
2024-10-31 15:12:37.528 [info] > git for-each-ref --format=%(refname)%00%(upstream:short)%00%(objectname)%00%(upstream:track)%00%(upstream:remotename)%00%(upstream:remoteref) refs/heads/FEAT/Home refs/remotes/FEAT/Home [5ms]
2024-10-31 15:12:37.542 [info] > git config --local branch.FEAT/Home.vscode-merge-base [2ms]
2024-10-31 15:12:37.554 [info] > git for-each-ref --format=%(refname)%00%(upstream:short)%00%(objectname)%00%(upstream:track)%00%(upstream:remotename)%00%(upstream:remoteref) refs/heads/origin/main refs/remotes/origin/main [3ms]
2024-10-31 15:12:43.152 [info] > git config --get commit.template [10ms]
2024-10-31 15:12:43.156 [info] > git for-each-ref --format=%(refname)%00%(upstream:short)%00%(objectname)%00%(upstream:track)%00%(upstream:remotename)%00%(upstream:remoteref) refs/heads/FEAT/Home refs/remotes/FEAT/Home [5ms]
2024-10-31 15:12:43.174 [info] > git status -z -uall [9ms]
2024-10-31 15:12:43.195 [info] > git for-each-ref --format=%(refname)%00%(upstream:short)%00%(objectname)%00%(upstream:track)%00%(upstream:remotename)%00%(upstream:remoteref) refs/heads/FEAT/Home refs/remotes/FEAT/Home [7ms]
2024-10-31 15:12:43.208 [info] > git config --local branch.FEAT/Home.vscode-merge-base [2ms]
2024-10-31 15:12:43.224 [info] > git for-each-ref --format=%(refname)%00%(upstream:short)%00%(objectname)%00%(upstream:track)%00%(upstream:remotename)%00%(upstream:remoteref) refs/heads/origin/main refs/remotes/origin/main [3ms]
2024-10-31 15:12:45.721 [info] > git show --textconv :src/components/ButtonMenu/index.tsx [24ms]
2024-10-31 15:12:45.727 [info] > git ls-files --stage -- /home/bicutoru/Documents/AtlasFinanceApp/AtlasFx-AppBase/src/components/ButtonMenu/index.tsx [12ms]
2024-10-31 15:12:45.755 [info] > git cat-file -s 9a967815bd6e5540d568025c61085cc1b3fe73bd [6ms]
2024-10-31 15:12:47.423 [info] > git show --textconv :src/app/(home)/pixArea/home/style.ts [16ms]
2024-10-31 15:12:47.425 [info] > git ls-files --stage -- /home/bicutoru/Documents/AtlasFinanceApp/AtlasFx-AppBase/src/app/(home)/pixArea/home/style.ts [3ms]
2024-10-31 15:12:47.441 [info] > git cat-file -s ee066f2169df9b05222f2af27c308afd975ede1b [4ms]
2024-10-31 15:13:08.896 [info] > git config --get commit.template [8ms]
2024-10-31 15:13:08.925 [info] > git for-each-ref --format=%(refname)%00%(upstream:short)%00%(objectname)%00%(upstream:track)%00%(upstream:remotename)%00%(upstream:remoteref) refs/heads/FEAT/Home refs/remotes/FEAT/Home [6ms]
2024-10-31 15:13:08.966 [info] > git status -z -uall [17ms]
2024-10-31 15:13:08.999 [info] > git for-each-ref --format=%(refname)%00%(upstream:short)%00%(objectname)%00%(upstream:track)%00%(upstream:remotename)%00%(upstream:remoteref) refs/heads/FEAT/Home refs/remotes/FEAT/Home [5ms]
2024-10-31 15:13:09.020 [info] > git config --local branch.FEAT/Home.vscode-merge-base [3ms]
2024-10-31 15:13:09.039 [info] > git for-each-ref --format=%(refname)%00%(upstream:short)%00%(objectname)%00%(upstream:track)%00%(upstream:remotename)%00%(upstream:remoteref) refs/heads/origin/main refs/remotes/origin/main [3ms]
2024-10-31 15:13:52.284 [info] > git config --get commit.template [7ms]
2024-10-31 15:13:52.307 [info] > git for-each-ref --format=%(refname)%00%(upstream:short)%00%(objectname)%00%(upstream:track)%00%(upstream:remotename)%00%(upstream:remoteref) refs/heads/FEAT/Home refs/remotes/FEAT/Home [6ms]
2024-10-31 15:13:52.349 [info] > git status -z -uall [17ms]
2024-10-31 15:13:52.379 [info] > git for-each-ref --format=%(refname)%00%(upstream:short)%00%(objectname)%00%(upstream:track)%00%(upstream:remotename)%00%(upstream:remoteref) refs/heads/FEAT/Home refs/remotes/FEAT/Home [7ms]
2024-10-31 15:13:52.396 [info] > git config --local branch.FEAT/Home.vscode-merge-base [2ms]
2024-10-31 15:13:52.420 [info] > git for-each-ref --format=%(refname)%00%(upstream:short)%00%(objectname)%00%(upstream:track)%00%(upstream:remotename)%00%(upstream:remoteref) refs/heads/origin/main refs/remotes/origin/main [3ms]
2024-10-31 15:14:46.061 [info] > git config --get commit.template [5ms]
2024-10-31 15:14:46.081 [info] > git for-each-ref --format=%(refname)%00%(upstream:short)%00%(objectname)%00%(upstream:track)%00%(upstream:remotename)%00%(upstream:remoteref) refs/heads/FEAT/Home refs/remotes/FEAT/Home [5ms]
2024-10-31 15:14:46.108 [info] > git status -z -uall [14ms]
2024-10-31 15:14:46.128 [info] > git for-each-ref --format=%(refname)%00%(upstream:short)%00%(objectname)%00%(upstream:track)%00%(upstream:remotename)%00%(upstream:remoteref) refs/heads/FEAT/Home refs/remotes/FEAT/Home [4ms]
2024-10-31 15:14:46.145 [info] > git config --local branch.FEAT/Home.vscode-merge-base [3ms]
2024-10-31 15:14:46.162 [info] > git for-each-ref --format=%(refname)%00%(upstream:short)%00%(objectname)%00%(upstream:track)%00%(upstream:remotename)%00%(upstream:remoteref) refs/heads/origin/main refs/remotes/origin/main [2ms]
2024-10-31 15:14:49.427 [info] > git show --textconv :src/app/(home)/pixArea/home/index.tsx [12ms]
2024-10-31 15:14:49.433 [info] > git ls-files --stage -- /home/bicutoru/Documents/AtlasFinanceApp/AtlasFx-AppBase/src/app/(home)/pixArea/home/index.tsx [7ms]
2024-10-31 15:14:49.444 [info] > git cat-file -s 4dbe19dab958b619de6d574d445d567b2dbf0f8c [2ms]
2024-10-31 15:15:00.765 [info] > git config --get commit.template [18ms]
2024-10-31 15:15:00.769 [info] > git for-each-ref --format=%(refname)%00%(upstream:short)%00%(objectname)%00%(upstream:track)%00%(upstream:remotename)%00%(upstream:remoteref) refs/heads/FEAT/Home refs/remotes/FEAT/Home [5ms]
2024-10-31 15:15:00.799 [info] > git status -z -uall [14ms]
2024-10-31 15:15:00.825 [info] > git for-each-ref --format=%(refname)%00%(upstream:short)%00%(objectname)%00%(upstream:track)%00%(upstream:remotename)%00%(upstream:remoteref) refs/heads/FEAT/Home refs/remotes/FEAT/Home [5ms]
2024-10-31 15:15:00.839 [info] > git config --local branch.FEAT/Home.vscode-merge-base [2ms]
2024-10-31 15:15:00.851 [info] > git for-each-ref --format=%(refname)%00%(upstream:short)%00%(objectname)%00%(upstream:track)%00%(upstream:remotename)%00%(upstream:remoteref) refs/heads/origin/main refs/remotes/origin/main [2ms]
2024-10-31 15:17:11.337 [info] > git config --get commit.template [12ms]
2024-10-31 15:17:11.339 [info] > git for-each-ref --format=%(refname)%00%(upstream:short)%00%(objectname)%00%(upstream:track)%00%(upstream:remotename)%00%(upstream:remoteref) refs/heads/FEAT/Home refs/remotes/FEAT/Home [3ms]
2024-10-31 15:17:11.358 [info] > git status -z -uall [8ms]
2024-10-31 15:17:11.374 [info] > git for-each-ref --format=%(refname)%00%(upstream:short)%00%(objectname)%00%(upstream:track)%00%(upstream:remotename)%00%(upstream:remoteref) refs/heads/FEAT/Home refs/remotes/FEAT/Home [5ms]
2024-10-31 15:17:11.387 [info] > git config --local branch.FEAT/Home.vscode-merge-base [3ms]
2024-10-31 15:17:11.403 [info] > git for-each-ref --format=%(refname)%00%(upstream:short)%00%(objectname)%00%(upstream:track)%00%(upstream:remotename)%00%(upstream:remoteref) refs/heads/origin/main refs/remotes/origin/main [4ms]
2024-10-31 15:17:11.418 [info] > git merge-base refs/heads/FEAT/Home refs/remotes/origin/FEAT/Home [4ms]
2024-10-31 15:17:11.433 [info] > git rev-list --count --left-right refs/heads/FEAT/Home...refs/remotes/origin/FEAT/Home [4ms]
2024-10-31 15:17:11.459 [info] > git diff --name-status -z --diff-filter=ADMR 10ec14ec129014136e67f5f17f631746f6306dbd...refs/remotes/origin/FEAT/Home [17ms]
2024-10-31 15:17:11.464 [info] > git ls-files --stage -- /home/bicutoru/Documents/AtlasFinanceApp/AtlasFx-AppBase/src/app/(home)/pixArea/home/index.tsx [6ms]
2024-10-31 15:17:11.479 [info] > git cat-file -s d6db7d3c37445e75b547edbde175adfe8fcc368f [5ms]
2024-10-31 15:17:11.510 [info] > git show --textconv :src/app/(home)/pixArea/home/index.tsx [3ms]
2024-10-31 15:17:16.400 [info] > git config --get commit.template [13ms]
2024-10-31 15:17:16.402 [info] > git for-each-ref --format=%(refname)%00%(upstream:short)%00%(objectname)%00%(upstream:track)%00%(upstream:remotename)%00%(upstream:remoteref) refs/heads/FEAT/Home refs/remotes/FEAT/Home [3ms]
2024-10-31 15:17:16.421 [info] > git status -z -uall [8ms]
2024-10-31 15:17:16.437 [info] > git for-each-ref --format=%(refname)%00%(upstream:short)%00%(objectname)%00%(upstream:track)%00%(upstream:remotename)%00%(upstream:remoteref) refs/heads/FEAT/Home refs/remotes/FEAT/Home [3ms]
2024-10-31 15:17:16.453 [info] > git config --local branch.FEAT/Home.vscode-merge-base [3ms]
2024-10-31 15:17:16.467 [info] > git for-each-ref --format=%(refname)%00%(upstream:short)%00%(objectname)%00%(upstream:track)%00%(upstream:remotename)%00%(upstream:remoteref) refs/heads/origin/main refs/remotes/origin/main [2ms]
