[INFO 3:15:18 PM] miguelsolorio.symbols activated
[INFO 3:15:18 PM] symbols.hidesExplorerArrows changed, updating to false
[INFO 3:15:18 PM] symbols.folders.associations changed, updating to undefined
[INFO 3:15:18 PM] symbols.files.associations changed, updating to undefined
[INFO 3:15:18 PM] symbols.hidesExplorerArrows changed, updating to false
[INFO 3:15:18 PM] symbols.folders.associations changed, updating to undefined
[INFO 3:15:18 PM] symbols.files.associations changed, updating to undefined
[INFO 3:15:18 PM] symbols.hidesExplorerArrows changed, updating to false
[INFO 3:15:18 PM] symbols.folders.associations changed, updating to undefined
[INFO 3:15:18 PM] symbols.files.associations changed, updating to undefined
[INFO 3:15:20 PM] symbols.hidesExplorerArrows changed, updating to false
[INFO 3:15:20 PM] symbols.folders.associations changed, updating to undefined
[INFO 3:15:20 PM] symbols.files.associations changed, updating to undefined
[INFO 3:15:21 PM] symbols.hidesExplorerArrows changed, updating to false
[INFO 3:15:21 PM] symbols.folders.associations changed, updating to undefined
[INFO 3:15:21 PM] symbols.files.associations changed, updating to undefined
[INFO 3:15:23 PM] symbols.hidesExplorerArrows changed, updating to false
[INFO 3:15:23 PM] symbols.folders.associations changed, updating to undefined
[INFO 3:15:23 PM] symbols.files.associations changed, updating to undefined
[INFO 3:15:58 PM] symbols.hidesExplorerArrows changed, updating to false
[INFO 3:15:58 PM] symbols.folders.associations changed, updating to undefined
[INFO 3:15:58 PM] symbols.files.associations changed, updating to undefined
[INFO 3:17:35 PM] symbols.hidesExplorerArrows changed, updating to false
[INFO 3:17:35 PM] symbols.folders.associations changed, updating to undefined
[INFO 3:17:35 PM] symbols.files.associations changed, updating to undefined
[INFO 3:18:54 PM] symbols.hidesExplorerArrows changed, updating to false
[INFO 3:18:54 PM] symbols.folders.associations changed, updating to undefined
[INFO 3:18:54 PM] symbols.files.associations changed, updating to undefined
[INFO 3:19:02 PM] symbols.hidesExplorerArrows changed, updating to false
[INFO 3:19:02 PM] symbols.folders.associations changed, updating to undefined
[INFO 3:19:02 PM] symbols.files.associations changed, updating to undefined
[INFO 3:19:32 PM] symbols.hidesExplorerArrows changed, updating to false
[INFO 3:19:32 PM] symbols.folders.associations changed, updating to undefined
[INFO 3:19:32 PM] symbols.files.associations changed, updating to undefined
[INFO 3:22:53 PM] symbols.hidesExplorerArrows changed, updating to false
[INFO 3:22:53 PM] symbols.folders.associations changed, updating to undefined
[INFO 3:22:53 PM] symbols.files.associations changed, updating to undefined
[INFO 4:50:26 PM] symbols.hidesExplorerArrows changed, updating to false
[INFO 4:50:26 PM] symbols.folders.associations changed, updating to undefined
[INFO 4:50:26 PM] symbols.files.associations changed, updating to undefined
[INFO 4:50:28 PM] symbols.hidesExplorerArrows changed, updating to false
[INFO 4:50:28 PM] symbols.folders.associations changed, updating to undefined
[INFO 4:50:28 PM] symbols.files.associations changed, updating to undefined
[INFO 4:50:30 PM] symbols.hidesExplorerArrows changed, updating to false
[INFO 4:50:30 PM] symbols.folders.associations changed, updating to undefined
[INFO 4:50:30 PM] symbols.files.associations changed, updating to undefined
[INFO 4:50:32 PM] symbols.hidesExplorerArrows changed, updating to false
[INFO 4:50:32 PM] symbols.folders.associations changed, updating to undefined
[INFO 4:50:32 PM] symbols.files.associations changed, updating to undefined
[INFO 4:50:44 PM] symbols.hidesExplorerArrows changed, updating to false
[INFO 4:50:44 PM] symbols.folders.associations changed, updating to undefined
[INFO 4:50:44 PM] symbols.files.associations changed, updating to undefined
[INFO 4:51:09 PM] symbols.hidesExplorerArrows changed, updating to false
[INFO 4:51:09 PM] symbols.folders.associations changed, updating to undefined
[INFO 4:51:09 PM] symbols.files.associations changed, updating to undefined
[INFO 4:52:12 PM] symbols.hidesExplorerArrows changed, updating to false
[INFO 4:52:12 PM] symbols.folders.associations changed, updating to undefined
[INFO 4:52:12 PM] symbols.files.associations changed, updating to undefined
[INFO 4:52:26 PM] symbols.hidesExplorerArrows changed, updating to false
[INFO 4:52:26 PM] symbols.folders.associations changed, updating to undefined
[INFO 4:52:26 PM] symbols.files.associations changed, updating to undefined
[INFO 4:52:43 PM] symbols.hidesExplorerArrows changed, updating to false
[INFO 4:52:43 PM] symbols.folders.associations changed, updating to undefined
[INFO 4:52:43 PM] symbols.files.associations changed, updating to undefined
[INFO 4:52:50 PM] symbols.hidesExplorerArrows changed, updating to false
[INFO 4:52:50 PM] symbols.folders.associations changed, updating to undefined
[INFO 4:52:50 PM] symbols.files.associations changed, updating to undefined
[INFO 4:52:54 PM] symbols.hidesExplorerArrows changed, updating to false
[INFO 4:52:54 PM] symbols.folders.associations changed, updating to undefined
[INFO 4:52:54 PM] symbols.files.associations changed, updating to undefined
[INFO 4:53:12 PM] symbols.hidesExplorerArrows changed, updating to false
[INFO 4:53:12 PM] symbols.folders.associations changed, updating to undefined
[INFO 4:53:12 PM] symbols.files.associations changed, updating to undefined
[INFO 4:53:28 PM] symbols.hidesExplorerArrows changed, updating to false
[INFO 4:53:28 PM] symbols.folders.associations changed, updating to undefined
[INFO 4:53:28 PM] symbols.files.associations changed, updating to undefined
[INFO 4:53:28 PM] symbols.hidesExplorerArrows changed, updating to false
[INFO 4:53:28 PM] symbols.folders.associations changed, updating to undefined
[INFO 4:53:28 PM] symbols.files.associations changed, updating to undefined
[INFO 4:53:36 PM] symbols.hidesExplorerArrows changed, updating to false
[INFO 4:53:36 PM] symbols.folders.associations changed, updating to undefined
[INFO 4:53:36 PM] symbols.files.associations changed, updating to undefined
[INFO 4:53:37 PM] symbols.hidesExplorerArrows changed, updating to false
[INFO 4:53:37 PM] symbols.folders.associations changed, updating to undefined
[INFO 4:53:37 PM] symbols.files.associations changed, updating to undefined
[INFO 4:53:37 PM] symbols.hidesExplorerArrows changed, updating to false
[INFO 4:53:37 PM] symbols.folders.associations changed, updating to undefined
[INFO 4:53:37 PM] symbols.files.associations changed, updating to undefined
[INFO 4:54:11 PM] symbols.hidesExplorerArrows changed, updating to false
[INFO 4:54:11 PM] symbols.folders.associations changed, updating to undefined
[INFO 4:54:11 PM] symbols.files.associations changed, updating to undefined
[INFO 4:55:26 PM] symbols.hidesExplorerArrows changed, updating to false
[INFO 4:55:26 PM] symbols.folders.associations changed, updating to undefined
[INFO 4:55:26 PM] symbols.files.associations changed, updating to undefined
[INFO 4:55:38 PM] symbols.hidesExplorerArrows changed, updating to false
[INFO 4:55:38 PM] symbols.folders.associations changed, updating to undefined
[INFO 4:55:38 PM] symbols.files.associations changed, updating to undefined
[INFO 4:55:40 PM] symbols.hidesExplorerArrows changed, updating to false
[INFO 4:55:40 PM] symbols.folders.associations changed, updating to undefined
[INFO 4:55:40 PM] symbols.files.associations changed, updating to undefined
[INFO 4:55:46 PM] symbols.hidesExplorerArrows changed, updating to false
[INFO 4:55:46 PM] symbols.folders.associations changed, updating to undefined
[INFO 4:55:46 PM] symbols.files.associations changed, updating to undefined
[INFO 4:55:59 PM] symbols.hidesExplorerArrows changed, updating to false
[INFO 4:55:59 PM] symbols.folders.associations changed, updating to undefined
[INFO 4:55:59 PM] symbols.files.associations changed, updating to undefined
[INFO 4:55:59 PM] symbols.hidesExplorerArrows changed, updating to false
[INFO 4:55:59 PM] symbols.folders.associations changed, updating to undefined
[INFO 4:55:59 PM] symbols.files.associations changed, updating to undefined
[INFO 4:56:07 PM] symbols.hidesExplorerArrows changed, updating to false
[INFO 4:56:07 PM] symbols.folders.associations changed, updating to undefined
[INFO 4:56:07 PM] symbols.files.associations changed, updating to undefined
[INFO 4:56:09 PM] symbols.hidesExplorerArrows changed, updating to false
[INFO 4:56:09 PM] symbols.folders.associations changed, updating to undefined
[INFO 4:56:09 PM] symbols.files.associations changed, updating to undefined
[INFO 4:56:12 PM] symbols.hidesExplorerArrows changed, updating to false
[INFO 4:56:12 PM] symbols.folders.associations changed, updating to undefined
[INFO 4:56:12 PM] symbols.files.associations changed, updating to undefined
[INFO 4:56:14 PM] symbols.hidesExplorerArrows changed, updating to false
[INFO 4:56:14 PM] symbols.folders.associations changed, updating to undefined
[INFO 4:56:14 PM] symbols.files.associations changed, updating to undefined
[INFO 4:56:22 PM] symbols.hidesExplorerArrows changed, updating to false
[INFO 4:56:22 PM] symbols.folders.associations changed, updating to undefined
[INFO 4:56:22 PM] symbols.files.associations changed, updating to undefined
[INFO 4:56:29 PM] symbols.hidesExplorerArrows changed, updating to false
[INFO 4:56:29 PM] symbols.folders.associations changed, updating to undefined
[INFO 4:56:29 PM] symbols.files.associations changed, updating to undefined
[INFO 4:56:51 PM] symbols.hidesExplorerArrows changed, updating to false
[INFO 4:56:51 PM] symbols.folders.associations changed, updating to undefined
[INFO 4:56:51 PM] symbols.files.associations changed, updating to undefined
[INFO 4:57:53 PM] symbols.hidesExplorerArrows changed, updating to false
[INFO 4:57:53 PM] symbols.folders.associations changed, updating to undefined
[INFO 4:57:53 PM] symbols.files.associations changed, updating to undefined
[INFO 4:58:14 PM] symbols.hidesExplorerArrows changed, updating to false
[INFO 4:58:14 PM] symbols.folders.associations changed, updating to undefined
[INFO 4:58:14 PM] symbols.files.associations changed, updating to undefined
[INFO 4:58:27 PM] symbols.hidesExplorerArrows changed, updating to false
[INFO 4:58:27 PM] symbols.folders.associations changed, updating to undefined
[INFO 4:58:27 PM] symbols.files.associations changed, updating to undefined
[INFO 4:58:29 PM] symbols.hidesExplorerArrows changed, updating to false
[INFO 4:58:29 PM] symbols.folders.associations changed, updating to undefined
[INFO 4:58:29 PM] symbols.files.associations changed, updating to undefined
[INFO 4:58:37 PM] symbols.hidesExplorerArrows changed, updating to false
[INFO 4:58:37 PM] symbols.folders.associations changed, updating to undefined
[INFO 4:58:37 PM] symbols.files.associations changed, updating to undefined
[INFO 4:58:57 PM] symbols.hidesExplorerArrows changed, updating to false
[INFO 4:58:57 PM] symbols.folders.associations changed, updating to undefined
[INFO 4:58:57 PM] symbols.files.associations changed, updating to undefined
[INFO 4:59:25 PM] symbols.hidesExplorerArrows changed, updating to false
[INFO 4:59:25 PM] symbols.folders.associations changed, updating to undefined
[INFO 4:59:25 PM] symbols.files.associations changed, updating to undefined
[INFO 5:00:08 PM] symbols.hidesExplorerArrows changed, updating to false
[INFO 5:00:08 PM] symbols.folders.associations changed, updating to undefined
[INFO 5:00:08 PM] symbols.files.associations changed, updating to undefined
[INFO 5:00:09 PM] symbols.hidesExplorerArrows changed, updating to false
[INFO 5:00:09 PM] symbols.folders.associations changed, updating to undefined
[INFO 5:00:09 PM] symbols.files.associations changed, updating to undefined
[INFO 5:00:10 PM] symbols.hidesExplorerArrows changed, updating to false
[INFO 5:00:10 PM] symbols.folders.associations changed, updating to undefined
[INFO 5:00:10 PM] symbols.files.associations changed, updating to undefined
[INFO 5:00:27 PM] symbols.hidesExplorerArrows changed, updating to false
[INFO 5:00:27 PM] symbols.folders.associations changed, updating to undefined
[INFO 5:00:27 PM] symbols.files.associations changed, updating to undefined
[INFO 5:00:56 PM] symbols.hidesExplorerArrows changed, updating to false
[INFO 5:00:56 PM] symbols.folders.associations changed, updating to undefined
[INFO 5:00:56 PM] symbols.files.associations changed, updating to undefined
[INFO 5:01:18 PM] symbols.hidesExplorerArrows changed, updating to false
[INFO 5:01:18 PM] symbols.folders.associations changed, updating to undefined
[INFO 5:01:18 PM] symbols.files.associations changed, updating to undefined
[INFO 5:03:12 PM] symbols.hidesExplorerArrows changed, updating to false
[INFO 5:03:12 PM] symbols.folders.associations changed, updating to undefined
[INFO 5:03:12 PM] symbols.files.associations changed, updating to undefined
[INFO 5:03:14 PM] symbols.hidesExplorerArrows changed, updating to false
[INFO 5:03:14 PM] symbols.folders.associations changed, updating to undefined
[INFO 5:03:14 PM] symbols.files.associations changed, updating to undefined
[INFO 5:03:55 PM] symbols.hidesExplorerArrows changed, updating to false
[INFO 5:03:55 PM] symbols.folders.associations changed, updating to undefined
[INFO 5:03:55 PM] symbols.files.associations changed, updating to undefined
[INFO 5:03:57 PM] symbols.hidesExplorerArrows changed, updating to false
[INFO 5:03:57 PM] symbols.folders.associations changed, updating to undefined
[INFO 5:03:57 PM] symbols.files.associations changed, updating to undefined
[INFO 5:04:05 PM] symbols.hidesExplorerArrows changed, updating to false
[INFO 5:04:05 PM] symbols.folders.associations changed, updating to undefined
[INFO 5:04:05 PM] symbols.files.associations changed, updating to undefined
[INFO 5:04:21 PM] symbols.hidesExplorerArrows changed, updating to false
[INFO 5:04:21 PM] symbols.folders.associations changed, updating to undefined
[INFO 5:04:21 PM] symbols.files.associations changed, updating to undefined
[INFO 5:04:23 PM] symbols.hidesExplorerArrows changed, updating to false
[INFO 5:04:23 PM] symbols.folders.associations changed, updating to undefined
[INFO 5:04:23 PM] symbols.files.associations changed, updating to undefined
[INFO 5:04:35 PM] symbols.hidesExplorerArrows changed, updating to false
[INFO 5:04:35 PM] symbols.folders.associations changed, updating to undefined
[INFO 5:04:35 PM] symbols.files.associations changed, updating to undefined
[INFO 5:05:11 PM] symbols.hidesExplorerArrows changed, updating to false
[INFO 5:05:11 PM] symbols.folders.associations changed, updating to undefined
[INFO 5:05:11 PM] symbols.files.associations changed, updating to undefined
[INFO 5:05:37 PM] symbols.hidesExplorerArrows changed, updating to false
[INFO 5:05:37 PM] symbols.folders.associations changed, updating to undefined
[INFO 5:05:37 PM] symbols.files.associations changed, updating to undefined
[INFO 5:06:00 PM] symbols.hidesExplorerArrows changed, updating to false
[INFO 5:06:00 PM] symbols.folders.associations changed, updating to undefined
[INFO 5:06:00 PM] symbols.files.associations changed, updating to undefined
[INFO 5:06:12 PM] symbols.hidesExplorerArrows changed, updating to false
[INFO 5:06:12 PM] symbols.folders.associations changed, updating to undefined
[INFO 5:06:12 PM] symbols.files.associations changed, updating to undefined
[INFO 5:06:18 PM] symbols.hidesExplorerArrows changed, updating to false
[INFO 5:06:18 PM] symbols.folders.associations changed, updating to undefined
[INFO 5:06:18 PM] symbols.files.associations changed, updating to undefined
[INFO 5:06:28 PM] symbols.hidesExplorerArrows changed, updating to false
[INFO 5:06:28 PM] symbols.folders.associations changed, updating to undefined
[INFO 5:06:28 PM] symbols.files.associations changed, updating to undefined
[INFO 5:06:47 PM] symbols.hidesExplorerArrows changed, updating to false
[INFO 5:06:47 PM] symbols.folders.associations changed, updating to undefined
[INFO 5:06:47 PM] symbols.files.associations changed, updating to undefined
[INFO 5:07:08 PM] symbols.hidesExplorerArrows changed, updating to false
[INFO 5:07:08 PM] symbols.folders.associations changed, updating to undefined
[INFO 5:07:08 PM] symbols.files.associations changed, updating to undefined
[INFO 5:08:10 PM] symbols.hidesExplorerArrows changed, updating to false
[INFO 5:08:10 PM] symbols.folders.associations changed, updating to undefined
[INFO 5:08:10 PM] symbols.files.associations changed, updating to undefined
[INFO 5:08:20 PM] symbols.hidesExplorerArrows changed, updating to false
[INFO 5:08:20 PM] symbols.folders.associations changed, updating to undefined
[INFO 5:08:20 PM] symbols.files.associations changed, updating to undefined
[INFO 5:08:32 PM] symbols.hidesExplorerArrows changed, updating to false
[INFO 5:08:32 PM] symbols.folders.associations changed, updating to undefined
[INFO 5:08:32 PM] symbols.files.associations changed, updating to undefined
[INFO 5:08:59 PM] symbols.hidesExplorerArrows changed, updating to false
[INFO 5:08:59 PM] symbols.folders.associations changed, updating to undefined
[INFO 5:08:59 PM] symbols.files.associations changed, updating to undefined
[INFO 5:09:08 PM] symbols.hidesExplorerArrows changed, updating to false
[INFO 5:09:08 PM] symbols.folders.associations changed, updating to undefined
[INFO 5:09:08 PM] symbols.files.associations changed, updating to undefined
[INFO 5:09:27 PM] symbols.hidesExplorerArrows changed, updating to false
[INFO 5:09:27 PM] symbols.folders.associations changed, updating to undefined
[INFO 5:09:27 PM] symbols.files.associations changed, updating to undefined
[INFO 5:09:46 PM] symbols.hidesExplorerArrows changed, updating to false
[INFO 5:09:46 PM] symbols.folders.associations changed, updating to undefined
[INFO 5:09:46 PM] symbols.files.associations changed, updating to undefined
[INFO 5:10:02 PM] symbols.hidesExplorerArrows changed, updating to false
[INFO 5:10:02 PM] symbols.folders.associations changed, updating to undefined
[INFO 5:10:02 PM] symbols.files.associations changed, updating to undefined
[INFO 5:10:15 PM] symbols.hidesExplorerArrows changed, updating to false
[INFO 5:10:15 PM] symbols.folders.associations changed, updating to undefined
[INFO 5:10:15 PM] symbols.files.associations changed, updating to undefined
[INFO 5:10:28 PM] symbols.hidesExplorerArrows changed, updating to false
[INFO 5:10:28 PM] symbols.folders.associations changed, updating to undefined
[INFO 5:10:28 PM] symbols.files.associations changed, updating to undefined
[INFO 5:10:39 PM] symbols.hidesExplorerArrows changed, updating to false
[INFO 5:10:39 PM] symbols.folders.associations changed, updating to undefined
[INFO 5:10:39 PM] symbols.files.associations changed, updating to undefined
[INFO 5:10:39 PM] symbols.hidesExplorerArrows changed, updating to false
[INFO 5:10:39 PM] symbols.folders.associations changed, updating to undefined
[INFO 5:10:39 PM] symbols.files.associations changed, updating to undefined
[INFO 5:10:53 PM] symbols.hidesExplorerArrows changed, updating to false
[INFO 5:10:53 PM] symbols.folders.associations changed, updating to undefined
[INFO 5:10:53 PM] symbols.files.associations changed, updating to undefined
[INFO 5:11:46 PM] symbols.hidesExplorerArrows changed, updating to false
[INFO 5:11:46 PM] symbols.folders.associations changed, updating to undefined
[INFO 5:11:46 PM] symbols.files.associations changed, updating to undefined
[INFO 5:11:49 PM] symbols.hidesExplorerArrows changed, updating to false
[INFO 5:11:49 PM] symbols.folders.associations changed, updating to undefined
[INFO 5:11:49 PM] symbols.files.associations changed, updating to undefined
[INFO 5:11:49 PM] symbols.hidesExplorerArrows changed, updating to false
[INFO 5:11:49 PM] symbols.folders.associations changed, updating to undefined
[INFO 5:11:49 PM] symbols.files.associations changed, updating to undefined
[INFO 5:11:50 PM] symbols.hidesExplorerArrows changed, updating to false
[INFO 5:11:50 PM] symbols.folders.associations changed, updating to undefined
[INFO 5:11:50 PM] symbols.files.associations changed, updating to undefined
[INFO 5:11:51 PM] symbols.hidesExplorerArrows changed, updating to false
[INFO 5:11:51 PM] symbols.folders.associations changed, updating to undefined
[INFO 5:11:51 PM] symbols.files.associations changed, updating to undefined
[INFO 5:11:56 PM] symbols.hidesExplorerArrows changed, updating to false
[INFO 5:11:56 PM] symbols.folders.associations changed, updating to undefined
[INFO 5:11:56 PM] symbols.files.associations changed, updating to undefined
[INFO 5:12:09 PM] symbols.hidesExplorerArrows changed, updating to false
[INFO 5:12:09 PM] symbols.folders.associations changed, updating to undefined
[INFO 5:12:09 PM] symbols.files.associations changed, updating to undefined
[INFO 5:13:56 PM] symbols.hidesExplorerArrows changed, updating to false
[INFO 5:13:56 PM] symbols.folders.associations changed, updating to undefined
[INFO 5:13:56 PM] symbols.files.associations changed, updating to undefined
[INFO 5:14:22 PM] symbols.hidesExplorerArrows changed, updating to false
[INFO 5:14:22 PM] symbols.folders.associations changed, updating to undefined
[INFO 5:14:22 PM] symbols.files.associations changed, updating to undefined
[INFO 5:16:03 PM] symbols.hidesExplorerArrows changed, updating to false
[INFO 5:16:03 PM] symbols.folders.associations changed, updating to undefined
[INFO 5:16:03 PM] symbols.files.associations changed, updating to undefined
[INFO 5:16:04 PM] symbols.hidesExplorerArrows changed, updating to false
[INFO 5:16:04 PM] symbols.folders.associations changed, updating to undefined
[INFO 5:16:04 PM] symbols.files.associations changed, updating to undefined
[INFO 5:16:42 PM] symbols.hidesExplorerArrows changed, updating to false
[INFO 5:16:42 PM] symbols.folders.associations changed, updating to undefined
[INFO 5:16:42 PM] symbols.files.associations changed, updating to undefined
[INFO 5:17:26 PM] symbols.hidesExplorerArrows changed, updating to false
[INFO 5:17:26 PM] symbols.folders.associations changed, updating to undefined
[INFO 5:17:26 PM] symbols.files.associations changed, updating to undefined
[INFO 5:17:44 PM] symbols.hidesExplorerArrows changed, updating to false
[INFO 5:17:44 PM] symbols.folders.associations changed, updating to undefined
[INFO 5:17:44 PM] symbols.files.associations changed, updating to undefined
[INFO 5:17:46 PM] symbols.hidesExplorerArrows changed, updating to false
[INFO 5:17:46 PM] symbols.folders.associations changed, updating to undefined
[INFO 5:17:46 PM] symbols.files.associations changed, updating to undefined
[INFO 5:18:19 PM] symbols.hidesExplorerArrows changed, updating to false
[INFO 5:18:19 PM] symbols.folders.associations changed, updating to undefined
[INFO 5:18:19 PM] symbols.files.associations changed, updating to undefined
[INFO 5:19:08 PM] symbols.hidesExplorerArrows changed, updating to false
[INFO 5:19:08 PM] symbols.folders.associations changed, updating to undefined
[INFO 5:19:08 PM] symbols.files.associations changed, updating to undefined
[INFO 5:19:38 PM] symbols.hidesExplorerArrows changed, updating to false
[INFO 5:19:38 PM] symbols.folders.associations changed, updating to undefined
[INFO 5:19:38 PM] symbols.files.associations changed, updating to undefined
[INFO 5:23:29 PM] symbols.hidesExplorerArrows changed, updating to false
[INFO 5:23:29 PM] symbols.folders.associations changed, updating to undefined
[INFO 5:23:29 PM] symbols.files.associations changed, updating to undefined
[INFO 5:23:54 PM] symbols.hidesExplorerArrows changed, updating to false
[INFO 5:23:54 PM] symbols.folders.associations changed, updating to undefined
[INFO 5:23:54 PM] symbols.files.associations changed, updating to undefined
[INFO 5:23:59 PM] symbols.hidesExplorerArrows changed, updating to false
[INFO 5:23:59 PM] symbols.folders.associations changed, updating to undefined
[INFO 5:23:59 PM] symbols.files.associations changed, updating to undefined
[INFO 5:24:02 PM] symbols.hidesExplorerArrows changed, updating to false
[INFO 5:24:02 PM] symbols.folders.associations changed, updating to undefined
[INFO 5:24:02 PM] symbols.files.associations changed, updating to undefined
[INFO 5:27:30 PM] symbols.hidesExplorerArrows changed, updating to false
[INFO 5:27:30 PM] symbols.folders.associations changed, updating to undefined
[INFO 5:27:30 PM] symbols.files.associations changed, updating to undefined
[INFO 5:27:38 PM] symbols.hidesExplorerArrows changed, updating to false
[INFO 5:27:38 PM] symbols.folders.associations changed, updating to undefined
[INFO 5:27:38 PM] symbols.files.associations changed, updating to undefined
[INFO 5:36:20 PM] symbols.hidesExplorerArrows changed, updating to false
[INFO 5:36:20 PM] symbols.folders.associations changed, updating to undefined
[INFO 5:36:20 PM] symbols.files.associations changed, updating to undefined
[INFO 5:36:33 PM] symbols.hidesExplorerArrows changed, updating to false
[INFO 5:36:33 PM] symbols.folders.associations changed, updating to undefined
[INFO 5:36:33 PM] symbols.files.associations changed, updating to undefined
[INFO 5:37:33 PM] symbols.hidesExplorerArrows changed, updating to false
[INFO 5:37:33 PM] symbols.folders.associations changed, updating to undefined
[INFO 5:37:33 PM] symbols.files.associations changed, updating to undefined
[INFO 5:37:43 PM] symbols.hidesExplorerArrows changed, updating to false
[INFO 5:37:43 PM] symbols.folders.associations changed, updating to undefined
[INFO 5:37:43 PM] symbols.files.associations changed, updating to undefined
[INFO 5:39:01 PM] symbols.hidesExplorerArrows changed, updating to false
[INFO 5:39:01 PM] symbols.folders.associations changed, updating to undefined
[INFO 5:39:01 PM] symbols.files.associations changed, updating to undefined
[INFO 5:40:08 PM] symbols.hidesExplorerArrows changed, updating to false
[INFO 5:40:08 PM] symbols.folders.associations changed, updating to undefined
[INFO 5:40:08 PM] symbols.files.associations changed, updating to undefined
[INFO 5:43:58 PM] symbols.hidesExplorerArrows changed, updating to false
[INFO 5:43:58 PM] symbols.folders.associations changed, updating to undefined
[INFO 5:43:58 PM] symbols.files.associations changed, updating to undefined
[INFO 5:44:16 PM] symbols.hidesExplorerArrows changed, updating to false
[INFO 5:44:16 PM] symbols.folders.associations changed, updating to undefined
[INFO 5:44:16 PM] symbols.files.associations changed, updating to undefined
[INFO 5:44:56 PM] symbols.hidesExplorerArrows changed, updating to false
[INFO 5:44:56 PM] symbols.folders.associations changed, updating to undefined
[INFO 5:44:56 PM] symbols.files.associations changed, updating to undefined
[INFO 5:45:27 PM] symbols.hidesExplorerArrows changed, updating to false
[INFO 5:45:27 PM] symbols.folders.associations changed, updating to undefined
[INFO 5:45:27 PM] symbols.files.associations changed, updating to undefined
[INFO 5:45:53 PM] symbols.hidesExplorerArrows changed, updating to false
[INFO 5:45:53 PM] symbols.folders.associations changed, updating to undefined
[INFO 5:45:53 PM] symbols.files.associations changed, updating to undefined
[INFO 5:45:59 PM] symbols.hidesExplorerArrows changed, updating to false
[INFO 5:45:59 PM] symbols.folders.associations changed, updating to undefined
[INFO 5:45:59 PM] symbols.files.associations changed, updating to undefined
[INFO 5:46:04 PM] symbols.hidesExplorerArrows changed, updating to false
[INFO 5:46:04 PM] symbols.folders.associations changed, updating to undefined
[INFO 5:46:04 PM] symbols.files.associations changed, updating to undefined
[INFO 5:46:16 PM] symbols.hidesExplorerArrows changed, updating to false
[INFO 5:46:16 PM] symbols.folders.associations changed, updating to undefined
[INFO 5:46:16 PM] symbols.files.associations changed, updating to undefined
[INFO 5:46:49 PM] symbols.hidesExplorerArrows changed, updating to false
[INFO 5:46:49 PM] symbols.folders.associations changed, updating to undefined
[INFO 5:46:49 PM] symbols.files.associations changed, updating to undefined
[INFO 5:48:26 PM] symbols.hidesExplorerArrows changed, updating to false
[INFO 5:48:26 PM] symbols.folders.associations changed, updating to undefined
[INFO 5:48:26 PM] symbols.files.associations changed, updating to undefined
[INFO 5:50:10 PM] symbols.hidesExplorerArrows changed, updating to false
[INFO 5:50:10 PM] symbols.folders.associations changed, updating to undefined
[INFO 5:50:10 PM] symbols.files.associations changed, updating to undefined
[INFO 5:50:36 PM] symbols.hidesExplorerArrows changed, updating to false
[INFO 5:50:36 PM] symbols.folders.associations changed, updating to undefined
[INFO 5:50:36 PM] symbols.files.associations changed, updating to undefined
[INFO 5:50:38 PM] symbols.hidesExplorerArrows changed, updating to false
[INFO 5:50:38 PM] symbols.folders.associations changed, updating to undefined
[INFO 5:50:38 PM] symbols.files.associations changed, updating to undefined
[INFO 5:54:19 PM] symbols.hidesExplorerArrows changed, updating to false
[INFO 5:54:19 PM] symbols.folders.associations changed, updating to undefined
[INFO 5:54:19 PM] symbols.files.associations changed, updating to undefined
[INFO 5:54:20 PM] symbols.hidesExplorerArrows changed, updating to false
[INFO 5:54:20 PM] symbols.folders.associations changed, updating to undefined
[INFO 5:54:20 PM] symbols.files.associations changed, updating to undefined
[INFO 5:56:21 PM] symbols.hidesExplorerArrows changed, updating to false
[INFO 5:56:21 PM] symbols.folders.associations changed, updating to undefined
[INFO 5:56:21 PM] symbols.files.associations changed, updating to undefined
[INFO 5:56:34 PM] symbols.hidesExplorerArrows changed, updating to false
[INFO 5:56:34 PM] symbols.folders.associations changed, updating to undefined
[INFO 5:56:34 PM] symbols.files.associations changed, updating to undefined
[INFO 5:56:58 PM] symbols.hidesExplorerArrows changed, updating to false
[INFO 5:56:58 PM] symbols.folders.associations changed, updating to undefined
[INFO 5:56:58 PM] symbols.files.associations changed, updating to undefined
[INFO 5:57:41 PM] symbols.hidesExplorerArrows changed, updating to false
[INFO 5:57:41 PM] symbols.folders.associations changed, updating to undefined
[INFO 5:57:41 PM] symbols.files.associations changed, updating to undefined
[INFO 5:58:19 PM] symbols.hidesExplorerArrows changed, updating to false
[INFO 5:58:19 PM] symbols.folders.associations changed, updating to undefined
[INFO 5:58:19 PM] symbols.files.associations changed, updating to undefined
[INFO 6:06:04 PM] symbols.hidesExplorerArrows changed, updating to false
[INFO 6:06:04 PM] symbols.folders.associations changed, updating to undefined
[INFO 6:06:04 PM] symbols.files.associations changed, updating to undefined
[INFO 6:06:45 PM] symbols.hidesExplorerArrows changed, updating to false
[INFO 6:06:45 PM] symbols.folders.associations changed, updating to undefined
[INFO 6:06:45 PM] symbols.files.associations changed, updating to undefined
[INFO 6:07:35 PM] symbols.hidesExplorerArrows changed, updating to false
[INFO 6:07:35 PM] symbols.folders.associations changed, updating to undefined
[INFO 6:07:35 PM] symbols.files.associations changed, updating to undefined
[INFO 6:08:44 PM] symbols.hidesExplorerArrows changed, updating to false
[INFO 6:08:44 PM] symbols.folders.associations changed, updating to undefined
[INFO 6:08:44 PM] symbols.files.associations changed, updating to undefined
[INFO 6:08:49 PM] symbols.hidesExplorerArrows changed, updating to false
[INFO 6:08:49 PM] symbols.folders.associations changed, updating to undefined
[INFO 6:08:49 PM] symbols.files.associations changed, updating to undefined
[INFO 6:08:53 PM] symbols.hidesExplorerArrows changed, updating to false
[INFO 6:08:53 PM] symbols.folders.associations changed, updating to undefined
[INFO 6:08:53 PM] symbols.files.associations changed, updating to undefined
[INFO 6:08:53 PM] symbols.hidesExplorerArrows changed, updating to false
[INFO 6:08:53 PM] symbols.folders.associations changed, updating to undefined
[INFO 6:08:53 PM] symbols.files.associations changed, updating to undefined
[INFO 6:10:25 PM] symbols.hidesExplorerArrows changed, updating to false
[INFO 6:10:25 PM] symbols.folders.associations changed, updating to undefined
[INFO 6:10:25 PM] symbols.files.associations changed, updating to undefined
[INFO 6:10:28 PM] symbols.hidesExplorerArrows changed, updating to false
[INFO 6:10:28 PM] symbols.folders.associations changed, updating to undefined
[INFO 6:10:28 PM] symbols.files.associations changed, updating to undefined
[INFO 6:10:29 PM] symbols.hidesExplorerArrows changed, updating to false
[INFO 6:10:29 PM] symbols.folders.associations changed, updating to undefined
[INFO 6:10:29 PM] symbols.files.associations changed, updating to undefined
[INFO 6:10:59 PM] symbols.hidesExplorerArrows changed, updating to false
[INFO 6:10:59 PM] symbols.folders.associations changed, updating to undefined
[INFO 6:10:59 PM] symbols.files.associations changed, updating to undefined
[INFO 6:11:01 PM] symbols.hidesExplorerArrows changed, updating to false
[INFO 6:11:01 PM] symbols.folders.associations changed, updating to undefined
[INFO 6:11:01 PM] symbols.files.associations changed, updating to undefined
[INFO 6:11:03 PM] symbols.hidesExplorerArrows changed, updating to false
[INFO 6:11:03 PM] symbols.folders.associations changed, updating to undefined
[INFO 6:11:03 PM] symbols.files.associations changed, updating to undefined
[INFO 6:11:09 PM] symbols.hidesExplorerArrows changed, updating to false
[INFO 6:11:09 PM] symbols.folders.associations changed, updating to undefined
[INFO 6:11:09 PM] symbols.files.associations changed, updating to undefined
[INFO 6:11:10 PM] symbols.hidesExplorerArrows changed, updating to false
[INFO 6:11:10 PM] symbols.folders.associations changed, updating to undefined
[INFO 6:11:10 PM] symbols.files.associations changed, updating to undefined
[INFO 6:11:29 PM] symbols.hidesExplorerArrows changed, updating to false
[INFO 6:11:29 PM] symbols.folders.associations changed, updating to undefined
[INFO 6:11:29 PM] symbols.files.associations changed, updating to undefined
[INFO 6:12:30 PM] symbols.hidesExplorerArrows changed, updating to false
[INFO 6:12:30 PM] symbols.folders.associations changed, updating to undefined
[INFO 6:12:30 PM] symbols.files.associations changed, updating to undefined
[INFO 6:12:50 PM] symbols.hidesExplorerArrows changed, updating to false
[INFO 6:12:50 PM] symbols.folders.associations changed, updating to undefined
[INFO 6:12:50 PM] symbols.files.associations changed, updating to undefined
[INFO 6:12:51 PM] symbols.hidesExplorerArrows changed, updating to false
[INFO 6:12:51 PM] symbols.folders.associations changed, updating to undefined
[INFO 6:12:51 PM] symbols.files.associations changed, updating to undefined
[INFO 6:12:53 PM] symbols.hidesExplorerArrows changed, updating to false
[INFO 6:12:53 PM] symbols.folders.associations changed, updating to undefined
[INFO 6:12:53 PM] symbols.files.associations changed, updating to undefined
[INFO 6:13:58 PM] symbols.hidesExplorerArrows changed, updating to false
[INFO 6:13:58 PM] symbols.folders.associations changed, updating to undefined
[INFO 6:13:58 PM] symbols.files.associations changed, updating to undefined
[INFO 6:14:00 PM] symbols.hidesExplorerArrows changed, updating to false
[INFO 6:14:00 PM] symbols.folders.associations changed, updating to undefined
[INFO 6:14:00 PM] symbols.files.associations changed, updating to undefined
[INFO 6:14:05 PM] symbols.hidesExplorerArrows changed, updating to false
[INFO 6:14:05 PM] symbols.folders.associations changed, updating to undefined
[INFO 6:14:05 PM] symbols.files.associations changed, updating to undefined
[INFO 6:14:06 PM] symbols.hidesExplorerArrows changed, updating to false
[INFO 6:14:06 PM] symbols.folders.associations changed, updating to undefined
[INFO 6:14:06 PM] symbols.files.associations changed, updating to undefined
[INFO 6:14:06 PM] symbols.hidesExplorerArrows changed, updating to false
[INFO 6:14:06 PM] symbols.folders.associations changed, updating to undefined
[INFO 6:14:06 PM] symbols.files.associations changed, updating to undefined
[INFO 6:15:31 PM] symbols.hidesExplorerArrows changed, updating to false
[INFO 6:15:31 PM] symbols.folders.associations changed, updating to undefined
[INFO 6:15:31 PM] symbols.files.associations changed, updating to undefined
[INFO 6:15:36 PM] symbols.hidesExplorerArrows changed, updating to false
[INFO 6:15:36 PM] symbols.folders.associations changed, updating to undefined
[INFO 6:15:36 PM] symbols.files.associations changed, updating to undefined
[INFO 6:22:31 PM] symbols.hidesExplorerArrows changed, updating to false
[INFO 6:22:31 PM] symbols.folders.associations changed, updating to undefined
[INFO 6:22:31 PM] symbols.files.associations changed, updating to undefined
[INFO 6:22:33 PM] symbols.hidesExplorerArrows changed, updating to false
[INFO 6:22:33 PM] symbols.folders.associations changed, updating to undefined
[INFO 6:22:33 PM] symbols.files.associations changed, updating to undefined
[INFO 6:22:47 PM] symbols.hidesExplorerArrows changed, updating to false
[INFO 6:22:47 PM] symbols.folders.associations changed, updating to undefined
[INFO 6:22:47 PM] symbols.files.associations changed, updating to undefined
[INFO 6:23:34 PM] symbols.hidesExplorerArrows changed, updating to false
[INFO 6:23:34 PM] symbols.folders.associations changed, updating to undefined
[INFO 6:23:34 PM] symbols.files.associations changed, updating to undefined
[INFO 6:25:32 PM] symbols.hidesExplorerArrows changed, updating to false
[INFO 6:25:32 PM] symbols.folders.associations changed, updating to undefined
[INFO 6:25:32 PM] symbols.files.associations changed, updating to undefined
[INFO 4:15:23 AM] symbols.hidesExplorerArrows changed, updating to false
[INFO 4:15:23 AM] symbols.folders.associations changed, updating to undefined
[INFO 4:15:23 AM] symbols.files.associations changed, updating to undefined
[INFO 4:15:33 AM] symbols.hidesExplorerArrows changed, updating to false
[INFO 4:15:33 AM] symbols.folders.associations changed, updating to undefined
[INFO 4:15:33 AM] symbols.files.associations changed, updating to undefined
[INFO 4:15:36 AM] symbols.hidesExplorerArrows changed, updating to false
[INFO 4:15:36 AM] symbols.folders.associations changed, updating to undefined
[INFO 4:15:36 AM] symbols.files.associations changed, updating to undefined
