2024-11-04 10:51:34.028 [info] [main] Log level: Info
2024-11-04 10:51:34.028 [info] [main] Validating found git in: "git"
2024-11-04 10:51:34.028 [info] [main] Using git "2.47.0" from "git"
2024-11-04 10:51:34.028 [info] [Model][doInitialScan] Initial repository scan started
2024-11-04 10:51:34.028 [info] > git rev-parse --show-toplevel [2ms]
2024-11-04 10:51:34.028 [info] fatal: not a git repository (or any parent up to mount point /)
Stopping at filesystem boundary (GIT_DISCOVERY_ACROSS_FILESYSTEM not set).
2024-11-04 10:51:34.028 [info] > git rev-parse --show-toplevel [3ms]
2024-11-04 10:51:34.028 [info] fatal: not a git repository (or any parent up to mount point /)
Stopping at filesystem boundary (GIT_DISCOVERY_ACROSS_FILESYSTEM not set).
2024-11-04 10:51:34.033 [info] > git rev-parse --show-toplevel [1ms]
2024-11-04 10:51:34.033 [info] fatal: not a git repository (or any parent up to mount point /)
Stopping at filesystem boundary (GIT_DISCOVERY_ACROSS_FILESYSTEM not set).
2024-11-04 10:51:34.039 [info] > git rev-parse --show-toplevel [1ms]
2024-11-04 10:51:34.039 [info] fatal: not a git repository (or any parent up to mount point /)
Stopping at filesystem boundary (GIT_DISCOVERY_ACROSS_FILESYSTEM not set).
2024-11-04 10:51:34.045 [info] > git rev-parse --show-toplevel [1ms]
2024-11-04 10:51:34.045 [info] fatal: not a git repository (or any parent up to mount point /)
Stopping at filesystem boundary (GIT_DISCOVERY_ACROSS_FILESYSTEM not set).
2024-11-04 10:51:34.045 [info] [Model][doInitialScan] Initial repository scan completed - repositories (0), closed repositories (0), parent repositories (0), unsafe repositories (0)
2024-11-04 10:51:35.302 [info] > git rev-parse --show-toplevel [1ms]
2024-11-04 10:51:35.302 [info] fatal: not a git repository (or any parent up to mount point /)
Stopping at filesystem boundary (GIT_DISCOVERY_ACROSS_FILESYSTEM not set).
2024-11-04 10:51:44.811 [info] > git rev-parse --show-toplevel [4ms]
2024-11-04 10:51:44.811 [info] fatal: not a git repository (or any parent up to mount point /)
Stopping at filesystem boundary (GIT_DISCOVERY_ACROSS_FILESYSTEM not set).
2024-11-04 10:51:46.758 [info] > git rev-parse --show-toplevel [2ms]
2024-11-04 10:51:46.758 [info] fatal: not a git repository (or any parent up to mount point /)
Stopping at filesystem boundary (GIT_DISCOVERY_ACROSS_FILESYSTEM not set).
2024-11-04 10:59:43.772 [info] > git rev-parse --show-toplevel [2ms]
2024-11-04 10:59:43.772 [info] fatal: not a git repository (or any parent up to mount point /)
Stopping at filesystem boundary (GIT_DISCOVERY_ACROSS_FILESYSTEM not set).
2024-11-04 11:00:51.359 [info] > git rev-parse --show-toplevel [2ms]
2024-11-04 11:00:51.359 [info] fatal: not a git repository (or any parent up to mount point /)
Stopping at filesystem boundary (GIT_DISCOVERY_ACROSS_FILESYSTEM not set).
2024-11-04 11:03:01.084 [info] > git rev-parse --show-toplevel [2ms]
2024-11-04 11:03:01.084 [info] fatal: not a git repository (or any parent up to mount point /)
Stopping at filesystem boundary (GIT_DISCOVERY_ACROSS_FILESYSTEM not set).
2024-11-04 11:03:29.067 [info] > git rev-parse --show-toplevel [2ms]
2024-11-04 11:03:29.067 [info] fatal: not a git repository (or any parent up to mount point /)
Stopping at filesystem boundary (GIT_DISCOVERY_ACROSS_FILESYSTEM not set).
2024-11-04 11:06:11.045 [info] > git rev-parse --show-toplevel [1ms]
2024-11-04 11:06:11.045 [info] fatal: not a git repository (or any parent up to mount point /)
Stopping at filesystem boundary (GIT_DISCOVERY_ACROSS_FILESYSTEM not set).
2024-11-04 11:08:39.226 [info] > git rev-parse --show-toplevel [2ms]
2024-11-04 11:08:39.226 [info] fatal: not a git repository (or any parent up to mount point /)
Stopping at filesystem boundary (GIT_DISCOVERY_ACROSS_FILESYSTEM not set).
2024-11-04 11:08:48.894 [info] > git rev-parse --show-toplevel [2ms]
2024-11-04 11:08:48.894 [info] fatal: not a git repository (or any parent up to mount point /)
Stopping at filesystem boundary (GIT_DISCOVERY_ACROSS_FILESYSTEM not set).
2024-11-04 11:09:44.974 [info] > git rev-parse --show-toplevel [1ms]
2024-11-04 11:09:44.975 [info] fatal: not a git repository (or any parent up to mount point /)
Stopping at filesystem boundary (GIT_DISCOVERY_ACROSS_FILESYSTEM not set).
2024-11-04 11:09:50.090 [info] > git rev-parse --show-toplevel [2ms]
2024-11-04 11:09:50.090 [info] fatal: not a git repository (or any parent up to mount point /)
Stopping at filesystem boundary (GIT_DISCOVERY_ACROSS_FILESYSTEM not set).
2024-11-04 11:10:18.766 [info] > git rev-parse --show-toplevel [3ms]
2024-11-04 11:10:18.766 [info] fatal: not a git repository (or any parent up to mount point /)
Stopping at filesystem boundary (GIT_DISCOVERY_ACROSS_FILESYSTEM not set).
2024-11-04 11:19:44.575 [info] > git rev-parse --show-toplevel [9ms]
2024-11-04 11:19:44.576 [info] fatal: not a git repository (or any parent up to mount point /)
Stopping at filesystem boundary (GIT_DISCOVERY_ACROSS_FILESYSTEM not set).
2024-11-04 11:22:16.722 [info] > git rev-parse --show-toplevel [2ms]
2024-11-04 11:22:16.722 [info] fatal: not a git repository (or any parent up to mount point /)
Stopping at filesystem boundary (GIT_DISCOVERY_ACROSS_FILESYSTEM not set).
2024-11-04 11:24:35.814 [info] > git rev-parse --show-toplevel [2ms]
2024-11-04 11:24:35.815 [info] fatal: not a git repository (or any parent up to mount point /)
Stopping at filesystem boundary (GIT_DISCOVERY_ACROSS_FILESYSTEM not set).
2024-11-04 11:26:21.018 [info] > git rev-parse --show-toplevel [1ms]
2024-11-04 11:26:21.018 [info] fatal: not a git repository (or any parent up to mount point /)
Stopping at filesystem boundary (GIT_DISCOVERY_ACROSS_FILESYSTEM not set).
2024-11-04 11:26:35.247 [info] > git rev-parse --show-toplevel [3ms]
2024-11-04 11:26:35.247 [info] fatal: not a git repository (or any parent up to mount point /)
Stopping at filesystem boundary (GIT_DISCOVERY_ACROSS_FILESYSTEM not set).
2024-11-04 11:35:49.101 [info] > git rev-parse --show-toplevel [1ms]
2024-11-04 11:35:49.101 [info] fatal: not a git repository (or any parent up to mount point /)
Stopping at filesystem boundary (GIT_DISCOVERY_ACROSS_FILESYSTEM not set).
2024-11-04 11:35:52.953 [info] > git rev-parse --show-toplevel [2ms]
2024-11-04 11:35:52.953 [info] fatal: not a git repository (or any parent up to mount point /)
Stopping at filesystem boundary (GIT_DISCOVERY_ACROSS_FILESYSTEM not set).
2024-11-04 11:38:06.968 [info] > git rev-parse --show-toplevel [2ms]
2024-11-04 11:38:06.968 [info] fatal: not a git repository (or any parent up to mount point /)
Stopping at filesystem boundary (GIT_DISCOVERY_ACROSS_FILESYSTEM not set).
2024-11-04 11:40:57.368 [info] > git rev-parse --show-toplevel [1ms]
2024-11-04 11:40:57.368 [info] fatal: not a git repository (or any parent up to mount point /)
Stopping at filesystem boundary (GIT_DISCOVERY_ACROSS_FILESYSTEM not set).
2024-11-04 11:40:58.020 [info] > git rev-parse --show-toplevel [2ms]
2024-11-04 11:40:58.020 [info] fatal: not a git repository (or any parent up to mount point /)
Stopping at filesystem boundary (GIT_DISCOVERY_ACROSS_FILESYSTEM not set).
2024-11-04 11:41:07.596 [info] > git rev-parse --show-toplevel [3ms]
2024-11-04 11:41:07.596 [info] fatal: not a git repository (or any parent up to mount point /)
Stopping at filesystem boundary (GIT_DISCOVERY_ACROSS_FILESYSTEM not set).
2024-11-04 11:41:20.660 [info] > git rev-parse --show-toplevel [2ms]
2024-11-04 11:41:20.660 [info] fatal: not a git repository (or any parent up to mount point /)
Stopping at filesystem boundary (GIT_DISCOVERY_ACROSS_FILESYSTEM not set).
2024-11-04 11:44:26.999 [info] > git rev-parse --show-toplevel [2ms]
2024-11-04 11:44:26.999 [info] fatal: not a git repository (or any parent up to mount point /)
Stopping at filesystem boundary (GIT_DISCOVERY_ACROSS_FILESYSTEM not set).
2024-11-04 11:45:42.913 [info] > git rev-parse --show-toplevel [2ms]
2024-11-04 11:45:42.913 [info] fatal: not a git repository (or any parent up to mount point /)
Stopping at filesystem boundary (GIT_DISCOVERY_ACROSS_FILESYSTEM not set).
2024-11-04 11:47:08.829 [info] > git rev-parse --show-toplevel [3ms]
2024-11-04 11:47:08.829 [info] fatal: not a git repository (or any parent up to mount point /)
Stopping at filesystem boundary (GIT_DISCOVERY_ACROSS_FILESYSTEM not set).
2024-11-04 11:47:14.479 [info] > git rev-parse --show-toplevel [2ms]
2024-11-04 11:47:14.479 [info] fatal: not a git repository (or any parent up to mount point /)
Stopping at filesystem boundary (GIT_DISCOVERY_ACROSS_FILESYSTEM not set).
2024-11-04 11:51:02.898 [info] > git rev-parse --show-toplevel [1ms]
2024-11-04 11:51:02.898 [info] fatal: not a git repository (or any parent up to mount point /)
Stopping at filesystem boundary (GIT_DISCOVERY_ACROSS_FILESYSTEM not set).
2024-11-04 11:51:03.752 [info] > git rev-parse --show-toplevel [2ms]
2024-11-04 11:51:03.752 [info] fatal: not a git repository (or any parent up to mount point /)
Stopping at filesystem boundary (GIT_DISCOVERY_ACROSS_FILESYSTEM not set).
2024-11-04 11:53:03.797 [info] > git rev-parse --show-toplevel [2ms]
2024-11-04 11:53:03.797 [info] fatal: not a git repository (or any parent up to mount point /)
Stopping at filesystem boundary (GIT_DISCOVERY_ACROSS_FILESYSTEM not set).
2024-11-04 11:56:59.625 [info] > git rev-parse --show-toplevel [7ms]
2024-11-04 11:56:59.625 [info] fatal: not a git repository (or any parent up to mount point /)
Stopping at filesystem boundary (GIT_DISCOVERY_ACROSS_FILESYSTEM not set).
2024-11-04 12:04:33.983 [info] > git rev-parse --show-toplevel [1ms]
2024-11-04 12:04:33.983 [info] fatal: not a git repository (or any parent up to mount point /)
Stopping at filesystem boundary (GIT_DISCOVERY_ACROSS_FILESYSTEM not set).
2024-11-04 12:04:35.086 [info] > git rev-parse --show-toplevel [1ms]
2024-11-04 12:04:35.086 [info] fatal: not a git repository (or any parent up to mount point /)
Stopping at filesystem boundary (GIT_DISCOVERY_ACROSS_FILESYSTEM not set).
2024-11-04 12:06:01.179 [info] > git rev-parse --show-toplevel [2ms]
2024-11-04 12:06:01.179 [info] fatal: not a git repository (or any parent up to mount point /)
Stopping at filesystem boundary (GIT_DISCOVERY_ACROSS_FILESYSTEM not set).
2024-11-04 12:06:41.171 [info] > git rev-parse --show-toplevel [1ms]
2024-11-04 12:06:41.171 [info] fatal: not a git repository (or any parent up to mount point /)
Stopping at filesystem boundary (GIT_DISCOVERY_ACROSS_FILESYSTEM not set).
2024-11-04 12:06:43.679 [info] > git rev-parse --show-toplevel [2ms]
2024-11-04 12:06:43.679 [info] fatal: not a git repository (or any parent up to mount point /)
Stopping at filesystem boundary (GIT_DISCOVERY_ACROSS_FILESYSTEM not set).
2024-11-04 12:07:36.261 [info] > git rev-parse --show-toplevel [1ms]
2024-11-04 12:07:36.261 [info] fatal: not a git repository (or any parent up to mount point /)
Stopping at filesystem boundary (GIT_DISCOVERY_ACROSS_FILESYSTEM not set).
2024-11-04 12:07:57.738 [info] > git rev-parse --show-toplevel [5ms]
2024-11-04 12:07:57.738 [info] fatal: not a git repository (or any parent up to mount point /)
Stopping at filesystem boundary (GIT_DISCOVERY_ACROSS_FILESYSTEM not set).
2024-11-04 12:08:10.680 [info] > git rev-parse --show-toplevel [2ms]
2024-11-04 12:08:10.680 [info] fatal: not a git repository (or any parent up to mount point /)
Stopping at filesystem boundary (GIT_DISCOVERY_ACROSS_FILESYSTEM not set).
2024-11-04 12:08:16.344 [info] > git rev-parse --show-toplevel [1ms]
2024-11-04 12:08:16.344 [info] fatal: not a git repository (or any parent up to mount point /)
Stopping at filesystem boundary (GIT_DISCOVERY_ACROSS_FILESYSTEM not set).
2024-11-04 12:08:25.088 [info] > git rev-parse --show-toplevel [1ms]
2024-11-04 12:08:25.088 [info] fatal: not a git repository (or any parent up to mount point /)
Stopping at filesystem boundary (GIT_DISCOVERY_ACROSS_FILESYSTEM not set).
2024-11-04 12:08:52.606 [info] > git rev-parse --show-toplevel [2ms]
2024-11-04 12:08:52.606 [info] fatal: not a git repository (or any parent up to mount point /)
Stopping at filesystem boundary (GIT_DISCOVERY_ACROSS_FILESYSTEM not set).
2024-11-04 12:09:28.427 [info] > git rev-parse --show-toplevel [2ms]
2024-11-04 12:09:28.427 [info] fatal: not a git repository (or any parent up to mount point /)
Stopping at filesystem boundary (GIT_DISCOVERY_ACROSS_FILESYSTEM not set).
2024-11-04 12:09:30.881 [info] > git rev-parse --show-toplevel [2ms]
2024-11-04 12:09:30.881 [info] fatal: not a git repository (or any parent up to mount point /)
Stopping at filesystem boundary (GIT_DISCOVERY_ACROSS_FILESYSTEM not set).
2024-11-04 12:10:07.861 [info] > git rev-parse --show-toplevel [2ms]
2024-11-04 12:10:07.861 [info] fatal: not a git repository (or any parent up to mount point /)
Stopping at filesystem boundary (GIT_DISCOVERY_ACROSS_FILESYSTEM not set).
2024-11-04 12:11:18.464 [info] > git rev-parse --show-toplevel [1ms]
2024-11-04 12:11:18.464 [info] fatal: not a git repository (or any parent up to mount point /)
Stopping at filesystem boundary (GIT_DISCOVERY_ACROSS_FILESYSTEM not set).
2024-11-04 12:13:28.624 [info] > git rev-parse --show-toplevel [2ms]
2024-11-04 12:13:28.624 [info] fatal: not a git repository (or any parent up to mount point /)
Stopping at filesystem boundary (GIT_DISCOVERY_ACROSS_FILESYSTEM not set).
2024-11-04 12:24:39.570 [info] > git rev-parse --show-toplevel [6ms]
2024-11-04 12:24:39.570 [info] fatal: not a git repository (or any parent up to mount point /)
Stopping at filesystem boundary (GIT_DISCOVERY_ACROSS_FILESYSTEM not set).
2024-11-04 12:27:12.572 [info] > git rev-parse --show-toplevel [1ms]
2024-11-04 12:27:12.572 [info] fatal: not a git repository (or any parent up to mount point /)
Stopping at filesystem boundary (GIT_DISCOVERY_ACROSS_FILESYSTEM not set).
2024-11-04 12:28:26.242 [info] > git rev-parse --show-toplevel [2ms]
2024-11-04 12:28:26.242 [info] fatal: not a git repository (or any parent up to mount point /)
Stopping at filesystem boundary (GIT_DISCOVERY_ACROSS_FILESYSTEM not set).
2024-11-04 13:29:10.326 [info] [main] Log level: Info
2024-11-04 13:29:10.326 [info] [main] Validating found git in: "git"
2024-11-04 13:29:10.326 [info] [main] Using git "2.47.0" from "git"
2024-11-04 13:29:10.326 [info] [Model][doInitialScan] Initial repository scan started
2024-11-04 13:29:10.326 [info] > git rev-parse --show-toplevel [3ms]
2024-11-04 13:29:10.326 [info] fatal: not a git repository (or any parent up to mount point /)
Stopping at filesystem boundary (GIT_DISCOVERY_ACROSS_FILESYSTEM not set).
2024-11-04 13:29:10.326 [info] [Model][doInitialScan] Initial repository scan completed - repositories (0), closed repositories (0), parent repositories (0), unsafe repositories (0)
2024-11-04 13:29:14.102 [info] > git rev-parse --show-toplevel [2ms]
2024-11-04 13:29:14.102 [info] fatal: not a git repository (or any parent up to mount point /)
Stopping at filesystem boundary (GIT_DISCOVERY_ACROSS_FILESYSTEM not set).
