2024-11-01 11:34:53.288 [info] Added views:workbench.panel.markers.view in workbench.panel.markers
2024-11-01 11:34:53.288 [info] Added views:workbench.panel.output in workbench.panel.output
2024-11-01 11:34:53.288 [info] Added views:terminal in terminal
2024-11-01 11:34:53.288 [info] Added views:outline in workbench.view.explorer
2024-11-01 11:34:53.288 [info] Added views:workbench.scm in workbench.view.scm
2024-11-01 11:34:53.288 [info] Added views:workbench.view.search in workbench.view.search
2024-11-01 11:34:53.288 [info] Added views:timeline in workbench.view.explorer
2024-11-01 11:34:53.288 [info] Added views:workbench.explorer.fileView in workbench.view.explorer
2024-11-01 11:34:53.929 [info] Added views:workbench.debug.welcome in workbench.view.debug
2024-11-01 11:34:54.017 [info] Added views:workbench.panel.repl.view in workbench.panel.repl
2024-11-01 11:34:54.460 [info] Added views:~remote.forwardedPorts in ~remote.forwardedPortsContainer
2024-11-01 11:35:05.317 [info] Added views:workbench.panel.markers.view in workbench.panel.markers
2024-11-01 11:35:05.317 [info] Added views:workbench.panel.output in workbench.panel.output
2024-11-01 11:35:05.317 [info] Added views:terminal in terminal
2024-11-01 11:35:05.317 [info] Added views:outline in workbench.view.explorer
2024-11-01 11:35:05.317 [info] Added views:workbench.scm in workbench.view.scm
2024-11-01 11:35:05.317 [info] Added views:workbench.view.search in workbench.view.search
2024-11-01 11:35:05.317 [info] Added views:timeline in workbench.view.explorer
2024-11-01 11:35:05.317 [info] Added views:workbench.explorer.emptyView in workbench.view.explorer
2024-11-01 11:35:05.601 [info] Added views:workbench.debug.variablesView,workbench.debug.watchExpressionsView,workbench.debug.callStackView,workbench.debug.breakPointsView in workbench.view.debug
2024-11-01 11:35:05.898 [info] Added views:workbench.panel.repl.view in workbench.panel.repl
2024-11-01 11:35:05.899 [info] Removed views:workbench.debug.breakPointsView,workbench.debug.callStackView,workbench.debug.watchExpressionsView,workbench.debug.variablesView from workbench.view.debug
2024-11-01 11:35:05.899 [info] Added views:workbench.debug.welcome in workbench.view.debug
2024-11-01 11:35:05.924 [info] Added views:~remote.forwardedPorts in ~remote.forwardedPortsContainer
2024-11-01 11:35:18.107 [info] Added views:workbench.panel.markers.view in workbench.panel.markers
2024-11-01 11:35:18.107 [info] Added views:workbench.panel.output in workbench.panel.output
2024-11-01 11:35:18.107 [info] Added views:terminal in terminal
2024-11-01 11:35:18.107 [info] Added views:outline in workbench.view.explorer
2024-11-01 11:35:18.107 [info] Added views:workbench.scm in workbench.view.scm
2024-11-01 11:35:18.107 [info] Added views:workbench.view.search in workbench.view.search
2024-11-01 11:35:18.107 [info] Added views:timeline in workbench.view.explorer
2024-11-01 11:35:18.107 [info] Added views:workbench.explorer.fileView in workbench.view.explorer
2024-11-01 11:35:18.632 [info] Added views:workbench.debug.welcome in workbench.view.debug
2024-11-01 11:35:18.650 [info] Added views:workbench.panel.repl.view in workbench.panel.repl
2024-11-01 11:35:19.096 [info] Added views:~remote.forwardedPorts in ~remote.forwardedPortsContainer
2024-11-01 15:15:17.994 [info] Added views:workbench.panel.markers.view in workbench.panel.markers
2024-11-01 15:15:17.994 [info] Added views:workbench.panel.output in workbench.panel.output
2024-11-01 15:15:17.994 [info] Added views:terminal in terminal
2024-11-01 15:15:17.994 [info] Added views:outline in workbench.view.explorer
2024-11-01 15:15:17.994 [info] Added views:workbench.scm in workbench.view.scm
2024-11-01 15:15:17.994 [info] Added views:workbench.view.search in workbench.view.search
2024-11-01 15:15:17.994 [info] Added views:timeline in workbench.view.explorer
2024-11-01 15:15:17.994 [info] Added views:workbench.explorer.fileView in workbench.view.explorer
2024-11-01 15:15:18.615 [info] Added views:workbench.debug.variablesView,workbench.debug.watchExpressionsView,workbench.debug.callStackView,workbench.debug.breakPointsView in workbench.view.debug
2024-11-01 15:15:18.644 [info] Added views:workbench.panel.repl.view in workbench.panel.repl
2024-11-01 15:15:18.645 [info] Removed views:workbench.debug.breakPointsView,workbench.debug.callStackView,workbench.debug.watchExpressionsView,workbench.debug.variablesView from workbench.view.debug
2024-11-01 15:15:18.646 [info] Added views:workbench.debug.welcome in workbench.view.debug
2024-11-01 15:15:19.036 [info] Added views:~remote.forwardedPorts in ~remote.forwardedPortsContainer
2024-11-01 18:10:37.687 [info] Added views:workbench.views.extensions.installed,workbench.views.extensions.popular,extensions.recommendedList in workbench.view.extensions
2024-11-01 18:10:37.702 [info] Removed views:workbench.views.extensions.popular from workbench.view.extensions
2024-11-01 18:10:38.309 [info] Removed views:extensions.recommendedList,workbench.views.extensions.installed from workbench.view.extensions
2024-11-01 18:10:38.330 [info] Added views:workbench.views.extensions.marketplace in workbench.view.extensions
