2024-11-01 16:51:35.990 [info] [main] Log level: Info
2024-11-01 16:51:35.990 [info] [main] Validating found git in: "git"
2024-11-01 16:51:35.990 [info] [main] Using git "2.47.0" from "git"
2024-11-01 16:51:35.990 [info] [Model][doInitialScan] Initial repository scan started
2024-11-01 16:51:35.990 [info] [Model][doInitialScan] Initial repository scan completed - repositories (0), closed repositories (0), parent repositories (0), unsafe repositories (0)
2024-11-01 16:51:52.486 [info] [main] Log level: Info
2024-11-01 16:51:52.486 [info] [main] Validating found git in: "git"
2024-11-01 16:51:52.486 [info] [main] Using git "2.47.0" from "git"
2024-11-01 16:51:52.486 [info] [Model][doInitialScan] Initial repository scan started
2024-11-01 16:51:52.486 [info] > git rev-parse --show-toplevel [5ms]
2024-11-01 16:51:52.486 [info] fatal: not a git repository (or any parent up to mount point /)
Stopping at filesystem boundary (GIT_DISCOVERY_ACROSS_FILESYSTEM not set).
2024-11-01 16:51:52.486 [info] > git rev-parse --show-toplevel [1ms]
2024-11-01 16:51:52.486 [info] fatal: not a git repository (or any parent up to mount point /)
Stopping at filesystem boundary (GIT_DISCOVERY_ACROSS_FILESYSTEM not set).
2024-11-01 16:51:52.492 [info] > git rev-parse --show-toplevel [2ms]
2024-11-01 16:51:52.492 [info] fatal: not a git repository (or any parent up to mount point /)
Stopping at filesystem boundary (GIT_DISCOVERY_ACROSS_FILESYSTEM not set).
2024-11-01 16:51:52.501 [info] > git rev-parse --show-toplevel [2ms]
2024-11-01 16:51:52.501 [info] fatal: not a git repository (or any parent up to mount point /)
Stopping at filesystem boundary (GIT_DISCOVERY_ACROSS_FILESYSTEM not set).
2024-11-01 16:51:52.510 [info] > git rev-parse --show-toplevel [2ms]
2024-11-01 16:51:52.510 [info] fatal: not a git repository (or any parent up to mount point /)
Stopping at filesystem boundary (GIT_DISCOVERY_ACROSS_FILESYSTEM not set).
2024-11-01 16:51:52.510 [info] [Model][doInitialScan] Initial repository scan completed - repositories (0), closed repositories (0), parent repositories (0), unsafe repositories (0)
2024-11-01 16:51:53.941 [info] > git rev-parse --show-toplevel [1ms]
2024-11-01 16:51:53.941 [info] fatal: not a git repository (or any parent up to mount point /)
Stopping at filesystem boundary (GIT_DISCOVERY_ACROSS_FILESYSTEM not set).
2024-11-01 16:55:42.421 [info] > git rev-parse --show-toplevel [1ms]
2024-11-01 16:55:42.421 [info] fatal: not a git repository (or any parent up to mount point /)
Stopping at filesystem boundary (GIT_DISCOVERY_ACROSS_FILESYSTEM not set).
2024-11-01 16:55:55.004 [info] > git rev-parse --show-toplevel [1ms]
2024-11-01 16:55:55.005 [info] fatal: not a git repository (or any parent up to mount point /)
Stopping at filesystem boundary (GIT_DISCOVERY_ACROSS_FILESYSTEM not set).
2024-11-01 16:55:55.028 [info] > git rev-parse --show-toplevel [2ms]
2024-11-01 16:55:55.028 [info] fatal: not a git repository (or any parent up to mount point /)
Stopping at filesystem boundary (GIT_DISCOVERY_ACROSS_FILESYSTEM not set).
2024-11-01 16:55:58.416 [info] > git rev-parse --show-toplevel [1ms]
2024-11-01 16:55:58.416 [info] fatal: not a git repository (or any parent up to mount point /)
Stopping at filesystem boundary (GIT_DISCOVERY_ACROSS_FILESYSTEM not set).
2024-11-01 16:58:18.259 [info] > git rev-parse --show-toplevel [1ms]
2024-11-01 16:58:18.259 [info] fatal: not a git repository (or any parent up to mount point /)
Stopping at filesystem boundary (GIT_DISCOVERY_ACROSS_FILESYSTEM not set).
2024-11-01 16:58:50.377 [info] > git rev-parse --show-toplevel [2ms]
2024-11-01 16:58:50.377 [info] fatal: not a git repository (or any parent up to mount point /)
Stopping at filesystem boundary (GIT_DISCOVERY_ACROSS_FILESYSTEM not set).
2024-11-01 16:58:53.363 [info] > git rev-parse --show-toplevel [2ms]
2024-11-01 16:58:53.363 [info] fatal: not a git repository (or any parent up to mount point /)
Stopping at filesystem boundary (GIT_DISCOVERY_ACROSS_FILESYSTEM not set).
2024-11-01 16:59:27.876 [info] > git rev-parse --show-toplevel [2ms]
2024-11-01 16:59:27.876 [info] fatal: not a git repository (or any parent up to mount point /)
Stopping at filesystem boundary (GIT_DISCOVERY_ACROSS_FILESYSTEM not set).
2024-11-01 16:59:43.335 [info] > git rev-parse --show-toplevel [1ms]
2024-11-01 16:59:43.336 [info] fatal: not a git repository (or any parent up to mount point /)
Stopping at filesystem boundary (GIT_DISCOVERY_ACROSS_FILESYSTEM not set).
2024-11-01 16:59:52.130 [info] > git rev-parse --show-toplevel [2ms]
2024-11-01 16:59:52.130 [info] fatal: not a git repository (or any parent up to mount point /)
Stopping at filesystem boundary (GIT_DISCOVERY_ACROSS_FILESYSTEM not set).
2024-11-01 16:59:52.998 [info] > git rev-parse --show-toplevel [1ms]
2024-11-01 16:59:52.998 [info] fatal: not a git repository (or any parent up to mount point /)
Stopping at filesystem boundary (GIT_DISCOVERY_ACROSS_FILESYSTEM not set).
2024-11-01 16:59:54.241 [info] > git rev-parse --show-toplevel [1ms]
2024-11-01 16:59:54.241 [info] fatal: not a git repository (or any parent up to mount point /)
Stopping at filesystem boundary (GIT_DISCOVERY_ACROSS_FILESYSTEM not set).
2024-11-01 17:02:56.440 [info] > git rev-parse --show-toplevel [1ms]
2024-11-01 17:02:56.440 [info] fatal: not a git repository (or any parent up to mount point /)
Stopping at filesystem boundary (GIT_DISCOVERY_ACROSS_FILESYSTEM not set).
2024-11-01 17:03:23.767 [info] > git rev-parse --show-toplevel [2ms]
2024-11-01 17:03:23.767 [info] fatal: not a git repository (or any parent up to mount point /)
Stopping at filesystem boundary (GIT_DISCOVERY_ACROSS_FILESYSTEM not set).
2024-11-01 17:08:03.822 [info] > git rev-parse --show-toplevel [1ms]
2024-11-01 17:08:03.822 [info] fatal: not a git repository (or any parent up to mount point /)
Stopping at filesystem boundary (GIT_DISCOVERY_ACROSS_FILESYSTEM not set).
2024-11-01 17:08:46.283 [info] > git rev-parse --show-toplevel [2ms]
2024-11-01 17:08:46.283 [info] fatal: not a git repository (or any parent up to mount point /)
Stopping at filesystem boundary (GIT_DISCOVERY_ACROSS_FILESYSTEM not set).
2024-11-01 17:15:29.409 [info] > git rev-parse --show-toplevel [1ms]
2024-11-01 17:15:29.409 [info] fatal: not a git repository (or any parent up to mount point /)
Stopping at filesystem boundary (GIT_DISCOVERY_ACROSS_FILESYSTEM not set).
2024-11-01 17:16:40.442 [info] > git rev-parse --show-toplevel [1ms]
2024-11-01 17:16:40.442 [info] fatal: not a git repository (or any parent up to mount point /)
Stopping at filesystem boundary (GIT_DISCOVERY_ACROSS_FILESYSTEM not set).
2024-11-01 17:19:34.010 [info] > git rev-parse --show-toplevel [2ms]
2024-11-01 17:19:34.010 [info] fatal: not a git repository (or any parent up to mount point /)
Stopping at filesystem boundary (GIT_DISCOVERY_ACROSS_FILESYSTEM not set).
2024-11-01 17:20:32.185 [info] > git rev-parse --show-toplevel [2ms]
2024-11-01 17:20:32.185 [info] fatal: not a git repository (or any parent up to mount point /)
Stopping at filesystem boundary (GIT_DISCOVERY_ACROSS_FILESYSTEM not set).
2024-11-01 17:27:45.838 [info] > git rev-parse --show-toplevel [2ms]
2024-11-01 17:27:45.838 [info] fatal: not a git repository (or any parent up to mount point /)
Stopping at filesystem boundary (GIT_DISCOVERY_ACROSS_FILESYSTEM not set).
2024-11-01 17:28:44.911 [info] > git rev-parse --show-toplevel [1ms]
2024-11-01 17:28:44.911 [info] fatal: not a git repository (or any parent up to mount point /)
Stopping at filesystem boundary (GIT_DISCOVERY_ACROSS_FILESYSTEM not set).
2024-11-01 17:40:09.971 [info] > git rev-parse --show-toplevel [3ms]
2024-11-01 17:40:09.971 [info] fatal: not a git repository (or any parent up to mount point /)
Stopping at filesystem boundary (GIT_DISCOVERY_ACROSS_FILESYSTEM not set).
2024-11-01 17:46:39.523 [info] > git rev-parse --show-toplevel [1ms]
2024-11-01 17:46:39.523 [info] fatal: not a git repository (or any parent up to mount point /)
Stopping at filesystem boundary (GIT_DISCOVERY_ACROSS_FILESYSTEM not set).
2024-11-01 17:47:05.474 [info] > git rev-parse --show-toplevel [2ms]
2024-11-01 17:47:05.474 [info] fatal: not a git repository (or any parent up to mount point /)
Stopping at filesystem boundary (GIT_DISCOVERY_ACROSS_FILESYSTEM not set).
2024-11-01 17:48:02.513 [info] > git rev-parse --show-toplevel [2ms]
2024-11-01 17:48:02.513 [info] fatal: not a git repository (or any parent up to mount point /)
Stopping at filesystem boundary (GIT_DISCOVERY_ACROSS_FILESYSTEM not set).
2024-11-01 17:50:33.221 [info] > git rev-parse --show-toplevel [1ms]
2024-11-01 17:50:33.221 [info] fatal: not a git repository (or any parent up to mount point /)
Stopping at filesystem boundary (GIT_DISCOVERY_ACROSS_FILESYSTEM not set).
2024-11-01 17:52:01.214 [info] > git rev-parse --show-toplevel [2ms]
2024-11-01 17:52:01.214 [info] fatal: not a git repository (or any parent up to mount point /)
Stopping at filesystem boundary (GIT_DISCOVERY_ACROSS_FILESYSTEM not set).
2024-11-01 17:57:19.495 [info] > git rev-parse --show-toplevel [1ms]
2024-11-01 17:57:19.495 [info] fatal: not a git repository (or any parent up to mount point /)
Stopping at filesystem boundary (GIT_DISCOVERY_ACROSS_FILESYSTEM not set).
2024-11-01 17:58:25.160 [info] > git rev-parse --show-toplevel [1ms]
2024-11-01 17:58:25.160 [info] fatal: not a git repository (or any parent up to mount point /)
Stopping at filesystem boundary (GIT_DISCOVERY_ACROSS_FILESYSTEM not set).
2024-11-01 18:01:19.322 [info] > git rev-parse --show-toplevel [3ms]
2024-11-01 18:01:19.322 [info] fatal: not a git repository (or any parent up to mount point /)
Stopping at filesystem boundary (GIT_DISCOVERY_ACROSS_FILESYSTEM not set).
2024-11-01 18:07:40.950 [info] > git rev-parse --show-toplevel [2ms]
2024-11-01 18:07:40.950 [info] fatal: not a git repository (or any parent up to mount point /)
Stopping at filesystem boundary (GIT_DISCOVERY_ACROSS_FILESYSTEM not set).
2024-11-01 18:10:54.573 [info] > git rev-parse --show-toplevel [1ms]
2024-11-01 18:10:54.573 [info] fatal: not a git repository (or any parent up to mount point /)
Stopping at filesystem boundary (GIT_DISCOVERY_ACROSS_FILESYSTEM not set).
2024-11-01 18:10:59.746 [info] > git rev-parse --show-toplevel [2ms]
2024-11-01 18:10:59.746 [info] fatal: not a git repository (or any parent up to mount point /)
Stopping at filesystem boundary (GIT_DISCOVERY_ACROSS_FILESYSTEM not set).
2024-11-01 18:12:31.426 [info] > git rev-parse --show-toplevel [3ms]
2024-11-01 18:12:31.426 [info] fatal: not a git repository (or any parent up to mount point /)
Stopping at filesystem boundary (GIT_DISCOVERY_ACROSS_FILESYSTEM not set).
2024-11-01 18:13:03.882 [info] > git rev-parse --show-toplevel [2ms]
2024-11-01 18:13:03.882 [info] fatal: not a git repository (or any parent up to mount point /)
Stopping at filesystem boundary (GIT_DISCOVERY_ACROSS_FILESYSTEM not set).
2024-11-01 18:13:08.711 [info] > git rev-parse --show-toplevel [2ms]
2024-11-01 18:13:08.711 [info] fatal: not a git repository (or any parent up to mount point /)
Stopping at filesystem boundary (GIT_DISCOVERY_ACROSS_FILESYSTEM not set).
2024-11-01 18:13:10.489 [info] > git rev-parse --show-toplevel [1ms]
2024-11-01 18:13:10.489 [info] fatal: not a git repository (or any parent up to mount point /)
Stopping at filesystem boundary (GIT_DISCOVERY_ACROSS_FILESYSTEM not set).
2024-11-01 18:13:26.707 [info] > git rev-parse --show-toplevel [2ms]
2024-11-01 18:13:26.707 [info] fatal: not a git repository (or any parent up to mount point /)
Stopping at filesystem boundary (GIT_DISCOVERY_ACROSS_FILESYSTEM not set).
2024-11-01 18:13:32.347 [info] > git rev-parse --show-toplevel [2ms]
2024-11-01 18:13:32.347 [info] fatal: not a git repository (or any parent up to mount point /)
Stopping at filesystem boundary (GIT_DISCOVERY_ACROSS_FILESYSTEM not set).
2024-11-01 18:13:36.808 [info] > git rev-parse --show-toplevel [2ms]
2024-11-01 18:13:36.808 [info] fatal: not a git repository (or any parent up to mount point /)
Stopping at filesystem boundary (GIT_DISCOVERY_ACROSS_FILESYSTEM not set).
2024-11-01 18:14:18.131 [info] > git rev-parse --show-toplevel [1ms]
2024-11-01 18:14:18.131 [info] fatal: not a git repository (or any parent up to mount point /)
Stopping at filesystem boundary (GIT_DISCOVERY_ACROSS_FILESYSTEM not set).
2024-11-01 18:14:19.326 [info] > git rev-parse --show-toplevel [2ms]
2024-11-01 18:14:19.326 [info] fatal: not a git repository (or any parent up to mount point /)
Stopping at filesystem boundary (GIT_DISCOVERY_ACROSS_FILESYSTEM not set).
2024-11-01 18:14:20.456 [info] > git rev-parse --show-toplevel [2ms]
2024-11-01 18:14:20.457 [info] fatal: not a git repository (or any parent up to mount point /)
Stopping at filesystem boundary (GIT_DISCOVERY_ACROSS_FILESYSTEM not set).
2024-11-01 18:14:22.234 [info] > git rev-parse --show-toplevel [2ms]
2024-11-01 18:14:22.234 [info] fatal: not a git repository (or any parent up to mount point /)
Stopping at filesystem boundary (GIT_DISCOVERY_ACROSS_FILESYSTEM not set).
2024-11-01 18:19:45.325 [info] > git rev-parse --show-toplevel [2ms]
2024-11-01 18:19:45.325 [info] fatal: not a git repository (or any parent up to mount point /)
Stopping at filesystem boundary (GIT_DISCOVERY_ACROSS_FILESYSTEM not set).
2024-11-01 18:20:11.613 [info] > git rev-parse --show-toplevel [2ms]
2024-11-01 18:20:11.613 [info] fatal: not a git repository (or any parent up to mount point /)
Stopping at filesystem boundary (GIT_DISCOVERY_ACROSS_FILESYSTEM not set).
2024-11-01 18:23:55.140 [info] > git rev-parse --show-toplevel [2ms]
2024-11-01 18:23:55.140 [info] fatal: not a git repository (or any parent up to mount point /)
Stopping at filesystem boundary (GIT_DISCOVERY_ACROSS_FILESYSTEM not set).
