2024-11-04 15:12:46.382 [info] Getting Manifest... rej.purplevoid
2024-11-04 15:12:46.617 [info] Installing extension: rej.purplevoid {"isMachineScoped":false,"installPreReleaseVersion":false,"pinned":false,"profileLocation":{"$mid":1,"external":"vscode-userdata:/home/bicutoru/.vscode-oss/extensions/extensions.json","path":"/home/bicutoru/.vscode-oss/extensions/extensions.json","scheme":"vscode-userdata"},"installOnlyNewlyAddedFromExtensionPack":true,"isApplicationScoped":false,"productVersion":{"version":"1.92.1","date":"2024-08-09T07:48:41.621Z"}}
2024-11-04 15:12:48.308 [error] Could not load vsce-sign module Cannot find module '@vscode/vsce-sign'
Require stack:
- /usr/lib/code/out/bootstrap-fork.js
2024-11-04 15:12:48.309 [info] Extension signature verification is not done: rej.purplevoid
2024-11-04 15:12:48.343 [info] Extracted extension to file:///home/bicutoru/.vscode-oss/extensions/rej.purplevoid-1.0.3-universal: rej.purplevoid
2024-11-04 15:12:48.346 [info] Renamed to /home/bicutoru/.vscode-oss/extensions/rej.purplevoid-1.0.3-universal
2024-11-04 15:12:48.359 [info] Extension installed successfully: rej.purplevoid vscode-userdata:/home/bicutoru/.vscode-oss/extensions/extensions.json
2024-11-04 15:12:48.434 [error] [uncaught exception in sharedProcess]: Error: ENOENT: no such file or directory, stat '/home/bicutoru/.vscode-oss/extensions/extensions.json.vsctmp': EntryNotFound (FileSystemError): Error: ENOENT: no such file or directory, stat '/home/bicutoru/.vscode-oss/extensions/extensions.json.vsctmp'
    at o.create (/usr/lib/code/out/vs/code/node/sharedProcess/sharedProcessMain.js:54:19408)
    at u (/usr/lib/code/out/vs/code/node/sharedProcess/sharedProcessMain.js:54:19519)
    at p.hb (/usr/lib/code/out/vs/code/node/sharedProcess/sharedProcessMain.js:59:36714)
    at p.stat (/usr/lib/code/out/vs/code/node/sharedProcess/sharedProcessMain.js:59:29034)
    at async c.stat (/usr/lib/code/out/vs/code/node/sharedProcess/sharedProcessMain.js:59:14940)
    at async z.ub (/usr/lib/code/out/vs/code/node/sharedProcess/sharedProcessMain.js:105:120384)
2024-11-04 15:13:23.478 [info] Getting Manifest... armoredcolony.purple-colony
2024-11-04 15:13:23.665 [info] Installing extension: armoredcolony.purple-colony {"isMachineScoped":false,"installPreReleaseVersion":false,"pinned":false,"profileLocation":{"$mid":1,"external":"vscode-userdata:/home/bicutoru/.vscode-oss/extensions/extensions.json","path":"/home/bicutoru/.vscode-oss/extensions/extensions.json","scheme":"vscode-userdata"},"installOnlyNewlyAddedFromExtensionPack":true,"isApplicationScoped":false,"productVersion":{"version":"1.92.1","date":"2024-08-09T07:48:41.621Z"}}
2024-11-04 15:13:28.583 [error] Could not load vsce-sign module Cannot find module '@vscode/vsce-sign'
Require stack:
- /usr/lib/code/out/bootstrap-fork.js
2024-11-04 15:13:28.589 [info] Extension signature verification is not done: armoredcolony.purple-colony
2024-11-04 15:13:28.666 [info] Extracted extension to file:///home/bicutoru/.vscode-oss/extensions/armoredcolony.purple-colony-1.1.1-universal: armoredcolony.purple-colony
2024-11-04 15:13:28.669 [info] Renamed to /home/bicutoru/.vscode-oss/extensions/armoredcolony.purple-colony-1.1.1-universal
2024-11-04 15:13:28.681 [info] Extension installed successfully: armoredcolony.purple-colony vscode-userdata:/home/bicutoru/.vscode-oss/extensions/extensions.json
2024-11-04 15:13:28.760 [error] [uncaught exception in sharedProcess]: Error: ENOENT: no such file or directory, stat '/home/bicutoru/.vscode-oss/extensions/extensions.json.vsctmp': EntryNotFound (FileSystemError): Error: ENOENT: no such file or directory, stat '/home/bicutoru/.vscode-oss/extensions/extensions.json.vsctmp'
    at o.create (/usr/lib/code/out/vs/code/node/sharedProcess/sharedProcessMain.js:54:19408)
    at u (/usr/lib/code/out/vs/code/node/sharedProcess/sharedProcessMain.js:54:19519)
    at p.hb (/usr/lib/code/out/vs/code/node/sharedProcess/sharedProcessMain.js:59:36714)
    at p.stat (/usr/lib/code/out/vs/code/node/sharedProcess/sharedProcessMain.js:59:29034)
    at async c.stat (/usr/lib/code/out/vs/code/node/sharedProcess/sharedProcessMain.js:59:14940)
    at async z.ub (/usr/lib/code/out/vs/code/node/sharedProcess/sharedProcessMain.js:105:120384)
