2024-11-04 10:51:32.598 [info] Added views:workbench.panel.markers.view in workbench.panel.markers
2024-11-04 10:51:32.598 [info] Added views:workbench.panel.output in workbench.panel.output
2024-11-04 10:51:32.598 [info] Added views:terminal in terminal
2024-11-04 10:51:32.598 [info] Added views:outline in workbench.view.explorer
2024-11-04 10:51:32.598 [info] Added views:workbench.scm in workbench.view.scm
2024-11-04 10:51:32.598 [info] Added views:workbench.view.search in workbench.view.search
2024-11-04 10:51:32.598 [info] Added views:timeline in workbench.view.explorer
2024-11-04 10:51:32.598 [info] Added views:workbench.explorer.fileView in workbench.view.explorer
2024-11-04 10:51:32.833 [info] Added views:workbench.debug.welcome in workbench.view.debug
2024-11-04 10:51:33.434 [info] Added views:workbench.panel.repl.view in workbench.panel.repl
2024-11-04 10:51:33.926 [info] Added views:~remote.forwardedPorts in ~remote.forwardedPortsContainer
2024-11-04 13:29:07.184 [info] Added views:workbench.panel.markers.view in workbench.panel.markers
2024-11-04 13:29:07.191 [info] Added views:workbench.panel.output in workbench.panel.output
2024-11-04 13:29:07.191 [info] Added views:terminal in terminal
2024-11-04 13:29:07.191 [info] Added views:outline in workbench.view.explorer
2024-11-04 13:29:07.191 [info] Added views:workbench.scm in workbench.view.scm
2024-11-04 13:29:07.191 [info] Added views:workbench.view.search in workbench.view.search
2024-11-04 13:29:07.191 [info] Added views:timeline in workbench.view.explorer
2024-11-04 13:29:07.191 [info] Added views:workbench.explorer.fileView in workbench.view.explorer
2024-11-04 13:29:07.810 [info] Added views:workbench.debug.variablesView,workbench.debug.watchExpressionsView,workbench.debug.callStackView,workbench.debug.breakPointsView in workbench.view.debug
2024-11-04 13:29:07.827 [info] Added views:workbench.panel.repl.view in workbench.panel.repl
2024-11-04 13:29:07.829 [info] Removed views:workbench.debug.breakPointsView,workbench.debug.callStackView,workbench.debug.watchExpressionsView,workbench.debug.variablesView from workbench.view.debug
2024-11-04 13:29:07.830 [info] Added views:workbench.debug.welcome in workbench.view.debug
2024-11-04 13:29:08.217 [info] Added views:~remote.forwardedPorts in ~remote.forwardedPortsContainer
