2024-11-01 00:30:18.106 [info] Added views:workbench.panel.markers.view in workbench.panel.markers
2024-11-01 00:30:18.106 [info] Added views:workbench.panel.output in workbench.panel.output
2024-11-01 00:30:18.106 [info] Added views:terminal in terminal
2024-11-01 00:30:18.106 [info] Added views:outline in workbench.view.explorer
2024-11-01 00:30:18.106 [info] Added views:workbench.scm in workbench.view.scm
2024-11-01 00:30:18.106 [info] Added views:workbench.view.search in workbench.view.search
2024-11-01 00:30:18.106 [info] Added views:timeline in workbench.view.explorer
2024-11-01 00:30:18.106 [info] Added views:workbench.explorer.fileView in workbench.view.explorer
2024-11-01 00:30:18.284 [info] Added views:workbench.debug.welcome in workbench.view.debug
2024-11-01 00:30:19.243 [info] Added views:workbench.panel.repl.view in workbench.panel.repl
2024-11-01 00:30:22.482 [info] Added views:~remote.forwardedPorts in ~remote.forwardedPortsContainer
2024-11-01 00:30:31.998 [info] Added views:workbench.panel.markers.view in workbench.panel.markers
2024-11-01 00:30:31.998 [info] Added views:workbench.panel.output in workbench.panel.output
2024-11-01 00:30:31.998 [info] Added views:terminal in terminal
2024-11-01 00:30:31.998 [info] Added views:outline in workbench.view.explorer
2024-11-01 00:30:31.998 [info] Added views:workbench.scm in workbench.view.scm
2024-11-01 00:30:31.998 [info] Added views:workbench.view.search in workbench.view.search
2024-11-01 00:30:31.998 [info] Added views:timeline in workbench.view.explorer
2024-11-01 00:30:31.998 [info] Added views:workbench.explorer.fileView in workbench.view.explorer
2024-11-01 00:30:32.509 [info] Added views:workbench.debug.variablesView,workbench.debug.watchExpressionsView,workbench.debug.callStackView,workbench.debug.breakPointsView in workbench.view.debug
2024-11-01 00:30:32.529 [info] Added views:workbench.panel.repl.view in workbench.panel.repl
2024-11-01 00:30:32.531 [info] Removed views:workbench.debug.breakPointsView,workbench.debug.callStackView,workbench.debug.watchExpressionsView,workbench.debug.variablesView from workbench.view.debug
2024-11-01 00:30:32.531 [info] Added views:workbench.debug.welcome in workbench.view.debug
2024-11-01 00:30:32.848 [info] Added views:~remote.forwardedPorts in ~remote.forwardedPortsContainer
