2024-11-01 11:34:54.168 [info] [main] Log level: Info
2024-11-01 11:34:54.168 [info] [main] Validating found git in: "git"
2024-11-01 11:34:54.168 [info] [main] Using git "2.47.0" from "git"
2024-11-01 11:34:54.168 [info] [Model][doInitialScan] Initial repository scan started
2024-11-01 11:34:54.168 [info] > git rev-parse --show-toplevel [5ms]
2024-11-01 11:34:54.168 [info] fatal: not a git repository (or any parent up to mount point /)
Stopping at filesystem boundary (GIT_DISCOVERY_ACROSS_FILESYSTEM not set).
2024-11-01 11:34:54.168 [info] > git rev-parse --show-toplevel [13ms]
2024-11-01 11:34:54.168 [info] fatal: not a git repository (or any parent up to mount point /)
Stopping at filesystem boundary (GIT_DISCOVERY_ACROSS_FILESYSTEM not set).
2024-11-01 11:34:54.208 [info] > git rev-parse --show-toplevel [30ms]
2024-11-01 11:34:54.208 [info] fatal: not a git repository (or any parent up to mount point /)
Stopping at filesystem boundary (GIT_DISCOVERY_ACROSS_FILESYSTEM not set).
2024-11-01 11:34:54.235 [info] > git rev-parse --show-toplevel [6ms]
2024-11-01 11:34:54.235 [info] fatal: not a git repository (or any parent up to mount point /)
Stopping at filesystem boundary (GIT_DISCOVERY_ACROSS_FILESYSTEM not set).
2024-11-01 11:34:54.243 [info] > git rev-parse --show-toplevel [1ms]
2024-11-01 11:34:54.243 [info] fatal: not a git repository (or any parent up to mount point /)
Stopping at filesystem boundary (GIT_DISCOVERY_ACROSS_FILESYSTEM not set).
2024-11-01 11:34:54.244 [info] [Model][doInitialScan] Initial repository scan completed - repositories (0), closed repositories (0), parent repositories (0), unsafe repositories (0)
2024-11-01 11:34:54.250 [info] > git rev-parse --show-toplevel [1ms]
2024-11-01 11:34:54.251 [info] fatal: not a git repository (or any parent up to mount point /)
Stopping at filesystem boundary (GIT_DISCOVERY_ACROSS_FILESYSTEM not set).
2024-11-01 11:34:54.424 [info] > git rev-parse --show-toplevel [4ms]
2024-11-01 11:34:54.424 [info] fatal: not a git repository (or any parent up to mount point /)
Stopping at filesystem boundary (GIT_DISCOVERY_ACROSS_FILESYSTEM not set).
2024-11-01 11:34:55.937 [info] > git rev-parse --show-toplevel [1ms]
2024-11-01 11:34:55.937 [info] fatal: not a git repository (or any parent up to mount point /)
Stopping at filesystem boundary (GIT_DISCOVERY_ACROSS_FILESYSTEM not set).
2024-11-01 11:35:06.004 [info] [main] Log level: Info
2024-11-01 11:35:06.004 [info] [main] Validating found git in: "git"
2024-11-01 11:35:06.004 [info] [main] Using git "2.47.0" from "git"
2024-11-01 11:35:06.004 [info] [Model][doInitialScan] Initial repository scan started
2024-11-01 11:35:06.004 [info] [Model][doInitialScan] Initial repository scan completed - repositories (0), closed repositories (0), parent repositories (0), unsafe repositories (0)
2024-11-01 11:35:18.769 [info] [main] Log level: Info
2024-11-01 11:35:18.769 [info] [main] Validating found git in: "git"
2024-11-01 11:35:18.769 [info] [main] Using git "2.47.0" from "git"
2024-11-01 11:35:18.769 [info] [Model][doInitialScan] Initial repository scan started
2024-11-01 11:35:18.769 [info] > git rev-parse --show-toplevel [7ms]
2024-11-01 11:35:18.769 [info] fatal: not a git repository (or any parent up to mount point /)
Stopping at filesystem boundary (GIT_DISCOVERY_ACROSS_FILESYSTEM not set).
2024-11-01 11:35:18.776 [info] > git rev-parse --show-toplevel [2ms]
2024-11-01 11:35:18.776 [info] fatal: not a git repository (or any parent up to mount point /)
Stopping at filesystem boundary (GIT_DISCOVERY_ACROSS_FILESYSTEM not set).
2024-11-01 11:35:18.798 [info] > git rev-parse --show-toplevel [1ms]
2024-11-01 11:35:18.798 [info] fatal: not a git repository (or any parent up to mount point /)
Stopping at filesystem boundary (GIT_DISCOVERY_ACROSS_FILESYSTEM not set).
2024-11-01 11:35:18.804 [info] > git rev-parse --show-toplevel [2ms]
2024-11-01 11:35:18.804 [info] fatal: not a git repository (or any parent up to mount point /)
Stopping at filesystem boundary (GIT_DISCOVERY_ACROSS_FILESYSTEM not set).
2024-11-01 11:35:18.820 [info] > git rev-parse --show-toplevel [11ms]
2024-11-01 11:35:18.820 [info] fatal: not a git repository (or any parent up to mount point /)
Stopping at filesystem boundary (GIT_DISCOVERY_ACROSS_FILESYSTEM not set).
2024-11-01 11:35:18.829 [info] > git rev-parse --show-toplevel [2ms]
2024-11-01 11:35:18.829 [info] fatal: not a git repository (or any parent up to mount point /)
Stopping at filesystem boundary (GIT_DISCOVERY_ACROSS_FILESYSTEM not set).
2024-11-01 11:35:18.829 [info] [Model][doInitialScan] Initial repository scan completed - repositories (0), closed repositories (0), parent repositories (0), unsafe repositories (0)
2024-11-01 11:35:19.034 [info] > git rev-parse --show-toplevel [8ms]
2024-11-01 11:35:19.034 [info] fatal: not a git repository (or any parent up to mount point /)
Stopping at filesystem boundary (GIT_DISCOVERY_ACROSS_FILESYSTEM not set).
2024-11-01 11:35:20.718 [info] > git rev-parse --show-toplevel [9ms]
2024-11-01 11:35:20.718 [info] fatal: not a git repository (or any parent up to mount point /)
Stopping at filesystem boundary (GIT_DISCOVERY_ACROSS_FILESYSTEM not set).
2024-11-01 11:35:22.213 [info] > git rev-parse --show-toplevel [1ms]
2024-11-01 11:35:22.213 [info] fatal: not a git repository (or any parent up to mount point /)
Stopping at filesystem boundary (GIT_DISCOVERY_ACROSS_FILESYSTEM not set).
2024-11-01 11:36:15.029 [info] > git rev-parse --show-toplevel [1ms]
2024-11-01 11:36:15.029 [info] fatal: not a git repository (or any parent up to mount point /)
Stopping at filesystem boundary (GIT_DISCOVERY_ACROSS_FILESYSTEM not set).
2024-11-01 11:36:21.783 [info] > git rev-parse --show-toplevel [2ms]
2024-11-01 11:36:21.783 [info] fatal: not a git repository (or any parent up to mount point /)
Stopping at filesystem boundary (GIT_DISCOVERY_ACROSS_FILESYSTEM not set).
2024-11-01 11:36:35.508 [info] > git rev-parse --show-toplevel [2ms]
2024-11-01 11:36:35.508 [info] fatal: not a git repository (or any parent up to mount point /)
Stopping at filesystem boundary (GIT_DISCOVERY_ACROSS_FILESYSTEM not set).
2024-11-01 11:36:36.155 [info] > git rev-parse --show-toplevel [1ms]
2024-11-01 11:36:36.155 [info] fatal: not a git repository (or any parent up to mount point /)
Stopping at filesystem boundary (GIT_DISCOVERY_ACROSS_FILESYSTEM not set).
2024-11-01 11:36:40.109 [info] > git rev-parse --show-toplevel [2ms]
2024-11-01 11:36:40.109 [info] fatal: not a git repository (or any parent up to mount point /)
Stopping at filesystem boundary (GIT_DISCOVERY_ACROSS_FILESYSTEM not set).
2024-11-01 11:36:41.452 [info] > git rev-parse --show-toplevel [2ms]
2024-11-01 11:36:41.452 [info] fatal: not a git repository (or any parent up to mount point /)
Stopping at filesystem boundary (GIT_DISCOVERY_ACROSS_FILESYSTEM not set).
2024-11-01 11:36:45.816 [info] > git rev-parse --show-toplevel [1ms]
2024-11-01 11:36:45.817 [info] fatal: not a git repository (or any parent up to mount point /)
Stopping at filesystem boundary (GIT_DISCOVERY_ACROSS_FILESYSTEM not set).
2024-11-01 11:36:47.222 [info] > git rev-parse --show-toplevel [1ms]
2024-11-01 11:36:47.223 [info] fatal: not a git repository (or any parent up to mount point /)
Stopping at filesystem boundary (GIT_DISCOVERY_ACROSS_FILESYSTEM not set).
2024-11-01 11:41:38.680 [info] > git rev-parse --show-toplevel [2ms]
2024-11-01 11:41:38.680 [info] fatal: not a git repository (or any parent up to mount point /)
Stopping at filesystem boundary (GIT_DISCOVERY_ACROSS_FILESYSTEM not set).
2024-11-01 11:41:45.106 [info] > git rev-parse --show-toplevel [2ms]
2024-11-01 11:41:45.106 [info] fatal: not a git repository (or any parent up to mount point /)
Stopping at filesystem boundary (GIT_DISCOVERY_ACROSS_FILESYSTEM not set).
2024-11-01 11:54:24.560 [info] > git rev-parse --show-toplevel [1ms]
2024-11-01 11:54:24.560 [info] fatal: not a git repository (or any parent up to mount point /)
Stopping at filesystem boundary (GIT_DISCOVERY_ACROSS_FILESYSTEM not set).
2024-11-01 11:54:31.588 [info] > git rev-parse --show-toplevel [2ms]
2024-11-01 11:54:31.588 [info] fatal: not a git repository (or any parent up to mount point /)
Stopping at filesystem boundary (GIT_DISCOVERY_ACROSS_FILESYSTEM not set).
2024-11-01 11:54:50.046 [info] > git rev-parse --show-toplevel [2ms]
2024-11-01 11:54:50.046 [info] fatal: not a git repository (or any parent up to mount point /)
Stopping at filesystem boundary (GIT_DISCOVERY_ACROSS_FILESYSTEM not set).
2024-11-01 11:54:51.778 [info] > git rev-parse --show-toplevel [2ms]
2024-11-01 11:54:51.778 [info] fatal: not a git repository (or any parent up to mount point /)
Stopping at filesystem boundary (GIT_DISCOVERY_ACROSS_FILESYSTEM not set).
2024-11-01 11:55:04.009 [info] > git rev-parse --show-toplevel [2ms]
2024-11-01 11:55:04.009 [info] fatal: not a git repository (or any parent up to mount point /)
Stopping at filesystem boundary (GIT_DISCOVERY_ACROSS_FILESYSTEM not set).
2024-11-01 11:56:03.938 [info] > git rev-parse --show-toplevel [2ms]
2024-11-01 11:56:03.938 [info] fatal: not a git repository (or any parent up to mount point /)
Stopping at filesystem boundary (GIT_DISCOVERY_ACROSS_FILESYSTEM not set).
2024-11-01 11:56:05.193 [info] > git rev-parse --show-toplevel [2ms]
2024-11-01 11:56:05.194 [info] fatal: not a git repository (or any parent up to mount point /)
Stopping at filesystem boundary (GIT_DISCOVERY_ACROSS_FILESYSTEM not set).
2024-11-01 11:56:06.485 [info] > git rev-parse --show-toplevel [3ms]
2024-11-01 11:56:06.485 [info] fatal: not a git repository (or any parent up to mount point /)
Stopping at filesystem boundary (GIT_DISCOVERY_ACROSS_FILESYSTEM not set).
2024-11-01 11:56:11.070 [info] > git rev-parse --show-toplevel [3ms]
2024-11-01 11:56:11.070 [info] fatal: not a git repository (or any parent up to mount point /)
Stopping at filesystem boundary (GIT_DISCOVERY_ACROSS_FILESYSTEM not set).
2024-11-01 11:56:12.645 [info] > git rev-parse --show-toplevel [2ms]
2024-11-01 11:56:12.645 [info] fatal: not a git repository (or any parent up to mount point /)
Stopping at filesystem boundary (GIT_DISCOVERY_ACROSS_FILESYSTEM not set).
2024-11-01 11:56:18.868 [info] > git rev-parse --show-toplevel [2ms]
2024-11-01 11:56:18.868 [info] fatal: not a git repository (or any parent up to mount point /)
Stopping at filesystem boundary (GIT_DISCOVERY_ACROSS_FILESYSTEM not set).
2024-11-01 11:56:28.170 [info] > git rev-parse --show-toplevel [2ms]
2024-11-01 11:56:28.170 [info] fatal: not a git repository (or any parent up to mount point /)
Stopping at filesystem boundary (GIT_DISCOVERY_ACROSS_FILESYSTEM not set).
2024-11-01 11:56:42.551 [info] > git rev-parse --show-toplevel [2ms]
2024-11-01 11:56:42.551 [info] fatal: not a git repository (or any parent up to mount point /)
Stopping at filesystem boundary (GIT_DISCOVERY_ACROSS_FILESYSTEM not set).
2024-11-01 11:57:01.526 [info] > git rev-parse --show-toplevel [2ms]
2024-11-01 11:57:01.526 [info] fatal: not a git repository (or any parent up to mount point /)
Stopping at filesystem boundary (GIT_DISCOVERY_ACROSS_FILESYSTEM not set).
2024-11-01 11:57:51.109 [info] > git rev-parse --show-toplevel [2ms]
2024-11-01 11:57:51.109 [info] fatal: not a git repository (or any parent up to mount point /)
Stopping at filesystem boundary (GIT_DISCOVERY_ACROSS_FILESYSTEM not set).
2024-11-01 11:57:58.105 [info] > git rev-parse --show-toplevel [2ms]
2024-11-01 11:57:58.105 [info] fatal: not a git repository (or any parent up to mount point /)
Stopping at filesystem boundary (GIT_DISCOVERY_ACROSS_FILESYSTEM not set).
2024-11-01 11:58:27.374 [info] > git rev-parse --show-toplevel [2ms]
2024-11-01 11:58:27.374 [info] fatal: not a git repository (or any parent up to mount point /)
Stopping at filesystem boundary (GIT_DISCOVERY_ACROSS_FILESYSTEM not set).
2024-11-01 12:01:08.972 [info] > git rev-parse --show-toplevel [2ms]
2024-11-01 12:01:08.972 [info] fatal: not a git repository (or any parent up to mount point /)
Stopping at filesystem boundary (GIT_DISCOVERY_ACROSS_FILESYSTEM not set).
2024-11-01 12:03:56.417 [info] > git rev-parse --show-toplevel [2ms]
2024-11-01 12:03:56.417 [info] fatal: not a git repository (or any parent up to mount point /)
Stopping at filesystem boundary (GIT_DISCOVERY_ACROSS_FILESYSTEM not set).
2024-11-01 12:03:57.175 [info] > git rev-parse --show-toplevel [5ms]
2024-11-01 12:03:57.175 [info] fatal: not a git repository (or any parent up to mount point /)
Stopping at filesystem boundary (GIT_DISCOVERY_ACROSS_FILESYSTEM not set).
2024-11-01 12:04:16.387 [info] > git rev-parse --show-toplevel [1ms]
2024-11-01 12:04:16.387 [info] fatal: not a git repository (or any parent up to mount point /)
Stopping at filesystem boundary (GIT_DISCOVERY_ACROSS_FILESYSTEM not set).
2024-11-01 12:11:41.020 [info] > git rev-parse --show-toplevel [2ms]
2024-11-01 12:11:41.020 [info] fatal: not a git repository (or any parent up to mount point /)
Stopping at filesystem boundary (GIT_DISCOVERY_ACROSS_FILESYSTEM not set).
2024-11-01 12:11:42.703 [info] > git rev-parse --show-toplevel [1ms]
2024-11-01 12:11:42.703 [info] fatal: not a git repository (or any parent up to mount point /)
Stopping at filesystem boundary (GIT_DISCOVERY_ACROSS_FILESYSTEM not set).
2024-11-01 12:35:20.597 [info] > git rev-parse --show-toplevel [2ms]
2024-11-01 12:35:20.597 [info] fatal: not a git repository (or any parent up to mount point /)
Stopping at filesystem boundary (GIT_DISCOVERY_ACROSS_FILESYSTEM not set).
2024-11-01 12:36:29.024 [info] > git rev-parse --show-toplevel [1ms]
2024-11-01 12:36:29.024 [info] fatal: not a git repository (or any parent up to mount point /)
Stopping at filesystem boundary (GIT_DISCOVERY_ACROSS_FILESYSTEM not set).
2024-11-01 12:36:34.889 [info] > git rev-parse --show-toplevel [2ms]
2024-11-01 12:36:34.889 [info] fatal: not a git repository (or any parent up to mount point /)
Stopping at filesystem boundary (GIT_DISCOVERY_ACROSS_FILESYSTEM not set).
2024-11-01 12:39:06.215 [info] > git rev-parse --show-toplevel [2ms]
2024-11-01 12:39:06.215 [info] fatal: not a git repository (or any parent up to mount point /)
Stopping at filesystem boundary (GIT_DISCOVERY_ACROSS_FILESYSTEM not set).
2024-11-01 12:39:59.418 [info] > git rev-parse --show-toplevel [2ms]
2024-11-01 12:39:59.418 [info] fatal: not a git repository (or any parent up to mount point /)
Stopping at filesystem boundary (GIT_DISCOVERY_ACROSS_FILESYSTEM not set).
2024-11-01 12:40:44.253 [info] > git rev-parse --show-toplevel [3ms]
2024-11-01 12:40:44.253 [info] fatal: not a git repository (or any parent up to mount point /)
Stopping at filesystem boundary (GIT_DISCOVERY_ACROSS_FILESYSTEM not set).
2024-11-01 12:51:55.801 [info] > git rev-parse --show-toplevel [2ms]
2024-11-01 12:51:55.801 [info] fatal: not a git repository (or any parent up to mount point /)
Stopping at filesystem boundary (GIT_DISCOVERY_ACROSS_FILESYSTEM not set).
2024-11-01 12:53:00.251 [info] > git rev-parse --show-toplevel [2ms]
2024-11-01 12:53:00.251 [info] fatal: not a git repository (or any parent up to mount point /)
Stopping at filesystem boundary (GIT_DISCOVERY_ACROSS_FILESYSTEM not set).
2024-11-01 12:58:50.844 [info] > git rev-parse --show-toplevel [3ms]
2024-11-01 12:58:50.844 [info] fatal: not a git repository (or any parent up to mount point /)
Stopping at filesystem boundary (GIT_DISCOVERY_ACROSS_FILESYSTEM not set).
2024-11-01 13:05:26.881 [info] > git rev-parse --show-toplevel [1ms]
2024-11-01 13:05:26.882 [info] fatal: not a git repository (or any parent up to mount point /)
Stopping at filesystem boundary (GIT_DISCOVERY_ACROSS_FILESYSTEM not set).
2024-11-01 13:05:53.152 [info] > git rev-parse --show-toplevel [2ms]
2024-11-01 13:05:53.152 [info] fatal: not a git repository (or any parent up to mount point /)
Stopping at filesystem boundary (GIT_DISCOVERY_ACROSS_FILESYSTEM not set).
2024-11-01 13:06:04.183 [info] > git rev-parse --show-toplevel [1ms]
2024-11-01 13:06:04.183 [info] fatal: not a git repository (or any parent up to mount point /)
Stopping at filesystem boundary (GIT_DISCOVERY_ACROSS_FILESYSTEM not set).
2024-11-01 13:08:08.296 [info] > git rev-parse --show-toplevel [3ms]
2024-11-01 13:08:08.297 [info] fatal: not a git repository (or any parent up to mount point /)
Stopping at filesystem boundary (GIT_DISCOVERY_ACROSS_FILESYSTEM not set).
2024-11-01 13:08:54.071 [info] > git rev-parse --show-toplevel [2ms]
2024-11-01 13:08:54.071 [info] fatal: not a git repository (or any parent up to mount point /)
Stopping at filesystem boundary (GIT_DISCOVERY_ACROSS_FILESYSTEM not set).
2024-11-01 13:09:58.760 [info] > git rev-parse --show-toplevel [2ms]
2024-11-01 13:09:58.760 [info] fatal: not a git repository (or any parent up to mount point /)
Stopping at filesystem boundary (GIT_DISCOVERY_ACROSS_FILESYSTEM not set).
2024-11-01 13:10:24.953 [info] > git rev-parse --show-toplevel [2ms]
2024-11-01 13:10:24.953 [info] fatal: not a git repository (or any parent up to mount point /)
Stopping at filesystem boundary (GIT_DISCOVERY_ACROSS_FILESYSTEM not set).
2024-11-01 13:13:01.566 [info] > git rev-parse --show-toplevel [1ms]
2024-11-01 13:13:01.566 [info] fatal: not a git repository (or any parent up to mount point /)
Stopping at filesystem boundary (GIT_DISCOVERY_ACROSS_FILESYSTEM not set).
2024-11-01 13:23:08.448 [info] > git rev-parse --show-toplevel [1ms]
2024-11-01 13:23:08.448 [info] fatal: not a git repository (or any parent up to mount point /)
Stopping at filesystem boundary (GIT_DISCOVERY_ACROSS_FILESYSTEM not set).
2024-11-01 13:23:55.430 [info] > git rev-parse --show-toplevel [1ms]
2024-11-01 13:23:55.430 [info] fatal: not a git repository (or any parent up to mount point /)
Stopping at filesystem boundary (GIT_DISCOVERY_ACROSS_FILESYSTEM not set).
2024-11-01 13:24:21.442 [info] > git rev-parse --show-toplevel [2ms]
2024-11-01 13:24:21.442 [info] fatal: not a git repository (or any parent up to mount point /)
Stopping at filesystem boundary (GIT_DISCOVERY_ACROSS_FILESYSTEM not set).
2024-11-01 13:25:21.172 [info] > git rev-parse --show-toplevel [2ms]
2024-11-01 13:25:21.172 [info] fatal: not a git repository (or any parent up to mount point /)
Stopping at filesystem boundary (GIT_DISCOVERY_ACROSS_FILESYSTEM not set).
2024-11-01 13:25:22.855 [info] > git rev-parse --show-toplevel [2ms]
2024-11-01 13:25:22.855 [info] fatal: not a git repository (or any parent up to mount point /)
Stopping at filesystem boundary (GIT_DISCOVERY_ACROSS_FILESYSTEM not set).
2024-11-01 14:08:19.795 [info] > git rev-parse --show-toplevel [1ms]
2024-11-01 14:08:19.795 [info] fatal: not a git repository (or any parent up to mount point /)
Stopping at filesystem boundary (GIT_DISCOVERY_ACROSS_FILESYSTEM not set).
2024-11-01 14:08:25.613 [info] > git rev-parse --show-toplevel [2ms]
2024-11-01 14:08:25.613 [info] fatal: not a git repository (or any parent up to mount point /)
Stopping at filesystem boundary (GIT_DISCOVERY_ACROSS_FILESYSTEM not set).
2024-11-01 14:08:34.760 [info] > git rev-parse --show-toplevel [2ms]
2024-11-01 14:08:34.760 [info] fatal: not a git repository (or any parent up to mount point /)
Stopping at filesystem boundary (GIT_DISCOVERY_ACROSS_FILESYSTEM not set).
2024-11-01 14:08:39.441 [info] > git rev-parse --show-toplevel [1ms]
2024-11-01 14:08:39.441 [info] fatal: not a git repository (or any parent up to mount point /)
Stopping at filesystem boundary (GIT_DISCOVERY_ACROSS_FILESYSTEM not set).
2024-11-01 14:09:01.869 [info] > git rev-parse --show-toplevel [1ms]
2024-11-01 14:09:01.869 [info] fatal: not a git repository (or any parent up to mount point /)
Stopping at filesystem boundary (GIT_DISCOVERY_ACROSS_FILESYSTEM not set).
2024-11-01 14:09:07.118 [info] > git rev-parse --show-toplevel [2ms]
2024-11-01 14:09:07.118 [info] fatal: not a git repository (or any parent up to mount point /)
Stopping at filesystem boundary (GIT_DISCOVERY_ACROSS_FILESYSTEM not set).
2024-11-01 14:09:26.277 [info] > git rev-parse --show-toplevel [2ms]
2024-11-01 14:09:26.277 [info] fatal: not a git repository (or any parent up to mount point /)
Stopping at filesystem boundary (GIT_DISCOVERY_ACROSS_FILESYSTEM not set).
2024-11-01 14:09:29.585 [info] > git rev-parse --show-toplevel [2ms]
2024-11-01 14:09:29.585 [info] fatal: not a git repository (or any parent up to mount point /)
Stopping at filesystem boundary (GIT_DISCOVERY_ACROSS_FILESYSTEM not set).
2024-11-01 14:10:10.721 [info] > git rev-parse --show-toplevel [1ms]
2024-11-01 14:10:10.721 [info] fatal: not a git repository (or any parent up to mount point /)
Stopping at filesystem boundary (GIT_DISCOVERY_ACROSS_FILESYSTEM not set).
2024-11-01 14:14:01.470 [info] > git rev-parse --show-toplevel [1ms]
2024-11-01 14:14:01.470 [info] fatal: not a git repository (or any parent up to mount point /)
Stopping at filesystem boundary (GIT_DISCOVERY_ACROSS_FILESYSTEM not set).
2024-11-01 14:14:16.567 [info] > git rev-parse --show-toplevel [2ms]
2024-11-01 14:14:16.567 [info] fatal: not a git repository (or any parent up to mount point /)
Stopping at filesystem boundary (GIT_DISCOVERY_ACROSS_FILESYSTEM not set).
2024-11-01 14:20:42.143 [info] > git rev-parse --show-toplevel [2ms]
2024-11-01 14:20:42.143 [info] fatal: not a git repository (or any parent up to mount point /)
Stopping at filesystem boundary (GIT_DISCOVERY_ACROSS_FILESYSTEM not set).
2024-11-01 14:22:36.233 [info] > git rev-parse --show-toplevel [2ms]
2024-11-01 14:22:36.233 [info] fatal: not a git repository (or any parent up to mount point /)
Stopping at filesystem boundary (GIT_DISCOVERY_ACROSS_FILESYSTEM not set).
2024-11-01 14:23:05.280 [info] > git rev-parse --show-toplevel [2ms]
2024-11-01 14:23:05.280 [info] fatal: not a git repository (or any parent up to mount point /)
Stopping at filesystem boundary (GIT_DISCOVERY_ACROSS_FILESYSTEM not set).
2024-11-01 14:24:10.285 [info] > git rev-parse --show-toplevel [2ms]
2024-11-01 14:24:10.285 [info] fatal: not a git repository (or any parent up to mount point /)
Stopping at filesystem boundary (GIT_DISCOVERY_ACROSS_FILESYSTEM not set).
2024-11-01 14:25:15.918 [info] > git rev-parse --show-toplevel [2ms]
2024-11-01 14:25:15.918 [info] fatal: not a git repository (or any parent up to mount point /)
Stopping at filesystem boundary (GIT_DISCOVERY_ACROSS_FILESYSTEM not set).
2024-11-01 14:28:03.188 [info] > git rev-parse --show-toplevel [2ms]
2024-11-01 14:28:03.188 [info] fatal: not a git repository (or any parent up to mount point /)
Stopping at filesystem boundary (GIT_DISCOVERY_ACROSS_FILESYSTEM not set).
2024-11-01 14:55:30.791 [info] > git rev-parse --show-toplevel [2ms]
2024-11-01 14:55:30.791 [info] fatal: not a git repository (or any parent up to mount point /)
Stopping at filesystem boundary (GIT_DISCOVERY_ACROSS_FILESYSTEM not set).
2024-11-01 14:55:36.187 [info] > git rev-parse --show-toplevel [1ms]
2024-11-01 14:55:36.187 [info] fatal: not a git repository (or any parent up to mount point /)
Stopping at filesystem boundary (GIT_DISCOVERY_ACROSS_FILESYSTEM not set).
2024-11-01 15:15:23.401 [info] [main] Log level: Info
2024-11-01 15:15:23.401 [info] [main] Validating found git in: "git"
2024-11-01 15:15:23.401 [info] [main] Using git "2.47.0" from "git"
2024-11-01 15:15:23.401 [info] [Model][doInitialScan] Initial repository scan started
2024-11-01 15:15:23.401 [info] > git rev-parse --show-toplevel [3ms]
2024-11-01 15:15:23.407 [info] > git rev-parse --git-dir --git-common-dir [2ms]
2024-11-01 15:15:23.420 [info] [Model][openRepository] Opened repository: /home/bicutoru/Downloads/SuperWaybar/dotfiles
2024-11-01 15:15:23.435 [info] > git rev-parse --show-toplevel [2ms]
2024-11-01 15:15:23.436 [info] > git config --get commit.template [7ms]
2024-11-01 15:15:23.450 [info] > git rev-parse --show-toplevel [7ms]
2024-11-01 15:15:23.455 [info] > git for-each-ref --format=%(refname)%00%(upstream:short)%00%(objectname)%00%(upstream:track)%00%(upstream:remotename)%00%(upstream:remoteref) refs/heads/main refs/remotes/main [6ms]
2024-11-01 15:15:23.461 [warning] [Git][revParse] Unable to read file: ENOENT: no such file or directory, open '/home/bicutoru/Downloads/SuperWaybar/dotfiles/.git/refs/remotes/origin/main'
2024-11-01 15:15:23.462 [info] > git rev-parse --show-toplevel [7ms]
2024-11-01 15:15:23.467 [info] > git rev-parse refs/remotes/origin/main [6ms]
2024-11-01 15:15:23.474 [info] > git rev-parse --show-toplevel [6ms]
2024-11-01 15:15:23.474 [info] [Model][doInitialScan] Initial repository scan completed - repositories (1), closed repositories (0), parent repositories (0), unsafe repositories (0)
2024-11-01 15:15:23.786 [info] > git status -z -uall [314ms]
2024-11-01 15:15:23.803 [info] > git for-each-ref --format=%(refname)%00%(upstream:short)%00%(objectname)%00%(upstream:track)%00%(upstream:remotename)%00%(upstream:remoteref) refs/heads/main refs/remotes/main [12ms]
2024-11-01 15:15:23.809 [info] > git config --get commit.template [6ms]
2024-11-01 15:15:23.811 [info] > git config --local branch.main.vscode-merge-base [3ms]
2024-11-01 15:15:23.811 [warning] [Git][config] git config failed: Failed to execute git
2024-11-01 15:15:23.829 [info] > git reflog main --grep-reflog=branch: Created from *. [14ms]
2024-11-01 15:15:23.835 [info] > git symbolic-ref --short refs/remotes/origin/HEAD [2ms]
2024-11-01 15:15:23.840 [info] > git for-each-ref --format=%(refname)%00%(upstream:short)%00%(objectname)%00%(upstream:track)%00%(upstream:remotename)%00%(upstream:remoteref) refs/heads/main refs/remotes/main [11ms]
2024-11-01 15:15:23.844 [warning] [Git][revParse] Unable to read file: ENOENT: no such file or directory, open '/home/bicutoru/Downloads/SuperWaybar/dotfiles/.git/refs/remotes/origin/main'
2024-11-01 15:15:23.846 [info] > git rev-parse refs/remotes/origin/main [2ms]
2024-11-01 15:15:23.850 [info] > git for-each-ref --format=%(refname)%00%(upstream:short)%00%(objectname)%00%(upstream:track)%00%(upstream:remotename)%00%(upstream:remoteref) refs/heads/origin/main refs/remotes/origin/main [11ms]
2024-11-01 15:15:23.856 [info] > git config --local branch.main.vscode-merge-base origin/main [2ms]
2024-11-01 15:15:23.927 [info] > git status -z -uall [78ms] (cancelled)
2024-11-01 15:15:23.933 [info] > git config --get commit.template [11ms]
2024-11-01 15:15:23.948 [info] > git check-ignore -v -z --stdin [8ms]
2024-11-01 15:15:23.950 [info] > git for-each-ref --format=%(refname)%00%(upstream:short)%00%(objectname)%00%(upstream:track)%00%(upstream:remotename)%00%(upstream:remoteref) refs/heads/main refs/remotes/main [2ms]
2024-11-01 15:15:23.954 [warning] [Git][revParse] Unable to read file: ENOENT: no such file or directory, open '/home/bicutoru/Downloads/SuperWaybar/dotfiles/.git/refs/remotes/origin/main'
2024-11-01 15:15:23.955 [info] > git rev-parse refs/remotes/origin/main [1ms]
2024-11-01 15:15:24.261 [info] > git status -z -uall [300ms]
2024-11-01 15:15:24.273 [info] > git for-each-ref --format=%(refname)%00%(upstream:short)%00%(objectname)%00%(upstream:track)%00%(upstream:remotename)%00%(upstream:remoteref) refs/heads/main refs/remotes/main [7ms]
2024-11-01 15:15:24.279 [info] > git config --local branch.main.vscode-merge-base [1ms]
2024-11-01 15:15:24.283 [info] > git merge-base refs/heads/main refs/remotes/origin/main [11ms]
2024-11-01 15:15:24.288 [info] > git for-each-ref --format=%(refname)%00%(upstream:short)%00%(objectname)%00%(upstream:track)%00%(upstream:remotename)%00%(upstream:remoteref) refs/heads/origin/main refs/remotes/origin/main [5ms]
2024-11-01 15:15:24.289 [info] > git rev-list --count --left-right refs/heads/main...refs/remotes/origin/main [2ms]
2024-11-01 15:15:24.295 [info] > git diff --name-status -z --diff-filter=ADMR b3f0a570a9a4ab93f4745d3abcdf001ba12a550c...refs/remotes/origin/main [1ms]
2024-11-01 15:15:25.615 [info] > git check-ignore -v -z --stdin [4ms]
2024-11-01 15:15:27.968 [info] > git check-ignore -v -z --stdin [4ms]
2024-11-01 15:15:29.699 [info] > git check-ignore -v -z --stdin [4ms]
2024-11-01 15:15:32.072 [info] > git check-ignore -v -z --stdin [4ms]
2024-11-01 15:15:36.738 [info] > git check-ignore -v -z --stdin [4ms]
2024-11-01 15:15:39.938 [info] > git show --textconv :.config/ags/Windows/ControlPanel.js [13ms]
2024-11-01 15:15:39.939 [info] > git ls-files --stage -- /home/bicutoru/Downloads/SuperWaybar/dotfiles/.config/ags/Windows/ControlPanel.js [3ms]
2024-11-01 15:15:39.948 [info] > git cat-file -s 64778e0d1e7ea033b84fcca940b275d9d29be714 [2ms]
2024-11-01 16:52:18.475 [info] > git check-ignore -v -z --stdin [4ms]
2024-11-01 16:52:20.188 [info] > git show --textconv :.config/waybar/config.jsonc [9ms]
2024-11-01 16:52:20.190 [info] > git ls-files --stage -- /home/bicutoru/Downloads/SuperWaybar/dotfiles/.config/waybar/config.jsonc [3ms]
2024-11-01 16:52:20.199 [info] > git cat-file -s a80cf000309cb8532eea9db6b8ba39b1ab759a65 [2ms]
2024-11-01 16:52:22.004 [info] > git show --textconv :.config/waybar/style.css [7ms]
2024-11-01 16:52:22.005 [info] > git ls-files --stage -- /home/bicutoru/Downloads/SuperWaybar/dotfiles/.config/waybar/style.css [1ms]
2024-11-01 16:52:22.012 [info] > git cat-file -s 25bb7b68b8da8c001e684ab196ce0155ad2952f8 [2ms]
2024-11-01 16:52:30.441 [info] > git show --textconv :.config/waybar/config.jsonc [10ms]
2024-11-01 16:52:30.443 [info] > git ls-files --stage -- /home/bicutoru/Downloads/SuperWaybar/dotfiles/.config/waybar/config.jsonc [2ms]
2024-11-01 16:52:30.450 [info] > git cat-file -s a80cf000309cb8532eea9db6b8ba39b1ab759a65 [2ms]
2024-11-01 16:53:12.829 [info] > git config --get commit.template [11ms]
2024-11-01 16:53:12.830 [info] > git for-each-ref --format=%(refname)%00%(upstream:short)%00%(objectname)%00%(upstream:track)%00%(upstream:remotename)%00%(upstream:remoteref) refs/heads/main refs/remotes/main [2ms]
2024-11-01 16:53:12.839 [warning] [Git][revParse] Unable to read file: ENOENT: no such file or directory, open '/home/bicutoru/Downloads/SuperWaybar/dotfiles/.git/refs/remotes/origin/main'
2024-11-01 16:53:12.840 [info] > git rev-parse refs/remotes/origin/main [1ms]
2024-11-01 16:53:13.155 [info] > git status -z -uall [309ms]
2024-11-01 16:53:13.167 [info] > git for-each-ref --format=%(refname)%00%(upstream:short)%00%(objectname)%00%(upstream:track)%00%(upstream:remotename)%00%(upstream:remoteref) refs/heads/main refs/remotes/main [5ms]
2024-11-01 16:53:13.175 [info] > git config --local branch.main.vscode-merge-base [2ms]
2024-11-01 16:53:13.183 [info] > git for-each-ref --format=%(refname)%00%(upstream:short)%00%(objectname)%00%(upstream:track)%00%(upstream:remotename)%00%(upstream:remoteref) refs/heads/origin/main refs/remotes/origin/main [1ms]
2024-11-01 16:56:00.215 [info] > git show --textconv :.config/waybar/style.css [14ms]
2024-11-01 16:56:00.217 [info] > git ls-files --stage -- /home/bicutoru/Downloads/SuperWaybar/dotfiles/.config/waybar/style.css [4ms]
2024-11-01 16:56:00.235 [info] > git cat-file -s 25bb7b68b8da8c001e684ab196ce0155ad2952f8 [4ms]
2024-11-01 16:58:29.559 [info] > git show --textconv :.config/waybar/config.jsonc [9ms]
2024-11-01 16:58:29.560 [info] > git ls-files --stage -- /home/bicutoru/Downloads/SuperWaybar/dotfiles/.config/waybar/config.jsonc [1ms]
2024-11-01 16:58:29.568 [info] > git cat-file -s a80cf000309cb8532eea9db6b8ba39b1ab759a65 [2ms]
2024-11-01 17:00:10.984 [info] > git show --textconv :.config/waybar/style.css [14ms]
2024-11-01 17:00:10.986 [info] > git ls-files --stage -- /home/bicutoru/Downloads/SuperWaybar/dotfiles/.config/waybar/style.css [4ms]
2024-11-01 17:00:11.000 [info] > git cat-file -s 25bb7b68b8da8c001e684ab196ce0155ad2952f8 [3ms]
2024-11-01 17:16:05.041 [info] > git show --textconv :.config/waybar/config.jsonc [7ms]
2024-11-01 17:16:05.042 [info] > git ls-files --stage -- /home/bicutoru/Downloads/SuperWaybar/dotfiles/.config/waybar/config.jsonc [2ms]
2024-11-01 17:16:05.047 [info] > git cat-file -s a80cf000309cb8532eea9db6b8ba39b1ab759a65 [1ms]
2024-11-01 17:16:44.619 [info] > git show --textconv :.config/waybar/style.css [10ms]
2024-11-01 17:16:44.620 [info] > git ls-files --stage -- /home/bicutoru/Downloads/SuperWaybar/dotfiles/.config/waybar/style.css [2ms]
2024-11-01 17:16:44.632 [info] > git cat-file -s 25bb7b68b8da8c001e684ab196ce0155ad2952f8 [4ms]
2024-11-01 17:19:42.774 [info] > git show --textconv :.config/waybar/config.jsonc [9ms]
2024-11-01 17:19:42.775 [info] > git ls-files --stage -- /home/bicutoru/Downloads/SuperWaybar/dotfiles/.config/waybar/config.jsonc [2ms]
2024-11-01 17:19:42.784 [info] > git cat-file -s a80cf000309cb8532eea9db6b8ba39b1ab759a65 [2ms]
2024-11-01 18:11:07.086 [info] > git show --textconv :.config/waybar/config.jsonc [8ms]
2024-11-01 18:11:07.087 [info] > git ls-files --stage -- /home/bicutoru/Downloads/SuperWaybar/dotfiles/.config/waybar/config.jsonc [2ms]
2024-11-01 18:11:07.093 [info] > git cat-file -s a80cf000309cb8532eea9db6b8ba39b1ab759a65 [1ms]
2024-11-01 18:22:38.024 [info] > git show --textconv :.config/waybar/style.css [7ms]
2024-11-01 18:22:38.025 [info] > git ls-files --stage -- /home/bicutoru/Downloads/SuperWaybar/dotfiles/.config/waybar/style.css [2ms]
2024-11-01 18:22:38.033 [info] > git cat-file -s 25bb7b68b8da8c001e684ab196ce0155ad2952f8 [2ms]
2024-11-01 18:22:44.588 [info] > git show --textconv :.config/waybar/config.jsonc [12ms]
2024-11-01 18:22:44.591 [info] > git ls-files --stage -- /home/bicutoru/Downloads/SuperWaybar/dotfiles/.config/waybar/config.jsonc [4ms]
2024-11-01 18:22:44.601 [info] > git cat-file -s a80cf000309cb8532eea9db6b8ba39b1ab759a65 [2ms]
2024-11-01 18:23:46.078 [info] > git show --textconv :.config/waybar/style.css [11ms]
2024-11-01 18:23:46.079 [info] > git ls-files --stage -- /home/bicutoru/Downloads/SuperWaybar/dotfiles/.config/waybar/style.css [2ms]
2024-11-01 18:23:46.090 [info] > git cat-file -s 25bb7b68b8da8c001e684ab196ce0155ad2952f8 [1ms]
