2024-11-01 10:51:37.137 [info] [main] Log level: Info
2024-11-01 10:51:37.137 [info] [main] Validating found git in: "git"
2024-11-01 10:51:37.137 [info] [main] Using git "2.47.0" from "git"
2024-11-01 10:51:37.137 [info] [Model][doInitialScan] Initial repository scan started
2024-11-01 10:51:37.137 [info] > git rev-parse --show-toplevel [3ms]
2024-11-01 10:51:37.137 [info] fatal: not a git repository (or any parent up to mount point /)
Stopping at filesystem boundary (GIT_DISCOVERY_ACROSS_FILESYSTEM not set).
2024-11-01 10:51:37.137 [info] [Model][doInitialScan] Initial repository scan completed - repositories (0), closed repositories (0), parent repositories (0), unsafe repositories (0)
2024-11-01 10:52:51.655 [info] [main] Log level: Info
2024-11-01 10:52:51.655 [info] [main] Validating found git in: "git"
2024-11-01 10:52:51.655 [info] [main] Using git "2.47.0" from "git"
2024-11-01 10:52:51.655 [info] [Model][doInitialScan] Initial repository scan started
2024-11-01 10:52:51.655 [info] > git rev-parse --show-toplevel [11ms]
2024-11-01 10:52:51.655 [info] fatal: not a git repository (or any parent up to mount point /)
Stopping at filesystem boundary (GIT_DISCOVERY_ACROSS_FILESYSTEM not set).
2024-11-01 10:52:51.656 [info] > git rev-parse --show-toplevel [23ms]
2024-11-01 10:52:51.656 [info] fatal: not a git repository (or any parent up to mount point /)
Stopping at filesystem boundary (GIT_DISCOVERY_ACROSS_FILESYSTEM not set).
2024-11-01 10:52:51.729 [info] > git rev-parse --show-toplevel [10ms]
2024-11-01 10:52:51.729 [info] fatal: not a git repository (or any parent up to mount point /)
Stopping at filesystem boundary (GIT_DISCOVERY_ACROSS_FILESYSTEM not set).
2024-11-01 10:52:51.738 [info] > git rev-parse --show-toplevel [1ms]
2024-11-01 10:52:51.738 [info] fatal: not a git repository (or any parent up to mount point /)
Stopping at filesystem boundary (GIT_DISCOVERY_ACROSS_FILESYSTEM not set).
2024-11-01 10:52:51.739 [info] [Model][doInitialScan] Initial repository scan completed - repositories (0), closed repositories (0), parent repositories (0), unsafe repositories (0)
2024-11-01 10:52:52.936 [info] > git rev-parse --show-toplevel [2ms]
2024-11-01 10:52:52.936 [info] fatal: not a git repository (or any parent up to mount point /)
Stopping at filesystem boundary (GIT_DISCOVERY_ACROSS_FILESYSTEM not set).
2024-11-01 11:16:36.504 [info] > git rev-parse --show-toplevel [3ms]
2024-11-01 11:16:36.504 [info] fatal: not a git repository (or any parent up to mount point /)
Stopping at filesystem boundary (GIT_DISCOVERY_ACROSS_FILESYSTEM not set).
2024-11-01 11:16:37.958 [info] > git rev-parse --show-toplevel [1ms]
2024-11-01 11:16:37.958 [info] fatal: not a git repository (or any parent up to mount point /)
Stopping at filesystem boundary (GIT_DISCOVERY_ACROSS_FILESYSTEM not set).
2024-11-01 11:16:40.525 [info] > git rev-parse --show-toplevel [2ms]
2024-11-01 11:16:40.525 [info] fatal: not a git repository (or any parent up to mount point /)
Stopping at filesystem boundary (GIT_DISCOVERY_ACROSS_FILESYSTEM not set).
2024-11-01 11:16:55.243 [info] > git rev-parse --show-toplevel [2ms]
2024-11-01 11:16:55.243 [info] fatal: not a git repository (or any parent up to mount point /)
Stopping at filesystem boundary (GIT_DISCOVERY_ACROSS_FILESYSTEM not set).
2024-11-01 11:17:58.518 [info] > git rev-parse --show-toplevel [2ms]
2024-11-01 11:17:58.518 [info] fatal: not a git repository (or any parent up to mount point /)
Stopping at filesystem boundary (GIT_DISCOVERY_ACROSS_FILESYSTEM not set).
2024-11-01 11:18:23.723 [info] > git rev-parse --show-toplevel [2ms]
2024-11-01 11:18:23.723 [info] fatal: not a git repository (or any parent up to mount point /)
Stopping at filesystem boundary (GIT_DISCOVERY_ACROSS_FILESYSTEM not set).
2024-11-01 11:18:42.864 [info] > git rev-parse --show-toplevel [3ms]
2024-11-01 11:18:42.864 [info] fatal: not a git repository (or any parent up to mount point /)
Stopping at filesystem boundary (GIT_DISCOVERY_ACROSS_FILESYSTEM not set).
2024-11-01 11:18:59.815 [info] > git rev-parse --show-toplevel [3ms]
2024-11-01 11:18:59.815 [info] fatal: not a git repository (or any parent up to mount point /)
Stopping at filesystem boundary (GIT_DISCOVERY_ACROSS_FILESYSTEM not set).
2024-11-01 11:19:19.681 [info] > git rev-parse --show-toplevel [2ms]
2024-11-01 11:19:19.682 [info] fatal: not a git repository (or any parent up to mount point /)
Stopping at filesystem boundary (GIT_DISCOVERY_ACROSS_FILESYSTEM not set).
2024-11-01 11:20:12.184 [info] > git rev-parse --show-toplevel [2ms]
2024-11-01 11:20:12.184 [info] fatal: not a git repository (or any parent up to mount point /)
Stopping at filesystem boundary (GIT_DISCOVERY_ACROSS_FILESYSTEM not set).
2024-11-01 11:20:13.109 [info] > git rev-parse --show-toplevel [2ms]
2024-11-01 11:20:13.109 [info] fatal: not a git repository (or any parent up to mount point /)
Stopping at filesystem boundary (GIT_DISCOVERY_ACROSS_FILESYSTEM not set).
2024-11-01 11:20:26.052 [info] > git rev-parse --show-toplevel [2ms]
2024-11-01 11:20:26.052 [info] fatal: not a git repository (or any parent up to mount point /)
Stopping at filesystem boundary (GIT_DISCOVERY_ACROSS_FILESYSTEM not set).
2024-11-01 11:20:37.906 [info] > git rev-parse --show-toplevel [1ms]
2024-11-01 11:20:37.907 [info] fatal: not a git repository (or any parent up to mount point /)
Stopping at filesystem boundary (GIT_DISCOVERY_ACROSS_FILESYSTEM not set).
2024-11-01 11:21:10.547 [info] > git rev-parse --show-toplevel [1ms]
2024-11-01 11:21:10.547 [info] fatal: not a git repository (or any parent up to mount point /)
Stopping at filesystem boundary (GIT_DISCOVERY_ACROSS_FILESYSTEM not set).
2024-11-01 11:26:19.888 [info] > git rev-parse --show-toplevel [3ms]
2024-11-01 11:26:19.888 [info] fatal: not a git repository (or any parent up to mount point /)
Stopping at filesystem boundary (GIT_DISCOVERY_ACROSS_FILESYSTEM not set).
2024-11-01 11:27:33.994 [info] > git rev-parse --show-toplevel [2ms]
2024-11-01 11:27:33.994 [info] fatal: not a git repository (or any parent up to mount point /)
Stopping at filesystem boundary (GIT_DISCOVERY_ACROSS_FILESYSTEM not set).
2024-11-01 11:28:02.603 [info] > git rev-parse --show-toplevel [1ms]
2024-11-01 11:28:02.603 [info] fatal: not a git repository (or any parent up to mount point /)
Stopping at filesystem boundary (GIT_DISCOVERY_ACROSS_FILESYSTEM not set).
2024-11-01 11:28:05.367 [info] > git rev-parse --show-toplevel [1ms]
2024-11-01 11:28:05.367 [info] fatal: not a git repository (or any parent up to mount point /)
Stopping at filesystem boundary (GIT_DISCOVERY_ACROSS_FILESYSTEM not set).
2024-11-01 11:29:05.372 [info] > git rev-parse --show-toplevel [1ms]
2024-11-01 11:29:05.372 [info] fatal: not a git repository (or any parent up to mount point /)
Stopping at filesystem boundary (GIT_DISCOVERY_ACROSS_FILESYSTEM not set).
2024-11-01 11:29:07.737 [info] > git rev-parse --show-toplevel [4ms]
2024-11-01 11:29:07.737 [info] fatal: not a git repository (or any parent up to mount point /)
Stopping at filesystem boundary (GIT_DISCOVERY_ACROSS_FILESYSTEM not set).
2024-11-01 11:29:18.610 [info] > git rev-parse --show-toplevel [2ms]
2024-11-01 11:29:18.610 [info] fatal: not a git repository (or any parent up to mount point /)
Stopping at filesystem boundary (GIT_DISCOVERY_ACROSS_FILESYSTEM not set).
2024-11-01 11:29:35.000 [info] > git rev-parse --show-toplevel [1ms]
2024-11-01 11:29:35.001 [info] fatal: not a git repository (or any parent up to mount point /)
Stopping at filesystem boundary (GIT_DISCOVERY_ACROSS_FILESYSTEM not set).
2024-11-01 11:29:53.346 [info] > git rev-parse --show-toplevel [2ms]
2024-11-01 11:29:53.347 [info] fatal: not a git repository (or any parent up to mount point /)
Stopping at filesystem boundary (GIT_DISCOVERY_ACROSS_FILESYSTEM not set).
2024-11-01 11:31:19.755 [info] > git rev-parse --show-toplevel [1ms]
2024-11-01 11:31:19.755 [info] fatal: not a git repository (or any parent up to mount point /)
Stopping at filesystem boundary (GIT_DISCOVERY_ACROSS_FILESYSTEM not set).
