[INFO 4:51:52 PM] miguelsolorio.symbols activated
[INFO 4:51:52 PM] symbols.hidesExplorerArrows changed, updating to false
[INFO 4:51:52 PM] symbols.folders.associations changed, updating to undefined
[INFO 4:51:52 PM] symbols.files.associations changed, updating to undefined
[INFO 4:51:53 PM] symbols.hidesExplorerArrows changed, updating to false
[INFO 4:51:53 PM] symbols.folders.associations changed, updating to undefined
[INFO 4:51:53 PM] symbols.files.associations changed, updating to undefined
[INFO 4:52:23 PM] symbols.hidesExplorerArrows changed, updating to false
[INFO 4:52:23 PM] symbols.folders.associations changed, updating to undefined
[INFO 4:52:23 PM] symbols.files.associations changed, updating to undefined
[INFO 4:52:34 PM] symbols.hidesExplorerArrows changed, updating to false
[INFO 4:52:34 PM] symbols.folders.associations changed, updating to undefined
[INFO 4:52:34 PM] symbols.files.associations changed, updating to undefined
[INFO 4:52:47 PM] symbols.hidesExplorerArrows changed, updating to false
[INFO 4:52:47 PM] symbols.folders.associations changed, updating to undefined
[INFO 4:52:47 PM] symbols.files.associations changed, updating to undefined
[INFO 4:52:53 PM] symbols.hidesExplorerArrows changed, updating to false
[INFO 4:52:53 PM] symbols.folders.associations changed, updating to undefined
[INFO 4:52:53 PM] symbols.files.associations changed, updating to undefined
[INFO 4:52:54 PM] symbols.hidesExplorerArrows changed, updating to false
[INFO 4:52:54 PM] symbols.folders.associations changed, updating to undefined
[INFO 4:52:54 PM] symbols.files.associations changed, updating to undefined
[INFO 4:53:12 PM] symbols.hidesExplorerArrows changed, updating to false
[INFO 4:53:12 PM] symbols.folders.associations changed, updating to undefined
[INFO 4:53:12 PM] symbols.files.associations changed, updating to undefined
[INFO 4:53:26 PM] symbols.hidesExplorerArrows changed, updating to false
[INFO 4:53:26 PM] symbols.folders.associations changed, updating to undefined
[INFO 4:53:26 PM] symbols.files.associations changed, updating to undefined
[INFO 4:53:28 PM] symbols.hidesExplorerArrows changed, updating to false
[INFO 4:53:28 PM] symbols.folders.associations changed, updating to undefined
[INFO 4:53:28 PM] symbols.files.associations changed, updating to undefined
[INFO 4:53:34 PM] symbols.hidesExplorerArrows changed, updating to false
[INFO 4:53:34 PM] symbols.folders.associations changed, updating to undefined
[INFO 4:53:34 PM] symbols.files.associations changed, updating to undefined
[INFO 4:53:37 PM] symbols.hidesExplorerArrows changed, updating to false
[INFO 4:53:37 PM] symbols.folders.associations changed, updating to undefined
[INFO 4:53:37 PM] symbols.files.associations changed, updating to undefined
[INFO 4:53:37 PM] symbols.hidesExplorerArrows changed, updating to false
[INFO 4:53:37 PM] symbols.folders.associations changed, updating to undefined
[INFO 4:53:37 PM] symbols.files.associations changed, updating to undefined
[INFO 4:54:06 PM] symbols.hidesExplorerArrows changed, updating to false
[INFO 4:54:06 PM] symbols.folders.associations changed, updating to undefined
[INFO 4:54:06 PM] symbols.files.associations changed, updating to undefined
[INFO 4:54:14 PM] symbols.hidesExplorerArrows changed, updating to false
[INFO 4:54:14 PM] symbols.folders.associations changed, updating to undefined
[INFO 4:54:14 PM] symbols.files.associations changed, updating to undefined
[INFO 4:54:18 PM] symbols.hidesExplorerArrows changed, updating to false
[INFO 4:54:18 PM] symbols.folders.associations changed, updating to undefined
[INFO 4:54:18 PM] symbols.files.associations changed, updating to undefined
[INFO 4:55:24 PM] symbols.hidesExplorerArrows changed, updating to false
[INFO 4:55:24 PM] symbols.folders.associations changed, updating to undefined
[INFO 4:55:24 PM] symbols.files.associations changed, updating to undefined
[INFO 4:55:26 PM] symbols.hidesExplorerArrows changed, updating to false
[INFO 4:55:26 PM] symbols.folders.associations changed, updating to undefined
[INFO 4:55:27 PM] symbols.files.associations changed, updating to undefined
[INFO 4:55:38 PM] symbols.hidesExplorerArrows changed, updating to false
[INFO 4:55:38 PM] symbols.folders.associations changed, updating to undefined
[INFO 4:55:38 PM] symbols.files.associations changed, updating to undefined
[INFO 4:55:41 PM] symbols.hidesExplorerArrows changed, updating to false
[INFO 4:55:41 PM] symbols.folders.associations changed, updating to undefined
[INFO 4:55:41 PM] symbols.files.associations changed, updating to undefined
[INFO 4:55:50 PM] symbols.hidesExplorerArrows changed, updating to false
[INFO 4:55:50 PM] symbols.folders.associations changed, updating to undefined
[INFO 4:55:50 PM] symbols.files.associations changed, updating to undefined
[INFO 4:56:01 PM] symbols.hidesExplorerArrows changed, updating to false
[INFO 4:56:01 PM] symbols.folders.associations changed, updating to undefined
[INFO 4:56:01 PM] symbols.files.associations changed, updating to undefined
[INFO 4:56:08 PM] symbols.hidesExplorerArrows changed, updating to false
[INFO 4:56:08 PM] symbols.folders.associations changed, updating to undefined
[INFO 4:56:08 PM] symbols.files.associations changed, updating to undefined
[INFO 4:56:10 PM] symbols.hidesExplorerArrows changed, updating to false
[INFO 4:56:10 PM] symbols.folders.associations changed, updating to undefined
[INFO 4:56:10 PM] symbols.files.associations changed, updating to undefined
[INFO 4:56:13 PM] symbols.hidesExplorerArrows changed, updating to false
[INFO 4:56:13 PM] symbols.folders.associations changed, updating to undefined
[INFO 4:56:13 PM] symbols.files.associations changed, updating to undefined
[INFO 4:56:16 PM] symbols.hidesExplorerArrows changed, updating to false
[INFO 4:56:16 PM] symbols.folders.associations changed, updating to undefined
[INFO 4:56:16 PM] symbols.files.associations changed, updating to undefined
[INFO 4:56:23 PM] symbols.hidesExplorerArrows changed, updating to false
[INFO 4:56:23 PM] symbols.folders.associations changed, updating to undefined
[INFO 4:56:23 PM] symbols.files.associations changed, updating to undefined
[INFO 4:56:36 PM] symbols.hidesExplorerArrows changed, updating to false
[INFO 4:56:36 PM] symbols.folders.associations changed, updating to undefined
[INFO 4:56:36 PM] symbols.files.associations changed, updating to undefined
[INFO 4:57:01 PM] symbols.hidesExplorerArrows changed, updating to false
[INFO 4:57:01 PM] symbols.folders.associations changed, updating to undefined
[INFO 4:57:01 PM] symbols.files.associations changed, updating to undefined
[INFO 4:57:53 PM] symbols.hidesExplorerArrows changed, updating to false
[INFO 4:57:53 PM] symbols.folders.associations changed, updating to undefined
[INFO 4:57:53 PM] symbols.files.associations changed, updating to undefined
[INFO 4:58:15 PM] symbols.hidesExplorerArrows changed, updating to false
[INFO 4:58:15 PM] symbols.folders.associations changed, updating to undefined
[INFO 4:58:15 PM] symbols.files.associations changed, updating to undefined
[INFO 4:58:36 PM] symbols.hidesExplorerArrows changed, updating to false
[INFO 4:58:36 PM] symbols.folders.associations changed, updating to undefined
[INFO 4:58:36 PM] symbols.files.associations changed, updating to undefined
[INFO 4:58:43 PM] symbols.hidesExplorerArrows changed, updating to false
[INFO 4:58:43 PM] symbols.folders.associations changed, updating to undefined
[INFO 4:58:43 PM] symbols.files.associations changed, updating to undefined
[INFO 4:59:25 PM] symbols.hidesExplorerArrows changed, updating to false
[INFO 4:59:25 PM] symbols.folders.associations changed, updating to undefined
[INFO 4:59:25 PM] symbols.files.associations changed, updating to undefined
[INFO 4:59:40 PM] symbols.hidesExplorerArrows changed, updating to false
[INFO 4:59:40 PM] symbols.folders.associations changed, updating to undefined
[INFO 4:59:40 PM] symbols.files.associations changed, updating to undefined
[INFO 5:00:18 PM] symbols.hidesExplorerArrows changed, updating to false
[INFO 5:00:18 PM] symbols.folders.associations changed, updating to undefined
[INFO 5:00:18 PM] symbols.files.associations changed, updating to undefined
[INFO 5:00:32 PM] symbols.hidesExplorerArrows changed, updating to false
[INFO 5:00:32 PM] symbols.folders.associations changed, updating to undefined
[INFO 5:00:32 PM] symbols.files.associations changed, updating to undefined
[INFO 5:01:00 PM] symbols.hidesExplorerArrows changed, updating to false
[INFO 5:01:00 PM] symbols.folders.associations changed, updating to undefined
[INFO 5:01:00 PM] symbols.files.associations changed, updating to undefined
[INFO 5:01:19 PM] symbols.hidesExplorerArrows changed, updating to false
[INFO 5:01:19 PM] symbols.folders.associations changed, updating to undefined
[INFO 5:01:19 PM] symbols.files.associations changed, updating to undefined
[INFO 5:03:08 PM] symbols.hidesExplorerArrows changed, updating to false
[INFO 5:03:08 PM] symbols.folders.associations changed, updating to undefined
[INFO 5:03:08 PM] symbols.files.associations changed, updating to undefined
[INFO 5:03:12 PM] symbols.hidesExplorerArrows changed, updating to false
[INFO 5:03:12 PM] symbols.folders.associations changed, updating to undefined
[INFO 5:03:12 PM] symbols.files.associations changed, updating to undefined
[INFO 5:03:12 PM] symbols.hidesExplorerArrows changed, updating to false
[INFO 5:03:12 PM] symbols.folders.associations changed, updating to undefined
[INFO 5:03:12 PM] symbols.files.associations changed, updating to undefined
[INFO 5:03:14 PM] symbols.hidesExplorerArrows changed, updating to false
[INFO 5:03:14 PM] symbols.folders.associations changed, updating to undefined
[INFO 5:03:14 PM] symbols.files.associations changed, updating to undefined
[INFO 5:03:14 PM] symbols.hidesExplorerArrows changed, updating to false
[INFO 5:03:14 PM] symbols.folders.associations changed, updating to undefined
[INFO 5:03:14 PM] symbols.files.associations changed, updating to undefined
[INFO 5:03:56 PM] symbols.hidesExplorerArrows changed, updating to false
[INFO 5:03:56 PM] symbols.folders.associations changed, updating to undefined
[INFO 5:03:56 PM] symbols.files.associations changed, updating to undefined
[INFO 5:03:59 PM] symbols.hidesExplorerArrows changed, updating to false
[INFO 5:03:59 PM] symbols.folders.associations changed, updating to undefined
[INFO 5:03:59 PM] symbols.files.associations changed, updating to undefined
[INFO 5:04:02 PM] symbols.hidesExplorerArrows changed, updating to false
[INFO 5:04:02 PM] symbols.folders.associations changed, updating to undefined
[INFO 5:04:02 PM] symbols.files.associations changed, updating to undefined
[INFO 5:04:08 PM] symbols.hidesExplorerArrows changed, updating to false
[INFO 5:04:08 PM] symbols.folders.associations changed, updating to undefined
[INFO 5:04:08 PM] symbols.files.associations changed, updating to undefined
[INFO 5:04:25 PM] symbols.hidesExplorerArrows changed, updating to false
[INFO 5:04:25 PM] symbols.folders.associations changed, updating to undefined
[INFO 5:04:25 PM] symbols.files.associations changed, updating to undefined
[INFO 5:04:42 PM] symbols.hidesExplorerArrows changed, updating to false
[INFO 5:04:42 PM] symbols.folders.associations changed, updating to undefined
[INFO 5:04:42 PM] symbols.files.associations changed, updating to undefined
[INFO 5:05:13 PM] symbols.hidesExplorerArrows changed, updating to false
[INFO 5:05:13 PM] symbols.folders.associations changed, updating to undefined
[INFO 5:05:13 PM] symbols.files.associations changed, updating to undefined
[INFO 5:05:38 PM] symbols.hidesExplorerArrows changed, updating to false
[INFO 5:05:38 PM] symbols.folders.associations changed, updating to undefined
[INFO 5:05:38 PM] symbols.files.associations changed, updating to undefined
[INFO 5:06:00 PM] symbols.hidesExplorerArrows changed, updating to false
[INFO 5:06:00 PM] symbols.folders.associations changed, updating to undefined
[INFO 5:06:00 PM] symbols.files.associations changed, updating to undefined
[INFO 5:06:01 PM] symbols.hidesExplorerArrows changed, updating to false
[INFO 5:06:01 PM] symbols.folders.associations changed, updating to undefined
[INFO 5:06:01 PM] symbols.files.associations changed, updating to undefined
[INFO 5:06:03 PM] symbols.hidesExplorerArrows changed, updating to false
[INFO 5:06:03 PM] symbols.folders.associations changed, updating to undefined
[INFO 5:06:03 PM] symbols.files.associations changed, updating to undefined
[INFO 5:06:14 PM] symbols.hidesExplorerArrows changed, updating to false
[INFO 5:06:14 PM] symbols.folders.associations changed, updating to undefined
[INFO 5:06:14 PM] symbols.files.associations changed, updating to undefined
[INFO 5:06:21 PM] symbols.hidesExplorerArrows changed, updating to false
[INFO 5:06:21 PM] symbols.folders.associations changed, updating to undefined
[INFO 5:06:21 PM] symbols.files.associations changed, updating to undefined
[INFO 5:06:32 PM] symbols.hidesExplorerArrows changed, updating to false
[INFO 5:06:32 PM] symbols.folders.associations changed, updating to undefined
[INFO 5:06:32 PM] symbols.files.associations changed, updating to undefined
[INFO 5:06:51 PM] symbols.hidesExplorerArrows changed, updating to false
[INFO 5:06:51 PM] symbols.folders.associations changed, updating to undefined
[INFO 5:06:51 PM] symbols.files.associations changed, updating to undefined
[INFO 5:07:10 PM] symbols.hidesExplorerArrows changed, updating to false
[INFO 5:07:10 PM] symbols.folders.associations changed, updating to undefined
[INFO 5:07:10 PM] symbols.files.associations changed, updating to undefined
[INFO 5:08:12 PM] symbols.hidesExplorerArrows changed, updating to false
[INFO 5:08:12 PM] symbols.folders.associations changed, updating to undefined
[INFO 5:08:12 PM] symbols.files.associations changed, updating to undefined
[INFO 5:08:23 PM] symbols.hidesExplorerArrows changed, updating to false
[INFO 5:08:23 PM] symbols.folders.associations changed, updating to undefined
[INFO 5:08:23 PM] symbols.files.associations changed, updating to undefined
[INFO 5:08:37 PM] symbols.hidesExplorerArrows changed, updating to false
[INFO 5:08:37 PM] symbols.folders.associations changed, updating to undefined
[INFO 5:08:37 PM] symbols.files.associations changed, updating to undefined
[INFO 5:09:00 PM] symbols.hidesExplorerArrows changed, updating to false
[INFO 5:09:00 PM] symbols.folders.associations changed, updating to undefined
[INFO 5:09:00 PM] symbols.files.associations changed, updating to undefined
[INFO 5:09:13 PM] symbols.hidesExplorerArrows changed, updating to false
[INFO 5:09:13 PM] symbols.folders.associations changed, updating to undefined
[INFO 5:09:13 PM] symbols.files.associations changed, updating to undefined
[INFO 5:09:29 PM] symbols.hidesExplorerArrows changed, updating to false
[INFO 5:09:29 PM] symbols.folders.associations changed, updating to undefined
[INFO 5:09:29 PM] symbols.files.associations changed, updating to undefined
[INFO 5:09:48 PM] symbols.hidesExplorerArrows changed, updating to false
[INFO 5:09:48 PM] symbols.folders.associations changed, updating to undefined
[INFO 5:09:48 PM] symbols.files.associations changed, updating to undefined
[INFO 5:10:06 PM] symbols.hidesExplorerArrows changed, updating to false
[INFO 5:10:06 PM] symbols.folders.associations changed, updating to undefined
[INFO 5:10:06 PM] symbols.files.associations changed, updating to undefined
[INFO 5:10:10 PM] symbols.hidesExplorerArrows changed, updating to false
[INFO 5:10:10 PM] symbols.folders.associations changed, updating to undefined
[INFO 5:10:10 PM] symbols.files.associations changed, updating to undefined
[INFO 5:10:14 PM] symbols.hidesExplorerArrows changed, updating to false
[INFO 5:10:14 PM] symbols.folders.associations changed, updating to undefined
[INFO 5:10:14 PM] symbols.files.associations changed, updating to undefined
[INFO 5:10:20 PM] symbols.hidesExplorerArrows changed, updating to false
[INFO 5:10:20 PM] symbols.folders.associations changed, updating to undefined
[INFO 5:10:20 PM] symbols.files.associations changed, updating to undefined
[INFO 5:10:38 PM] symbols.hidesExplorerArrows changed, updating to false
[INFO 5:10:38 PM] symbols.folders.associations changed, updating to undefined
[INFO 5:10:38 PM] symbols.files.associations changed, updating to undefined
[INFO 5:10:39 PM] symbols.hidesExplorerArrows changed, updating to false
[INFO 5:10:39 PM] symbols.folders.associations changed, updating to undefined
[INFO 5:10:39 PM] symbols.files.associations changed, updating to undefined
[INFO 5:10:57 PM] symbols.hidesExplorerArrows changed, updating to false
[INFO 5:10:57 PM] symbols.folders.associations changed, updating to undefined
[INFO 5:10:57 PM] symbols.files.associations changed, updating to undefined
[INFO 5:11:49 PM] symbols.hidesExplorerArrows changed, updating to false
[INFO 5:11:49 PM] symbols.folders.associations changed, updating to undefined
[INFO 5:11:49 PM] symbols.files.associations changed, updating to undefined
[INFO 5:11:51 PM] symbols.hidesExplorerArrows changed, updating to false
[INFO 5:11:51 PM] symbols.folders.associations changed, updating to undefined
[INFO 5:11:51 PM] symbols.files.associations changed, updating to undefined
[INFO 5:12:09 PM] symbols.hidesExplorerArrows changed, updating to false
[INFO 5:12:09 PM] symbols.folders.associations changed, updating to undefined
[INFO 5:12:09 PM] symbols.files.associations changed, updating to undefined
[INFO 5:12:18 PM] symbols.hidesExplorerArrows changed, updating to false
[INFO 5:12:18 PM] symbols.folders.associations changed, updating to undefined
[INFO 5:12:18 PM] symbols.files.associations changed, updating to undefined
[INFO 5:14:10 PM] symbols.hidesExplorerArrows changed, updating to false
[INFO 5:14:10 PM] symbols.folders.associations changed, updating to undefined
[INFO 5:14:10 PM] symbols.files.associations changed, updating to undefined
[INFO 5:14:30 PM] symbols.hidesExplorerArrows changed, updating to false
[INFO 5:14:30 PM] symbols.folders.associations changed, updating to undefined
[INFO 5:14:30 PM] symbols.files.associations changed, updating to undefined
[INFO 5:16:14 PM] symbols.hidesExplorerArrows changed, updating to false
[INFO 5:16:14 PM] symbols.folders.associations changed, updating to undefined
[INFO 5:16:14 PM] symbols.files.associations changed, updating to undefined
[INFO 5:16:53 PM] symbols.hidesExplorerArrows changed, updating to false
[INFO 5:16:53 PM] symbols.folders.associations changed, updating to undefined
[INFO 5:16:53 PM] symbols.files.associations changed, updating to undefined
[INFO 5:17:51 PM] symbols.hidesExplorerArrows changed, updating to false
[INFO 5:17:51 PM] symbols.folders.associations changed, updating to undefined
[INFO 5:17:51 PM] symbols.files.associations changed, updating to undefined
[INFO 5:18:25 PM] symbols.hidesExplorerArrows changed, updating to false
[INFO 5:18:25 PM] symbols.folders.associations changed, updating to undefined
[INFO 5:18:25 PM] symbols.files.associations changed, updating to undefined
[INFO 5:19:16 PM] symbols.hidesExplorerArrows changed, updating to false
[INFO 5:19:16 PM] symbols.folders.associations changed, updating to undefined
[INFO 5:19:16 PM] symbols.files.associations changed, updating to undefined
[INFO 5:19:51 PM] symbols.hidesExplorerArrows changed, updating to false
[INFO 5:19:51 PM] symbols.folders.associations changed, updating to undefined
[INFO 5:19:51 PM] symbols.files.associations changed, updating to undefined
[INFO 5:23:29 PM] symbols.hidesExplorerArrows changed, updating to false
[INFO 5:23:29 PM] symbols.folders.associations changed, updating to undefined
[INFO 5:23:29 PM] symbols.files.associations changed, updating to undefined
[INFO 5:23:59 PM] symbols.hidesExplorerArrows changed, updating to false
[INFO 5:23:59 PM] symbols.folders.associations changed, updating to undefined
[INFO 5:23:59 PM] symbols.files.associations changed, updating to undefined
[INFO 5:24:53 PM] symbols.hidesExplorerArrows changed, updating to false
[INFO 5:24:53 PM] symbols.folders.associations changed, updating to undefined
[INFO 5:24:53 PM] symbols.files.associations changed, updating to undefined
[INFO 5:25:03 PM] symbols.hidesExplorerArrows changed, updating to false
[INFO 5:25:03 PM] symbols.folders.associations changed, updating to undefined
[INFO 5:25:03 PM] symbols.files.associations changed, updating to undefined
[INFO 5:27:45 PM] symbols.hidesExplorerArrows changed, updating to false
[INFO 5:27:45 PM] symbols.folders.associations changed, updating to undefined
[INFO 5:27:45 PM] symbols.files.associations changed, updating to undefined
[INFO 5:34:49 PM] symbols.hidesExplorerArrows changed, updating to false
[INFO 5:34:49 PM] symbols.folders.associations changed, updating to undefined
[INFO 5:34:49 PM] symbols.files.associations changed, updating to undefined
[INFO 5:35:30 PM] symbols.hidesExplorerArrows changed, updating to false
[INFO 5:35:30 PM] symbols.folders.associations changed, updating to undefined
[INFO 5:35:30 PM] symbols.files.associations changed, updating to undefined
[INFO 5:36:47 PM] symbols.hidesExplorerArrows changed, updating to false
[INFO 5:36:47 PM] symbols.folders.associations changed, updating to undefined
[INFO 5:36:47 PM] symbols.files.associations changed, updating to undefined
[INFO 5:37:52 PM] symbols.hidesExplorerArrows changed, updating to false
[INFO 5:37:52 PM] symbols.folders.associations changed, updating to undefined
[INFO 5:37:52 PM] symbols.files.associations changed, updating to undefined
[INFO 5:39:07 PM] symbols.hidesExplorerArrows changed, updating to false
[INFO 5:39:07 PM] symbols.folders.associations changed, updating to undefined
[INFO 5:39:07 PM] symbols.files.associations changed, updating to undefined
[INFO 5:40:09 PM] symbols.hidesExplorerArrows changed, updating to false
[INFO 5:40:09 PM] symbols.folders.associations changed, updating to undefined
[INFO 5:40:09 PM] symbols.files.associations changed, updating to undefined
[INFO 5:41:46 PM] symbols.hidesExplorerArrows changed, updating to false
[INFO 5:41:46 PM] symbols.folders.associations changed, updating to undefined
[INFO 5:41:46 PM] symbols.files.associations changed, updating to undefined
[INFO 5:41:48 PM] symbols.hidesExplorerArrows changed, updating to false
[INFO 5:41:48 PM] symbols.folders.associations changed, updating to undefined
[INFO 5:41:48 PM] symbols.files.associations changed, updating to undefined
[INFO 5:44:06 PM] symbols.hidesExplorerArrows changed, updating to false
[INFO 5:44:06 PM] symbols.folders.associations changed, updating to undefined
[INFO 5:44:06 PM] symbols.files.associations changed, updating to undefined
[INFO 5:44:17 PM] symbols.hidesExplorerArrows changed, updating to false
[INFO 5:44:17 PM] symbols.folders.associations changed, updating to undefined
[INFO 5:44:17 PM] symbols.files.associations changed, updating to undefined
[INFO 5:45:01 PM] symbols.hidesExplorerArrows changed, updating to false
[INFO 5:45:01 PM] symbols.folders.associations changed, updating to undefined
[INFO 5:45:01 PM] symbols.files.associations changed, updating to undefined
[INFO 5:45:27 PM] symbols.hidesExplorerArrows changed, updating to false
[INFO 5:45:27 PM] symbols.folders.associations changed, updating to undefined
[INFO 5:45:27 PM] symbols.files.associations changed, updating to undefined
[INFO 5:46:01 PM] symbols.hidesExplorerArrows changed, updating to false
[INFO 5:46:01 PM] symbols.folders.associations changed, updating to undefined
[INFO 5:46:01 PM] symbols.files.associations changed, updating to undefined
[INFO 5:46:07 PM] symbols.hidesExplorerArrows changed, updating to false
[INFO 5:46:07 PM] symbols.folders.associations changed, updating to undefined
[INFO 5:46:07 PM] symbols.files.associations changed, updating to undefined
[INFO 5:46:20 PM] symbols.hidesExplorerArrows changed, updating to false
[INFO 5:46:20 PM] symbols.folders.associations changed, updating to undefined
[INFO 5:46:20 PM] symbols.files.associations changed, updating to undefined
[INFO 5:46:51 PM] symbols.hidesExplorerArrows changed, updating to false
[INFO 5:46:51 PM] symbols.folders.associations changed, updating to undefined
[INFO 5:46:51 PM] symbols.files.associations changed, updating to undefined
[INFO 5:47:58 PM] symbols.hidesExplorerArrows changed, updating to false
[INFO 5:47:58 PM] symbols.folders.associations changed, updating to undefined
[INFO 5:47:58 PM] symbols.files.associations changed, updating to undefined
[INFO 5:48:02 PM] symbols.hidesExplorerArrows changed, updating to false
[INFO 5:48:02 PM] symbols.folders.associations changed, updating to undefined
[INFO 5:48:02 PM] symbols.files.associations changed, updating to undefined
[INFO 5:48:30 PM] symbols.hidesExplorerArrows changed, updating to false
[INFO 5:48:30 PM] symbols.folders.associations changed, updating to undefined
[INFO 5:48:30 PM] symbols.files.associations changed, updating to undefined
[INFO 5:50:16 PM] symbols.hidesExplorerArrows changed, updating to false
[INFO 5:50:16 PM] symbols.folders.associations changed, updating to undefined
[INFO 5:50:16 PM] symbols.files.associations changed, updating to undefined
[INFO 5:50:38 PM] symbols.hidesExplorerArrows changed, updating to false
[INFO 5:50:38 PM] symbols.folders.associations changed, updating to undefined
[INFO 5:50:38 PM] symbols.files.associations changed, updating to undefined
[INFO 5:51:42 PM] symbols.hidesExplorerArrows changed, updating to false
[INFO 5:51:42 PM] symbols.folders.associations changed, updating to undefined
[INFO 5:51:42 PM] symbols.files.associations changed, updating to undefined
[INFO 5:51:44 PM] symbols.hidesExplorerArrows changed, updating to false
[INFO 5:51:44 PM] symbols.folders.associations changed, updating to undefined
[INFO 5:51:44 PM] symbols.files.associations changed, updating to undefined
[INFO 5:52:57 PM] symbols.hidesExplorerArrows changed, updating to false
[INFO 5:52:57 PM] symbols.folders.associations changed, updating to undefined
[INFO 5:52:57 PM] symbols.files.associations changed, updating to undefined
[INFO 5:54:33 PM] symbols.hidesExplorerArrows changed, updating to false
[INFO 5:54:33 PM] symbols.folders.associations changed, updating to undefined
[INFO 5:54:33 PM] symbols.files.associations changed, updating to undefined
[INFO 5:56:25 PM] symbols.hidesExplorerArrows changed, updating to false
[INFO 5:56:25 PM] symbols.folders.associations changed, updating to undefined
[INFO 5:56:25 PM] symbols.files.associations changed, updating to undefined
[INFO 5:56:37 PM] symbols.hidesExplorerArrows changed, updating to false
[INFO 5:56:37 PM] symbols.folders.associations changed, updating to undefined
[INFO 5:56:37 PM] symbols.files.associations changed, updating to undefined
[INFO 5:57:02 PM] symbols.hidesExplorerArrows changed, updating to false
[INFO 5:57:02 PM] symbols.folders.associations changed, updating to undefined
[INFO 5:57:02 PM] symbols.files.associations changed, updating to undefined
[INFO 5:57:45 PM] symbols.hidesExplorerArrows changed, updating to false
[INFO 5:57:45 PM] symbols.folders.associations changed, updating to undefined
[INFO 5:57:45 PM] symbols.files.associations changed, updating to undefined
[INFO 5:58:19 PM] symbols.hidesExplorerArrows changed, updating to false
[INFO 5:58:19 PM] symbols.folders.associations changed, updating to undefined
[INFO 5:58:19 PM] symbols.files.associations changed, updating to undefined
[INFO 6:03:02 PM] symbols.hidesExplorerArrows changed, updating to false
[INFO 6:03:02 PM] symbols.folders.associations changed, updating to undefined
[INFO 6:03:02 PM] symbols.files.associations changed, updating to undefined
[INFO 6:05:58 PM] symbols.hidesExplorerArrows changed, updating to false
[INFO 6:05:58 PM] symbols.folders.associations changed, updating to undefined
[INFO 6:05:58 PM] symbols.files.associations changed, updating to undefined
[INFO 6:06:05 PM] symbols.hidesExplorerArrows changed, updating to false
[INFO 6:06:05 PM] symbols.folders.associations changed, updating to undefined
[INFO 6:06:05 PM] symbols.files.associations changed, updating to undefined
[INFO 6:06:45 PM] symbols.hidesExplorerArrows changed, updating to false
[INFO 6:06:45 PM] symbols.folders.associations changed, updating to undefined
[INFO 6:06:45 PM] symbols.files.associations changed, updating to undefined
[INFO 6:07:35 PM] symbols.hidesExplorerArrows changed, updating to false
[INFO 6:07:35 PM] symbols.folders.associations changed, updating to undefined
[INFO 6:07:35 PM] symbols.files.associations changed, updating to undefined
[INFO 6:08:44 PM] symbols.hidesExplorerArrows changed, updating to false
[INFO 6:08:44 PM] symbols.folders.associations changed, updating to undefined
[INFO 6:08:44 PM] symbols.files.associations changed, updating to undefined
[INFO 6:08:49 PM] symbols.hidesExplorerArrows changed, updating to false
[INFO 6:08:49 PM] symbols.folders.associations changed, updating to undefined
[INFO 6:08:49 PM] symbols.files.associations changed, updating to undefined
[INFO 6:08:53 PM] symbols.hidesExplorerArrows changed, updating to false
[INFO 6:08:53 PM] symbols.folders.associations changed, updating to undefined
[INFO 6:08:53 PM] symbols.files.associations changed, updating to undefined
[INFO 6:08:54 PM] symbols.hidesExplorerArrows changed, updating to false
[INFO 6:08:54 PM] symbols.folders.associations changed, updating to undefined
[INFO 6:08:54 PM] symbols.files.associations changed, updating to undefined
[INFO 6:10:25 PM] symbols.hidesExplorerArrows changed, updating to false
[INFO 6:10:25 PM] symbols.folders.associations changed, updating to undefined
[INFO 6:10:25 PM] symbols.files.associations changed, updating to undefined
[INFO 6:10:54 PM] symbols.hidesExplorerArrows changed, updating to false
[INFO 6:10:54 PM] symbols.folders.associations changed, updating to undefined
[INFO 6:10:54 PM] symbols.files.associations changed, updating to undefined
[INFO 6:10:59 PM] symbols.hidesExplorerArrows changed, updating to false
[INFO 6:10:59 PM] symbols.folders.associations changed, updating to undefined
[INFO 6:10:59 PM] symbols.files.associations changed, updating to undefined
[INFO 6:11:00 PM] symbols.hidesExplorerArrows changed, updating to false
[INFO 6:11:00 PM] symbols.folders.associations changed, updating to undefined
[INFO 6:11:00 PM] symbols.files.associations changed, updating to undefined
[INFO 6:11:01 PM] symbols.hidesExplorerArrows changed, updating to false
[INFO 6:11:01 PM] symbols.folders.associations changed, updating to undefined
[INFO 6:11:01 PM] symbols.files.associations changed, updating to undefined
[INFO 6:11:07 PM] symbols.hidesExplorerArrows changed, updating to false
[INFO 6:11:07 PM] symbols.folders.associations changed, updating to undefined
[INFO 6:11:07 PM] symbols.files.associations changed, updating to undefined
[INFO 6:11:08 PM] symbols.hidesExplorerArrows changed, updating to false
[INFO 6:11:08 PM] symbols.folders.associations changed, updating to undefined
[INFO 6:11:08 PM] symbols.files.associations changed, updating to undefined
[INFO 6:11:10 PM] symbols.hidesExplorerArrows changed, updating to false
[INFO 6:11:10 PM] symbols.folders.associations changed, updating to undefined
[INFO 6:11:10 PM] symbols.files.associations changed, updating to undefined
[INFO 6:11:12 PM] symbols.hidesExplorerArrows changed, updating to false
[INFO 6:11:12 PM] symbols.folders.associations changed, updating to undefined
[INFO 6:11:12 PM] symbols.files.associations changed, updating to undefined
[INFO 6:11:14 PM] symbols.hidesExplorerArrows changed, updating to false
[INFO 6:11:14 PM] symbols.folders.associations changed, updating to undefined
[INFO 6:11:14 PM] symbols.files.associations changed, updating to undefined
[INFO 6:11:18 PM] symbols.hidesExplorerArrows changed, updating to false
[INFO 6:11:18 PM] symbols.folders.associations changed, updating to undefined
[INFO 6:11:18 PM] symbols.files.associations changed, updating to undefined
[INFO 6:11:31 PM] symbols.hidesExplorerArrows changed, updating to false
[INFO 6:11:31 PM] symbols.folders.associations changed, updating to undefined
[INFO 6:11:31 PM] symbols.files.associations changed, updating to undefined
[INFO 6:12:30 PM] symbols.hidesExplorerArrows changed, updating to false
[INFO 6:12:30 PM] symbols.folders.associations changed, updating to undefined
[INFO 6:12:30 PM] symbols.files.associations changed, updating to undefined
[INFO 6:12:30 PM] symbols.hidesExplorerArrows changed, updating to false
[INFO 6:12:30 PM] symbols.folders.associations changed, updating to undefined
[INFO 6:12:30 PM] symbols.files.associations changed, updating to undefined
[INFO 6:12:31 PM] symbols.hidesExplorerArrows changed, updating to false
[INFO 6:12:31 PM] symbols.folders.associations changed, updating to undefined
[INFO 6:12:31 PM] symbols.files.associations changed, updating to undefined
[INFO 6:12:53 PM] symbols.hidesExplorerArrows changed, updating to false
[INFO 6:12:53 PM] symbols.folders.associations changed, updating to undefined
[INFO 6:12:53 PM] symbols.files.associations changed, updating to undefined
[INFO 6:14:00 PM] symbols.hidesExplorerArrows changed, updating to false
[INFO 6:14:00 PM] symbols.folders.associations changed, updating to undefined
[INFO 6:14:00 PM] symbols.files.associations changed, updating to undefined
[INFO 6:14:07 PM] symbols.hidesExplorerArrows changed, updating to false
[INFO 6:14:07 PM] symbols.folders.associations changed, updating to undefined
[INFO 6:14:07 PM] symbols.files.associations changed, updating to undefined
[INFO 6:14:09 PM] symbols.hidesExplorerArrows changed, updating to false
[INFO 6:14:09 PM] symbols.folders.associations changed, updating to undefined
[INFO 6:14:09 PM] symbols.files.associations changed, updating to undefined
[INFO 6:15:11 PM] symbols.hidesExplorerArrows changed, updating to false
[INFO 6:15:11 PM] symbols.folders.associations changed, updating to undefined
[INFO 6:15:11 PM] symbols.files.associations changed, updating to undefined
[INFO 6:15:31 PM] symbols.hidesExplorerArrows changed, updating to false
[INFO 6:15:31 PM] symbols.folders.associations changed, updating to undefined
[INFO 6:15:31 PM] symbols.files.associations changed, updating to undefined
[INFO 6:15:37 PM] symbols.hidesExplorerArrows changed, updating to false
[INFO 6:15:37 PM] symbols.folders.associations changed, updating to undefined
[INFO 6:15:37 PM] symbols.files.associations changed, updating to undefined
[INFO 6:19:31 PM] symbols.hidesExplorerArrows changed, updating to false
[INFO 6:19:31 PM] symbols.folders.associations changed, updating to undefined
[INFO 6:19:31 PM] symbols.files.associations changed, updating to undefined
[INFO 6:22:32 PM] symbols.hidesExplorerArrows changed, updating to false
[INFO 6:22:32 PM] symbols.folders.associations changed, updating to undefined
[INFO 6:22:32 PM] symbols.files.associations changed, updating to undefined
[INFO 6:22:45 PM] symbols.hidesExplorerArrows changed, updating to false
[INFO 6:22:45 PM] symbols.folders.associations changed, updating to undefined
[INFO 6:22:45 PM] symbols.files.associations changed, updating to undefined
[INFO 6:22:46 PM] symbols.hidesExplorerArrows changed, updating to false
[INFO 6:22:46 PM] symbols.folders.associations changed, updating to undefined
[INFO 6:22:46 PM] symbols.files.associations changed, updating to undefined
[INFO 6:22:51 PM] symbols.hidesExplorerArrows changed, updating to false
[INFO 6:22:51 PM] symbols.folders.associations changed, updating to undefined
[INFO 6:22:51 PM] symbols.files.associations changed, updating to undefined
[INFO 6:22:55 PM] symbols.hidesExplorerArrows changed, updating to false
[INFO 6:22:55 PM] symbols.folders.associations changed, updating to undefined
[INFO 6:22:55 PM] symbols.files.associations changed, updating to undefined
[INFO 6:23:34 PM] symbols.hidesExplorerArrows changed, updating to false
[INFO 6:23:34 PM] symbols.folders.associations changed, updating to undefined
[INFO 6:23:34 PM] symbols.files.associations changed, updating to undefined
[INFO 6:23:53 PM] symbols.hidesExplorerArrows changed, updating to false
[INFO 6:23:53 PM] symbols.folders.associations changed, updating to undefined
[INFO 6:23:53 PM] symbols.files.associations changed, updating to undefined
[INFO 6:23:54 PM] symbols.hidesExplorerArrows changed, updating to false
[INFO 6:23:54 PM] symbols.folders.associations changed, updating to undefined
[INFO 6:23:54 PM] symbols.files.associations changed, updating to undefined
[INFO 6:25:30 PM] symbols.hidesExplorerArrows changed, updating to false
[INFO 6:25:30 PM] symbols.folders.associations changed, updating to undefined
[INFO 6:25:30 PM] symbols.files.associations changed, updating to undefined
[INFO 6:25:31 PM] symbols.hidesExplorerArrows changed, updating to false
[INFO 6:25:31 PM] symbols.folders.associations changed, updating to undefined
[INFO 6:25:31 PM] symbols.files.associations changed, updating to undefined
[INFO 6:25:35 PM] symbols.hidesExplorerArrows changed, updating to false
[INFO 6:25:35 PM] symbols.folders.associations changed, updating to undefined
[INFO 6:25:35 PM] symbols.files.associations changed, updating to undefined
[INFO 4:14:51 AM] symbols.hidesExplorerArrows changed, updating to false
[INFO 4:14:51 AM] symbols.folders.associations changed, updating to undefined
[INFO 4:14:51 AM] symbols.files.associations changed, updating to undefined
[INFO 4:15:19 AM] symbols.hidesExplorerArrows changed, updating to false
[INFO 4:15:19 AM] symbols.folders.associations changed, updating to undefined
[INFO 4:15:19 AM] symbols.files.associations changed, updating to undefined
[INFO 4:15:21 AM] symbols.hidesExplorerArrows changed, updating to false
[INFO 4:15:21 AM] symbols.folders.associations changed, updating to undefined
[INFO 4:15:21 AM] symbols.files.associations changed, updating to undefined
[INFO 4:15:36 AM] symbols.hidesExplorerArrows changed, updating to false
[INFO 4:15:36 AM] symbols.folders.associations changed, updating to undefined
[INFO 4:15:36 AM] symbols.files.associations changed, updating to undefined
[INFO 4:15:37 AM] symbols.hidesExplorerArrows changed, updating to false
[INFO 4:15:37 AM] symbols.folders.associations changed, updating to undefined
[INFO 4:15:37 AM] symbols.files.associations changed, updating to undefined
