[INFO 10:16:54 AM] miguelsolorio.symbols activated
[INFO 10:16:54 AM] symbols.hidesExplorerArrows changed, updating to false
[INFO 10:16:54 AM] symbols.folders.associations changed, updating to undefined
[INFO 10:16:54 AM] symbols.files.associations changed, updating to undefined
[INFO 10:16:54 AM] symbols.hidesExplorerArrows changed, updating to false
[INFO 10:16:54 AM] symbols.folders.associations changed, updating to undefined
[INFO 10:16:54 AM] symbols.files.associations changed, updating to undefined
[INFO 10:16:54 AM] symbols.hidesExplorerArrows changed, updating to false
[INFO 10:16:54 AM] symbols.folders.associations changed, updating to undefined
[INFO 10:16:54 AM] symbols.files.associations changed, updating to undefined
[INFO 10:16:55 AM] symbols.hidesExplorerArrows changed, updating to false
[INFO 10:16:55 AM] symbols.folders.associations changed, updating to undefined
[INFO 10:16:55 AM] symbols.files.associations changed, updating to undefined
[INFO 10:18:03 AM] symbols.hidesExplorerArrows changed, updating to false
[INFO 10:18:03 AM] symbols.folders.associations changed, updating to undefined
[INFO 10:18:03 AM] symbols.files.associations changed, updating to undefined
[INFO 11:07:17 AM] symbols.hidesExplorerArrows changed, updating to false
[INFO 11:07:17 AM] symbols.folders.associations changed, updating to undefined
[INFO 11:07:17 AM] symbols.files.associations changed, updating to undefined
[INFO 11:08:34 AM] symbols.hidesExplorerArrows changed, updating to false
[INFO 11:08:34 AM] symbols.folders.associations changed, updating to undefined
[INFO 11:08:34 AM] symbols.files.associations changed, updating to undefined
[INFO 11:30:59 AM] symbols.hidesExplorerArrows changed, updating to false
[INFO 11:30:59 AM] symbols.folders.associations changed, updating to undefined
[INFO 11:30:59 AM] symbols.files.associations changed, updating to undefined
[INFO 11:31:09 AM] symbols.hidesExplorerArrows changed, updating to false
[INFO 11:31:09 AM] symbols.folders.associations changed, updating to undefined
[INFO 11:31:09 AM] symbols.files.associations changed, updating to undefined
[INFO 11:31:22 AM] symbols.hidesExplorerArrows changed, updating to false
[INFO 11:31:22 AM] symbols.folders.associations changed, updating to undefined
[INFO 11:31:22 AM] symbols.files.associations changed, updating to undefined
[INFO 11:34:36 AM] symbols.hidesExplorerArrows changed, updating to false
[INFO 11:34:36 AM] symbols.folders.associations changed, updating to undefined
[INFO 11:34:36 AM] symbols.files.associations changed, updating to undefined
[INFO 11:35:29 AM] symbols.hidesExplorerArrows changed, updating to false
[INFO 11:35:29 AM] symbols.folders.associations changed, updating to undefined
[INFO 11:35:29 AM] symbols.files.associations changed, updating to undefined
[INFO 11:35:48 AM] symbols.hidesExplorerArrows changed, updating to false
[INFO 11:35:48 AM] symbols.folders.associations changed, updating to undefined
[INFO 11:35:48 AM] symbols.files.associations changed, updating to undefined
[INFO 11:37:48 AM] symbols.hidesExplorerArrows changed, updating to false
[INFO 11:37:48 AM] symbols.folders.associations changed, updating to undefined
[INFO 11:37:48 AM] symbols.files.associations changed, updating to undefined
[INFO 11:38:28 AM] symbols.hidesExplorerArrows changed, updating to false
[INFO 11:38:28 AM] symbols.folders.associations changed, updating to undefined
[INFO 11:38:28 AM] symbols.files.associations changed, updating to undefined
[INFO 11:39:31 AM] symbols.hidesExplorerArrows changed, updating to false
[INFO 11:39:31 AM] symbols.folders.associations changed, updating to undefined
[INFO 11:39:31 AM] symbols.files.associations changed, updating to undefined
[INFO 11:39:41 AM] symbols.hidesExplorerArrows changed, updating to false
[INFO 11:39:41 AM] symbols.folders.associations changed, updating to undefined
[INFO 11:39:41 AM] symbols.files.associations changed, updating to undefined
[INFO 11:40:00 AM] symbols.hidesExplorerArrows changed, updating to false
[INFO 11:40:00 AM] symbols.folders.associations changed, updating to undefined
[INFO 11:40:00 AM] symbols.files.associations changed, updating to undefined
[INFO 11:51:01 AM] symbols.hidesExplorerArrows changed, updating to false
[INFO 11:51:01 AM] symbols.folders.associations changed, updating to undefined
[INFO 11:51:01 AM] symbols.files.associations changed, updating to undefined
[INFO 11:52:12 AM] symbols.hidesExplorerArrows changed, updating to false
[INFO 11:52:12 AM] symbols.folders.associations changed, updating to undefined
[INFO 11:52:12 AM] symbols.files.associations changed, updating to undefined
[INFO 11:53:35 AM] symbols.hidesExplorerArrows changed, updating to false
[INFO 11:53:35 AM] symbols.folders.associations changed, updating to undefined
[INFO 11:53:35 AM] symbols.files.associations changed, updating to undefined
[INFO 11:53:46 AM] symbols.hidesExplorerArrows changed, updating to false
[INFO 11:53:46 AM] symbols.folders.associations changed, updating to undefined
[INFO 11:53:46 AM] symbols.files.associations changed, updating to undefined
[INFO 11:54:17 AM] symbols.hidesExplorerArrows changed, updating to false
[INFO 11:54:17 AM] symbols.folders.associations changed, updating to undefined
[INFO 11:54:17 AM] symbols.files.associations changed, updating to undefined
[INFO 11:54:28 AM] symbols.hidesExplorerArrows changed, updating to false
[INFO 11:54:28 AM] symbols.folders.associations changed, updating to undefined
[INFO 11:54:28 AM] symbols.files.associations changed, updating to undefined
[INFO 11:56:51 AM] symbols.hidesExplorerArrows changed, updating to false
[INFO 11:56:51 AM] symbols.folders.associations changed, updating to undefined
[INFO 11:56:51 AM] symbols.files.associations changed, updating to undefined
[INFO 11:57:02 AM] symbols.hidesExplorerArrows changed, updating to false
[INFO 11:57:02 AM] symbols.folders.associations changed, updating to undefined
[INFO 11:57:02 AM] symbols.files.associations changed, updating to undefined
[INFO 12:01:13 PM] symbols.hidesExplorerArrows changed, updating to false
[INFO 12:01:13 PM] symbols.folders.associations changed, updating to undefined
[INFO 12:01:13 PM] symbols.files.associations changed, updating to undefined
[INFO 12:01:24 PM] symbols.hidesExplorerArrows changed, updating to false
[INFO 12:01:24 PM] symbols.folders.associations changed, updating to undefined
[INFO 12:01:24 PM] symbols.files.associations changed, updating to undefined
[INFO 12:01:53 PM] symbols.hidesExplorerArrows changed, updating to false
[INFO 12:01:53 PM] symbols.folders.associations changed, updating to undefined
[INFO 12:01:53 PM] symbols.files.associations changed, updating to undefined
[INFO 12:04:33 PM] symbols.hidesExplorerArrows changed, updating to false
[INFO 12:04:33 PM] symbols.folders.associations changed, updating to undefined
[INFO 12:04:33 PM] symbols.files.associations changed, updating to undefined
[INFO 12:06:32 PM] symbols.hidesExplorerArrows changed, updating to false
[INFO 12:06:32 PM] symbols.folders.associations changed, updating to undefined
[INFO 12:06:32 PM] symbols.files.associations changed, updating to undefined
[INFO 12:10:51 PM] symbols.hidesExplorerArrows changed, updating to false
[INFO 12:10:51 PM] symbols.folders.associations changed, updating to undefined
[INFO 12:10:51 PM] symbols.files.associations changed, updating to undefined
[INFO 12:14:03 PM] symbols.hidesExplorerArrows changed, updating to false
[INFO 12:14:03 PM] symbols.folders.associations changed, updating to undefined
[INFO 12:14:03 PM] symbols.files.associations changed, updating to undefined
[INFO 12:15:05 PM] symbols.hidesExplorerArrows changed, updating to false
[INFO 12:15:05 PM] symbols.folders.associations changed, updating to undefined
[INFO 12:15:05 PM] symbols.files.associations changed, updating to undefined
[INFO 12:17:16 PM] symbols.hidesExplorerArrows changed, updating to false
[INFO 12:17:16 PM] symbols.folders.associations changed, updating to undefined
[INFO 12:17:16 PM] symbols.files.associations changed, updating to undefined
[INFO 12:17:53 PM] symbols.hidesExplorerArrows changed, updating to false
[INFO 12:17:53 PM] symbols.folders.associations changed, updating to undefined
[INFO 12:17:53 PM] symbols.files.associations changed, updating to undefined
[INFO 12:18:01 PM] symbols.hidesExplorerArrows changed, updating to false
[INFO 12:18:01 PM] symbols.folders.associations changed, updating to undefined
[INFO 12:18:01 PM] symbols.files.associations changed, updating to undefined
[INFO 12:19:15 PM] symbols.hidesExplorerArrows changed, updating to false
[INFO 12:19:15 PM] symbols.folders.associations changed, updating to undefined
[INFO 12:19:15 PM] symbols.files.associations changed, updating to undefined
[INFO 12:20:00 PM] symbols.hidesExplorerArrows changed, updating to false
[INFO 12:20:00 PM] symbols.folders.associations changed, updating to undefined
[INFO 12:20:00 PM] symbols.files.associations changed, updating to undefined
[INFO 12:23:26 PM] symbols.hidesExplorerArrows changed, updating to false
[INFO 12:23:26 PM] symbols.folders.associations changed, updating to undefined
[INFO 12:23:26 PM] symbols.files.associations changed, updating to undefined
[INFO 12:24:27 PM] symbols.hidesExplorerArrows changed, updating to false
[INFO 12:24:27 PM] symbols.folders.associations changed, updating to undefined
[INFO 12:24:27 PM] symbols.files.associations changed, updating to undefined
[INFO 12:24:40 PM] symbols.hidesExplorerArrows changed, updating to false
[INFO 12:24:40 PM] symbols.folders.associations changed, updating to undefined
[INFO 12:24:40 PM] symbols.files.associations changed, updating to undefined
[INFO 12:24:45 PM] symbols.hidesExplorerArrows changed, updating to false
[INFO 12:24:45 PM] symbols.folders.associations changed, updating to undefined
[INFO 12:24:45 PM] symbols.files.associations changed, updating to undefined
[INFO 12:30:06 PM] symbols.hidesExplorerArrows changed, updating to false
[INFO 12:30:06 PM] symbols.folders.associations changed, updating to undefined
[INFO 12:30:06 PM] symbols.files.associations changed, updating to undefined
[INFO 12:31:33 PM] symbols.hidesExplorerArrows changed, updating to false
[INFO 12:31:33 PM] symbols.folders.associations changed, updating to undefined
[INFO 12:31:33 PM] symbols.files.associations changed, updating to undefined
[INFO 12:31:43 PM] symbols.hidesExplorerArrows changed, updating to false
[INFO 12:31:43 PM] symbols.folders.associations changed, updating to undefined
[INFO 12:31:43 PM] symbols.files.associations changed, updating to undefined
[INFO 2:24:12 PM] symbols.hidesExplorerArrows changed, updating to false
[INFO 2:24:12 PM] symbols.folders.associations changed, updating to undefined
[INFO 2:24:12 PM] symbols.files.associations changed, updating to undefined
[INFO 2:27:57 PM] symbols.hidesExplorerArrows changed, updating to false
[INFO 2:27:57 PM] symbols.folders.associations changed, updating to undefined
[INFO 2:27:57 PM] symbols.files.associations changed, updating to undefined
[INFO 2:28:01 PM] symbols.hidesExplorerArrows changed, updating to false
[INFO 2:28:01 PM] symbols.folders.associations changed, updating to undefined
[INFO 2:28:01 PM] symbols.files.associations changed, updating to undefined
[INFO 2:28:11 PM] symbols.hidesExplorerArrows changed, updating to false
[INFO 2:28:11 PM] symbols.folders.associations changed, updating to undefined
[INFO 2:28:11 PM] symbols.files.associations changed, updating to undefined
[INFO 2:33:55 PM] symbols.hidesExplorerArrows changed, updating to false
[INFO 2:33:55 PM] symbols.folders.associations changed, updating to undefined
[INFO 2:33:55 PM] symbols.files.associations changed, updating to undefined
[INFO 2:36:36 PM] symbols.hidesExplorerArrows changed, updating to false
[INFO 2:36:36 PM] symbols.folders.associations changed, updating to undefined
[INFO 2:36:36 PM] symbols.files.associations changed, updating to undefined
[INFO 2:38:41 PM] symbols.hidesExplorerArrows changed, updating to false
[INFO 2:38:41 PM] symbols.folders.associations changed, updating to undefined
[INFO 2:38:41 PM] symbols.files.associations changed, updating to undefined
[INFO 2:38:43 PM] symbols.hidesExplorerArrows changed, updating to false
[INFO 2:38:43 PM] symbols.folders.associations changed, updating to undefined
[INFO 2:38:43 PM] symbols.files.associations changed, updating to undefined
[INFO 2:39:11 PM] symbols.hidesExplorerArrows changed, updating to false
[INFO 2:39:11 PM] symbols.folders.associations changed, updating to undefined
[INFO 2:39:11 PM] symbols.files.associations changed, updating to undefined
[INFO 2:39:21 PM] symbols.hidesExplorerArrows changed, updating to false
[INFO 2:39:21 PM] symbols.folders.associations changed, updating to undefined
[INFO 2:39:21 PM] symbols.files.associations changed, updating to undefined
[INFO 2:40:45 PM] symbols.hidesExplorerArrows changed, updating to false
[INFO 2:40:45 PM] symbols.folders.associations changed, updating to undefined
[INFO 2:40:45 PM] symbols.files.associations changed, updating to undefined
[INFO 2:48:02 PM] symbols.hidesExplorerArrows changed, updating to false
[INFO 2:48:02 PM] symbols.folders.associations changed, updating to undefined
[INFO 2:48:02 PM] symbols.files.associations changed, updating to undefined
[INFO 2:50:19 PM] symbols.hidesExplorerArrows changed, updating to false
[INFO 2:50:19 PM] symbols.folders.associations changed, updating to undefined
[INFO 2:50:19 PM] symbols.files.associations changed, updating to undefined
[INFO 2:50:59 PM] symbols.hidesExplorerArrows changed, updating to false
[INFO 2:50:59 PM] symbols.folders.associations changed, updating to undefined
[INFO 2:50:59 PM] symbols.files.associations changed, updating to undefined
[INFO 2:54:23 PM] symbols.hidesExplorerArrows changed, updating to false
[INFO 2:54:23 PM] symbols.folders.associations changed, updating to undefined
[INFO 2:54:23 PM] symbols.files.associations changed, updating to undefined
[INFO 2:54:33 PM] symbols.hidesExplorerArrows changed, updating to false
[INFO 2:54:33 PM] symbols.folders.associations changed, updating to undefined
[INFO 2:54:33 PM] symbols.files.associations changed, updating to undefined
[INFO 3:01:00 PM] symbols.hidesExplorerArrows changed, updating to false
[INFO 3:01:00 PM] symbols.folders.associations changed, updating to undefined
[INFO 3:01:00 PM] symbols.files.associations changed, updating to undefined
[INFO 3:01:33 PM] symbols.hidesExplorerArrows changed, updating to false
[INFO 3:01:33 PM] symbols.folders.associations changed, updating to undefined
[INFO 3:01:33 PM] symbols.files.associations changed, updating to undefined
[INFO 3:01:54 PM] symbols.hidesExplorerArrows changed, updating to false
[INFO 3:01:54 PM] symbols.folders.associations changed, updating to undefined
[INFO 3:01:54 PM] symbols.files.associations changed, updating to undefined
[INFO 3:02:22 PM] symbols.hidesExplorerArrows changed, updating to false
[INFO 3:02:22 PM] symbols.folders.associations changed, updating to undefined
[INFO 3:02:22 PM] symbols.files.associations changed, updating to undefined
[INFO 3:03:59 PM] symbols.hidesExplorerArrows changed, updating to false
[INFO 3:03:59 PM] symbols.folders.associations changed, updating to undefined
[INFO 3:03:59 PM] symbols.files.associations changed, updating to undefined
[INFO 3:04:49 PM] symbols.hidesExplorerArrows changed, updating to false
[INFO 3:04:49 PM] symbols.folders.associations changed, updating to undefined
[INFO 3:04:49 PM] symbols.files.associations changed, updating to undefined
[INFO 3:07:02 PM] symbols.hidesExplorerArrows changed, updating to false
[INFO 3:07:02 PM] symbols.folders.associations changed, updating to undefined
[INFO 3:07:02 PM] symbols.files.associations changed, updating to undefined
[INFO 3:07:37 PM] symbols.hidesExplorerArrows changed, updating to false
[INFO 3:07:37 PM] symbols.folders.associations changed, updating to undefined
[INFO 3:07:37 PM] symbols.files.associations changed, updating to undefined
[INFO 3:08:03 PM] symbols.hidesExplorerArrows changed, updating to false
[INFO 3:08:03 PM] symbols.folders.associations changed, updating to undefined
[INFO 3:08:03 PM] symbols.files.associations changed, updating to undefined
[INFO 3:08:05 PM] symbols.hidesExplorerArrows changed, updating to false
[INFO 3:08:05 PM] symbols.folders.associations changed, updating to undefined
[INFO 3:08:05 PM] symbols.files.associations changed, updating to undefined
[INFO 3:08:53 PM] symbols.hidesExplorerArrows changed, updating to false
[INFO 3:08:53 PM] symbols.folders.associations changed, updating to undefined
[INFO 3:08:53 PM] symbols.files.associations changed, updating to undefined
[INFO 3:09:21 PM] symbols.hidesExplorerArrows changed, updating to false
[INFO 3:09:21 PM] symbols.folders.associations changed, updating to undefined
[INFO 3:09:21 PM] symbols.files.associations changed, updating to undefined
[INFO 3:10:01 PM] symbols.hidesExplorerArrows changed, updating to false
[INFO 3:10:01 PM] symbols.folders.associations changed, updating to undefined
[INFO 3:10:01 PM] symbols.files.associations changed, updating to undefined
[INFO 3:10:17 PM] symbols.hidesExplorerArrows changed, updating to false
[INFO 3:10:17 PM] symbols.folders.associations changed, updating to undefined
[INFO 3:10:17 PM] symbols.files.associations changed, updating to undefined
[INFO 3:10:43 PM] symbols.hidesExplorerArrows changed, updating to false
[INFO 3:10:43 PM] symbols.folders.associations changed, updating to undefined
[INFO 3:10:43 PM] symbols.files.associations changed, updating to undefined
[INFO 3:11:00 PM] symbols.hidesExplorerArrows changed, updating to false
[INFO 3:11:00 PM] symbols.folders.associations changed, updating to undefined
[INFO 3:11:00 PM] symbols.files.associations changed, updating to undefined
[INFO 3:12:09 PM] symbols.hidesExplorerArrows changed, updating to false
[INFO 3:12:09 PM] symbols.folders.associations changed, updating to undefined
[INFO 3:12:09 PM] symbols.files.associations changed, updating to undefined
[INFO 3:13:08 PM] symbols.hidesExplorerArrows changed, updating to false
[INFO 3:13:08 PM] symbols.folders.associations changed, updating to undefined
[INFO 3:13:08 PM] symbols.files.associations changed, updating to undefined
[INFO 3:13:52 PM] symbols.hidesExplorerArrows changed, updating to false
[INFO 3:13:52 PM] symbols.folders.associations changed, updating to undefined
[INFO 3:13:52 PM] symbols.files.associations changed, updating to undefined
[INFO 3:14:46 PM] symbols.hidesExplorerArrows changed, updating to false
[INFO 3:14:46 PM] symbols.folders.associations changed, updating to undefined
[INFO 3:14:46 PM] symbols.files.associations changed, updating to undefined
[INFO 3:17:11 PM] symbols.hidesExplorerArrows changed, updating to false
[INFO 3:17:11 PM] symbols.folders.associations changed, updating to undefined
[INFO 3:17:11 PM] symbols.files.associations changed, updating to undefined
[INFO 3:17:12 PM] symbols.hidesExplorerArrows changed, updating to false
[INFO 3:17:12 PM] symbols.folders.associations changed, updating to undefined
[INFO 3:17:12 PM] symbols.files.associations changed, updating to undefined
[INFO 3:17:13 PM] symbols.hidesExplorerArrows changed, updating to false
[INFO 3:17:13 PM] symbols.folders.associations changed, updating to undefined
[INFO 3:17:13 PM] symbols.files.associations changed, updating to undefined
[INFO 3:17:13 PM] symbols.hidesExplorerArrows changed, updating to false
[INFO 3:17:13 PM] symbols.folders.associations changed, updating to undefined
[INFO 3:17:13 PM] symbols.files.associations changed, updating to undefined
[INFO 3:17:14 PM] symbols.hidesExplorerArrows changed, updating to false
[INFO 3:17:14 PM] symbols.folders.associations changed, updating to undefined
[INFO 3:17:14 PM] symbols.files.associations changed, updating to undefined
[INFO 3:17:14 PM] symbols.hidesExplorerArrows changed, updating to false
[INFO 3:17:14 PM] symbols.folders.associations changed, updating to undefined
[INFO 3:17:14 PM] symbols.files.associations changed, updating to undefined
[INFO 3:17:14 PM] symbols.hidesExplorerArrows changed, updating to false
[INFO 3:17:14 PM] symbols.folders.associations changed, updating to undefined
[INFO 3:17:14 PM] symbols.files.associations changed, updating to undefined
[INFO 3:17:15 PM] symbols.hidesExplorerArrows changed, updating to false
[INFO 3:17:15 PM] symbols.folders.associations changed, updating to undefined
[INFO 3:17:15 PM] symbols.files.associations changed, updating to undefined
[INFO 3:17:16 PM] symbols.hidesExplorerArrows changed, updating to false
[INFO 3:17:16 PM] symbols.folders.associations changed, updating to undefined
[INFO 3:17:16 PM] symbols.files.associations changed, updating to undefined
[INFO 3:17:16 PM] symbols.hidesExplorerArrows changed, updating to false
[INFO 3:17:16 PM] symbols.folders.associations changed, updating to undefined
[INFO 3:17:16 PM] symbols.files.associations changed, updating to undefined
[INFO 4:57:57 PM] symbols.hidesExplorerArrows changed, updating to false
[INFO 4:57:57 PM] symbols.folders.associations changed, updating to undefined
[INFO 4:57:57 PM] symbols.files.associations changed, updating to undefined
[INFO 5:01:25 PM] symbols.hidesExplorerArrows changed, updating to false
[INFO 5:01:25 PM] symbols.folders.associations changed, updating to undefined
[INFO 5:01:25 PM] symbols.files.associations changed, updating to undefined
[INFO 5:01:29 PM] symbols.hidesExplorerArrows changed, updating to false
[INFO 5:01:29 PM] symbols.folders.associations changed, updating to undefined
[INFO 5:01:29 PM] symbols.files.associations changed, updating to undefined
[INFO 5:01:31 PM] symbols.hidesExplorerArrows changed, updating to false
[INFO 5:01:31 PM] symbols.folders.associations changed, updating to undefined
[INFO 5:01:31 PM] symbols.files.associations changed, updating to undefined
[INFO 5:08:13 PM] symbols.hidesExplorerArrows changed, updating to false
[INFO 5:08:13 PM] symbols.folders.associations changed, updating to undefined
[INFO 5:08:13 PM] symbols.files.associations changed, updating to undefined
[INFO 5:09:04 PM] symbols.hidesExplorerArrows changed, updating to false
[INFO 5:09:04 PM] symbols.folders.associations changed, updating to undefined
[INFO 5:09:04 PM] symbols.files.associations changed, updating to undefined
[INFO 5:22:29 PM] symbols.hidesExplorerArrows changed, updating to false
[INFO 5:22:29 PM] symbols.folders.associations changed, updating to undefined
[INFO 5:22:29 PM] symbols.files.associations changed, updating to undefined
[INFO 5:23:57 PM] symbols.hidesExplorerArrows changed, updating to false
[INFO 5:23:57 PM] symbols.folders.associations changed, updating to undefined
[INFO 5:23:57 PM] symbols.files.associations changed, updating to undefined
[INFO 5:47:46 PM] symbols.hidesExplorerArrows changed, updating to false
[INFO 5:47:46 PM] symbols.folders.associations changed, updating to undefined
[INFO 5:47:46 PM] symbols.files.associations changed, updating to undefined
[INFO 5:48:02 PM] symbols.hidesExplorerArrows changed, updating to false
[INFO 5:48:02 PM] symbols.folders.associations changed, updating to undefined
[INFO 5:48:02 PM] symbols.files.associations changed, updating to undefined
[INFO 5:48:05 PM] symbols.hidesExplorerArrows changed, updating to false
[INFO 5:48:05 PM] symbols.folders.associations changed, updating to undefined
[INFO 5:48:05 PM] symbols.files.associations changed, updating to undefined
[INFO 5:48:09 PM] symbols.hidesExplorerArrows changed, updating to false
[INFO 5:48:09 PM] symbols.folders.associations changed, updating to undefined
[INFO 5:48:09 PM] symbols.files.associations changed, updating to undefined
[INFO 5:48:12 PM] symbols.hidesExplorerArrows changed, updating to false
[INFO 5:48:12 PM] symbols.folders.associations changed, updating to undefined
[INFO 5:48:12 PM] symbols.files.associations changed, updating to undefined
