2024-11-01 16:51:35.276 [info] Added views:workbench.panel.markers.view in workbench.panel.markers
2024-11-01 16:51:35.276 [info] Added views:workbench.panel.output in workbench.panel.output
2024-11-01 16:51:35.276 [info] Added views:terminal in terminal
2024-11-01 16:51:35.276 [info] Added views:outline in workbench.view.explorer
2024-11-01 16:51:35.276 [info] Added views:workbench.scm in workbench.view.scm
2024-11-01 16:51:35.276 [info] Added views:workbench.view.search in workbench.view.search
2024-11-01 16:51:35.276 [info] Added views:timeline in workbench.view.explorer
2024-11-01 16:51:35.276 [info] Added views:workbench.explorer.emptyView in workbench.view.explorer
2024-11-01 16:51:35.863 [info] Added views:workbench.debug.variablesView,workbench.debug.watchExpressionsView,workbench.debug.callStackView,workbench.debug.breakPointsView in workbench.view.debug
2024-11-01 16:51:35.886 [info] Added views:workbench.panel.repl.view in workbench.panel.repl
2024-11-01 16:51:35.887 [info] Removed views:workbench.debug.breakPointsView,workbench.debug.callStackView,workbench.debug.watchExpressionsView,workbench.debug.variablesView from workbench.view.debug
2024-11-01 16:51:35.888 [info] Added views:workbench.debug.welcome in workbench.view.debug
2024-11-01 16:51:36.089 [info] Added views:~remote.forwardedPorts in ~remote.forwardedPortsContainer
2024-11-01 16:51:51.251 [info] Added views:workbench.panel.markers.view in workbench.panel.markers
2024-11-01 16:51:51.251 [info] Added views:workbench.panel.output in workbench.panel.output
2024-11-01 16:51:51.251 [info] Added views:terminal in terminal
2024-11-01 16:51:51.251 [info] Added views:outline in workbench.view.explorer
2024-11-01 16:51:51.251 [info] Added views:workbench.scm in workbench.view.scm
2024-11-01 16:51:51.251 [info] Added views:workbench.view.search in workbench.view.search
2024-11-01 16:51:51.251 [info] Added views:timeline in workbench.view.explorer
2024-11-01 16:51:51.251 [info] Added views:workbench.explorer.fileView in workbench.view.explorer
2024-11-01 16:51:51.456 [info] Added views:workbench.debug.welcome in workbench.view.debug
2024-11-01 16:51:52.031 [info] Added views:workbench.panel.repl.view in workbench.panel.repl
2024-11-01 16:51:52.570 [info] Added views:~remote.forwardedPorts in ~remote.forwardedPortsContainer
