2024-11-04 12:14:50.426 [info] Added views:workbench.panel.markers.view in workbench.panel.markers
2024-11-04 12:14:50.426 [info] Added views:workbench.panel.output in workbench.panel.output
2024-11-04 12:14:50.426 [info] Added views:terminal in terminal
2024-11-04 12:14:50.426 [info] Added views:outline in workbench.view.explorer
2024-11-04 12:14:50.426 [info] Added views:workbench.scm in workbench.view.scm
2024-11-04 12:14:50.426 [info] Added views:workbench.view.search in workbench.view.search
2024-11-04 12:14:50.426 [info] Added views:timeline in workbench.view.explorer
2024-11-04 12:14:50.426 [info] Added views:workbench.explorer.emptyView in workbench.view.explorer
2024-11-04 12:14:50.981 [info] Added views:workbench.debug.variablesView,workbench.debug.watchExpressionsView,workbench.debug.callStackView,workbench.debug.breakPointsView in workbench.view.debug
2024-11-04 12:14:51.011 [info] Added views:workbench.panel.repl.view in workbench.panel.repl
2024-11-04 12:14:51.011 [info] Removed views:workbench.debug.breakPointsView,workbench.debug.callStackView,workbench.debug.watchExpressionsView,workbench.debug.variablesView from workbench.view.debug
2024-11-04 12:14:51.015 [info] Added views:workbench.debug.welcome in workbench.view.debug
2024-11-04 12:14:51.308 [info] Added views:~remote.forwardedPorts in ~remote.forwardedPortsContainer
2024-11-04 12:15:02.637 [info] Added views:workbench.panel.markers.view in workbench.panel.markers
2024-11-04 12:15:02.637 [info] Added views:workbench.panel.output in workbench.panel.output
2024-11-04 12:15:02.637 [info] Added views:terminal in terminal
2024-11-04 12:15:02.637 [info] Added views:outline in workbench.view.explorer
2024-11-04 12:15:02.637 [info] Added views:workbench.scm in workbench.view.scm
2024-11-04 12:15:02.637 [info] Added views:workbench.view.search in workbench.view.search
2024-11-04 12:15:02.637 [info] Added views:timeline in workbench.view.explorer
2024-11-04 12:15:02.637 [info] Added views:workbench.explorer.fileView in workbench.view.explorer
2024-11-04 12:15:02.842 [info] Added views:workbench.debug.welcome in workbench.view.debug
2024-11-04 12:15:04.086 [info] Added views:workbench.panel.repl.view in workbench.panel.repl
2024-11-04 12:15:07.269 [info] Added views:~remote.forwardedPorts in ~remote.forwardedPortsContainer
2024-11-04 15:12:07.127 [info] Added views:workbench.views.extensions.installed,workbench.views.extensions.popular,extensions.recommendedList in workbench.view.extensions
2024-11-04 15:12:07.135 [info] Removed views:workbench.views.extensions.popular from workbench.view.extensions
2024-11-04 15:12:07.719 [info] Removed views:extensions.recommendedList,workbench.views.extensions.installed from workbench.view.extensions
2024-11-04 15:12:07.727 [info] Added views:workbench.views.extensions.marketplace in workbench.view.extensions
